{
  "C:/Users/1/Desktop/Projects/fit-track/src/components/Button/Button.jsx": {
    "path": "C:/Users/1/Desktop/Projects/fit-track/src/components/Button/Button.jsx",
    "statementMap": {
      "0": {
        "start": {
          "line": 12,
          "column": 2
        },
        "end": {
          "line": 29,
          "column": 4
        }
      }
    },
    "fnMap": {
      "0": {
        "name": "Button",
        "decl": {
          "start": {
            "line": 4,
            "column": 16
          },
          "end": {
            "line": 4,
            "column": 22
          }
        },
        "loc": {
          "start": {
            "line": 11,
            "column": 3
          },
          "end": {
            "line": 30,
            "column": 1
          }
        },
        "line": 11
      }
    },
    "branchMap": {
      "0": {
        "loc": {
          "start": {
            "line": 7,
            "column": 2
          },
          "end": {
            "line": 7,
            "column": 31
          }
        },
        "type": "default-arg",
        "locations": [
          {
            "start": {
              "line": 7,
              "column": 13
            },
            "end": {
              "line": 7,
              "column": 31
            }
          }
        ],
        "line": 7
      },
      "1": {
        "loc": {
          "start": {
            "line": 8,
            "column": 2
          },
          "end": {
            "line": 8,
            "column": 17
          }
        },
        "type": "default-arg",
        "locations": [
          {
            "start": {
              "line": 8,
              "column": 9
            },
            "end": {
              "line": 8,
              "column": 17
            }
          }
        ],
        "line": 8
      },
      "2": {
        "loc": {
          "start": {
            "line": 9,
            "column": 2
          },
          "end": {
            "line": 9,
            "column": 21
          }
        },
        "type": "default-arg",
        "locations": [
          {
            "start": {
              "line": 9,
              "column": 12
            },
            "end": {
              "line": 9,
              "column": 21
            }
          }
        ],
        "line": 9
      },
      "3": {
        "loc": {
          "start": {
            "line": 10,
            "column": 2
          },
          "end": {
            "line": 10,
            "column": 18
          }
        },
        "type": "default-arg",
        "locations": [
          {
            "start": {
              "line": 10,
              "column": 13
            },
            "end": {
              "line": 10,
              "column": 18
            }
          }
        ],
        "line": 10
      }
    },
    "s": {
      "0": 880
    },
    "f": {
      "0": 880
    },
    "b": {
      "0": [
        48
      ],
      "1": [
        230
      ],
      "2": [
        760
      ],
      "3": [
        218
      ]
    },
    "inputSourceMap": {
      "version": 3,
      "sources": [
        "C:/Users/1/Desktop/Projects/fit-track/src/components/Button/Button.jsx"
      ],
      "mappings": "AAYQ;AAZR,OAAO,YAAY;AACnB,OAAO,UAAU;AAEV,gBAAS,OAAO;AAAA,EACnB;AAAA,EACA;AAAA,EACA,WAAW;AAAA,EACX,OAAO;AAAA,EACP,UAAU;AAAA,EACV,WAAW;AACf,GAAG;AACC,SACI;AAAA,IAAC;AAAA;AAAA,MACG;AAAA,MACA;AAAA,MACA;AAAA,MACA,WAAW,KAAK,OAAO,QAAQ,OAAO,OAAO,GAAG,SAAS;AAAA,MAExD;AAAA;AAAA,IANL;AAAA;AAAA;AAAA;AAAA;AAAA;AAAA;AAAA;AAAA,EAOA;AAER;",
      "names": []
    },
    "_coverageSchema": "1a1c01bbd47fc00a2c39e90264f33305004495a9",
    "hash": "da504ddbcc75d19134426f84944bf5951081acf2"
  },
  "C:/Users/1/Desktop/Projects/fit-track/src/components/Footer/Footer.jsx": {
    "path": "C:/Users/1/Desktop/Projects/fit-track/src/components/Footer/Footer.jsx",
    "statementMap": {
      "0": {
        "start": {
          "line": 4,
          "column": 2
        },
        "end": {
          "line": 133,
          "column": 11
        }
      }
    },
    "fnMap": {
      "0": {
        "name": "Footer",
        "decl": {
          "start": {
            "line": 3,
            "column": 16
          },
          "end": {
            "line": 3,
            "column": 22
          }
        },
        "loc": {
          "start": {
            "line": 3,
            "column": 25
          },
          "end": {
            "line": 134,
            "column": 1
          }
        },
        "line": 3
      }
    },
    "branchMap": {},
    "s": {
      "0": 12
    },
    "f": {
      "0": 12
    },
    "b": {},
    "inputSourceMap": {
      "version": 3,
      "sources": [
        "C:/Users/1/Desktop/Projects/fit-track/src/components/Footer/Footer.jsx"
      ],
      "mappings": "AAOoB;AAPpB,OAAO,YAAY;AAEZ,gBAAS,SAAS;AACrB,SACI,uBAAC,YAAO,WAAW,OAAO,QACtB;AAAA,2BAAC,SAAI,WAAW,OAAO,WACnB;AAAA,6BAAC,SAAI,WAAW,OAAO,QACnB;AAAA,+BAAC,QAAG,WAAW,OAAO,MAAM,wBAA5B;AAAA;AAAA;AAAA;AAAA,eAAoC;AAAA,QACpC,uBAAC,OAAE,WAAW,OAAO,aAAa,mHAAlC;AAAA;AAAA;AAAA;AAAA,eAEA;AAAA,WAJJ;AAAA;AAAA;AAAA;AAAA,aAKA;AAAA,MAEA,uBAAC,SAAI,WAAW,OAAO,QACnB;AAAA,+BAAC,QAAG,WAAW,OAAO,OAAO,2BAA7B;AAAA;AAAA;AAAA;AAAA,eAAwC;AAAA,QACxC,uBAAC,QAAG,WAAW,OAAO,OAClB;AAAA,iCAAC,QAAG,iCAAC,OAAE,MAAK,UAAS,wBAAjB;AAAA;AAAA;AAAA;AAAA,iBAAyB,KAA7B;AAAA;AAAA;AAAA;AAAA,iBAAiC;AAAA,UACjC,uBAAC,QAAG,iCAAC,OAAE,MAAK,YAAW,uBAAnB;AAAA;AAAA;AAAA;AAAA,iBAA0B,KAA9B;AAAA;AAAA;AAAA;AAAA,iBAAkC;AAAA,UAClC,uBAAC,QAAG,iCAAC,OAAE,MAAK,YAAW,uBAAnB;AAAA;AAAA;AAAA;AAAA,iBAA0B,KAA9B;AAAA;AAAA;AAAA;AAAA,iBAAkC;AAAA,UAClC,uBAAC,QAAG,iCAAC,OAAE,MAAK,YAAW,uBAAnB;AAAA;AAAA;AAAA;AAAA,iBAA0B,KAA9B;AAAA;AAAA;AAAA;AAAA,iBAAkC;AAAA,aAJtC;AAAA;AAAA;AAAA;AAAA,eAKA;AAAA,WAPJ;AAAA;AAAA;AAAA;AAAA,aAQA;AAAA,MAEA,uBAAC,SAAI,WAAW,OAAO,QACnB;AAAA,+BAAC,QAAG,WAAW,OAAO,OAAO,8BAA7B;AAAA;AAAA;AAAA;AAAA,eAA2C;AAAA,QAC3C,uBAAC,SAAI,WAAW,OAAO,QACnB;AAAA,iCAAC,OAAE,MAAK,KAAI,cAAW,SAAQ,iCAAC,UAAK,WAAW,OAAO,MAAM,kBAA9B;AAAA;AAAA;AAAA;AAAA,iBAAgC,KAA/D;AAAA;AAAA;AAAA;AAAA,iBAAsE;AAAA,UACtE,uBAAC,OAAE,MAAK,KAAI,cAAW,WAAU,iCAAC,UAAK,WAAW,OAAO,MAAM,kBAA9B;AAAA;AAAA;AAAA;AAAA,iBAAgC,KAAjE;AAAA;AAAA;AAAA;AAAA,iBAAwE;AAAA,UACxE,uBAAC,OAAE,MAAK,KAAI,cAAW,aAAY,iCAAC,UAAK,WAAW,OAAO,MAAM,kBAA9B;AAAA;AAAA;AAAA;AAAA,iBAAgC,KAAnE;AAAA;AAAA;AAAA;AAAA,iBAA0E;AAAA,aAH9E;AAAA;AAAA;AAAA;AAAA,eAIA;AAAA,WANJ;AAAA;AAAA;AAAA;AAAA,aAOA;AAAA,SAzBJ;AAAA;AAAA;AAAA;AAAA,WA0BA;AAAA,IAEA,uBAAC,SAAI,WAAW,OAAO,WAAW,qDAAlC;AAAA;AAAA;AAAA;AAAA,WAEA;AAAA,OA/BJ;AAAA;AAAA;AAAA;AAAA,SAgCA;AAER;",
      "names": []
    },
    "_coverageSchema": "1a1c01bbd47fc00a2c39e90264f33305004495a9",
    "hash": "77b5469da8ea8bce9f1f2dda0c1cba1fe462053b"
  },
  "C:/Users/1/Desktop/Projects/fit-track/src/api/client.js": {
    "path": "C:/Users/1/Desktop/Projects/fit-track/src/api/client.js",
    "statementMap": {
      "0": {
        "start": {
          "line": 1,
          "column": 16
        },
        "end": {
          "line": 1,
          "column": 43
        }
      },
      "1": {
        "start": {
          "line": 5,
          "column": 4
        },
        "end": {
          "line": 5,
          "column": 27
        }
      },
      "2": {
        "start": {
          "line": 9,
          "column": 4
        },
        "end": {
          "line": 9,
          "column": 41
        }
      },
      "3": {
        "start": {
          "line": 12,
          "column": 4
        },
        "end": {
          "line": 12,
          "column": 41
        }
      },
      "4": {
        "start": {
          "line": 15,
          "column": 4
        },
        "end": {
          "line": 15,
          "column": 37
        }
      },
      "5": {
        "start": {
          "line": 18,
          "column": 4
        },
        "end": {
          "line": 18,
          "column": 41
        }
      },
      "6": {
        "start": {
          "line": 21,
          "column": 4
        },
        "end": {
          "line": 21,
          "column": 23
        }
      },
      "7": {
        "start": {
          "line": 25,
          "column": 18
        },
        "end": {
          "line": 25,
          "column": 33
        }
      },
      "8": {
        "start": {
          "line": 26,
          "column": 20
        },
        "end": {
          "line": 26,
          "column": 78
        }
      },
      "9": {
        "start": {
          "line": 28,
          "column": 4
        },
        "end": {
          "line": 30,
          "column": 5
        }
      },
      "10": {
        "start": {
          "line": 29,
          "column": 6
        },
        "end": {
          "line": 29,
          "column": 51
        }
      },
      "11": {
        "start": {
          "line": 32,
          "column": 19
        },
        "end": {
          "line": 32,
          "column": 42
        }
      },
      "12": {
        "start": {
          "line": 34,
          "column": 21
        },
        "end": {
          "line": 34,
          "column": 70
        }
      },
      "13": {
        "start": {
          "line": 35,
          "column": 17
        },
        "end": {
          "line": 35,
          "column": 38
        }
      },
      "14": {
        "start": {
          "line": 37,
          "column": 4
        },
        "end": {
          "line": 39,
          "column": 5
        }
      },
      "15": {
        "start": {
          "line": 38,
          "column": 6
        },
        "end": {
          "line": 38,
          "column": 60
        }
      },
      "16": {
        "start": {
          "line": 40,
          "column": 4
        },
        "end": {
          "line": 40,
          "column": 16
        }
      },
      "17": {
        "start": {
          "line": 44,
          "column": 17
        },
        "end": {
          "line": 47,
          "column": 6
        }
      },
      "18": {
        "start": {
          "line": 48,
          "column": 4
        },
        "end": {
          "line": 48,
          "column": 46
        }
      },
      "19": {
        "start": {
          "line": 48,
          "column": 20
        },
        "end": {
          "line": 48,
          "column": 46
        }
      },
      "20": {
        "start": {
          "line": 49,
          "column": 4
        },
        "end": {
          "line": 49,
          "column": 16
        }
      },
      "21": {
        "start": {
          "line": 53,
          "column": 17
        },
        "end": {
          "line": 56,
          "column": 6
        }
      },
      "22": {
        "start": {
          "line": 57,
          "column": 4
        },
        "end": {
          "line": 57,
          "column": 46
        }
      },
      "23": {
        "start": {
          "line": 57,
          "column": 20
        },
        "end": {
          "line": 57,
          "column": 46
        }
      },
      "24": {
        "start": {
          "line": 58,
          "column": 4
        },
        "end": {
          "line": 58,
          "column": 16
        }
      },
      "25": {
        "start": {
          "line": 62,
          "column": 23
        },
        "end": {
          "line": 62,
          "column": 44
        }
      },
      "26": {
        "start": {
          "line": 63,
          "column": 4
        },
        "end": {
          "line": 63,
          "column": 63
        }
      },
      "27": {
        "start": {
          "line": 67,
          "column": 24
        },
        "end": {
          "line": 67,
          "column": 62
        }
      },
      "28": {
        "start": {
          "line": 68,
          "column": 4
        },
        "end": {
          "line": 68,
          "column": 73
        }
      },
      "29": {
        "start": {
          "line": 72,
          "column": 20
        },
        "end": {
          "line": 78,
          "column": 5
        }
      },
      "30": {
        "start": {
          "line": 80,
          "column": 4
        },
        "end": {
          "line": 83,
          "column": 7
        }
      },
      "31": {
        "start": {
          "line": 87,
          "column": 4
        },
        "end": {
          "line": 89,
          "column": 7
        }
      },
      "32": {
        "start": {
          "line": 93,
          "column": 25
        },
        "end": {
          "line": 93,
          "column": 40
        }
      }
    },
    "fnMap": {
      "0": {
        "name": "(anonymous_0)",
        "decl": {
          "start": {
            "line": 4,
            "column": 2
          },
          "end": {
            "line": 4,
            "column": 3
          }
        },
        "loc": {
          "start": {
            "line": 4,
            "column": 16
          },
          "end": {
            "line": 6,
            "column": 3
          }
        },
        "line": 4
      },
      "1": {
        "name": "(anonymous_1)",
        "decl": {
          "start": {
            "line": 8,
            "column": 2
          },
          "end": {
            "line": 8,
            "column": 3
          }
        },
        "loc": {
          "start": {
            "line": 8,
            "column": 13
          },
          "end": {
            "line": 10,
            "column": 3
          }
        },
        "line": 8
      },
      "2": {
        "name": "(anonymous_2)",
        "decl": {
          "start": {
            "line": 11,
            "column": 2
          },
          "end": {
            "line": 11,
            "column": 3
          }
        },
        "loc": {
          "start": {
            "line": 11,
            "column": 18
          },
          "end": {
            "line": 13,
            "column": 3
          }
        },
        "line": 11
      },
      "3": {
        "name": "(anonymous_3)",
        "decl": {
          "start": {
            "line": 14,
            "column": 2
          },
          "end": {
            "line": 14,
            "column": 3
          }
        },
        "loc": {
          "start": {
            "line": 14,
            "column": 16
          },
          "end": {
            "line": 16,
            "column": 3
          }
        },
        "line": 14
      },
      "4": {
        "name": "(anonymous_4)",
        "decl": {
          "start": {
            "line": 17,
            "column": 2
          },
          "end": {
            "line": 17,
            "column": 3
          }
        },
        "loc": {
          "start": {
            "line": 17,
            "column": 15
          },
          "end": {
            "line": 19,
            "column": 3
          }
        },
        "line": 17
      },
      "5": {
        "name": "(anonymous_5)",
        "decl": {
          "start": {
            "line": 20,
            "column": 2
          },
          "end": {
            "line": 20,
            "column": 3
          }
        },
        "loc": {
          "start": {
            "line": 20,
            "column": 11
          },
          "end": {
            "line": 22,
            "column": 3
          }
        },
        "line": 20
      },
      "6": {
        "name": "(anonymous_6)",
        "decl": {
          "start": {
            "line": 24,
            "column": 2
          },
          "end": {
            "line": 24,
            "column": 3
          }
        },
        "loc": {
          "start": {
            "line": 24,
            "column": 40
          },
          "end": {
            "line": 41,
            "column": 3
          }
        },
        "line": 24
      },
      "7": {
        "name": "(anonymous_7)",
        "decl": {
          "start": {
            "line": 43,
            "column": 2
          },
          "end": {
            "line": 43,
            "column": 3
          }
        },
        "loc": {
          "start": {
            "line": 43,
            "column": 34
          },
          "end": {
            "line": 50,
            "column": 3
          }
        },
        "line": 43
      },
      "8": {
        "name": "(anonymous_8)",
        "decl": {
          "start": {
            "line": 52,
            "column": 2
          },
          "end": {
            "line": 52,
            "column": 3
          }
        },
        "loc": {
          "start": {
            "line": 52,
            "column": 31
          },
          "end": {
            "line": 59,
            "column": 3
          }
        },
        "line": 52
      },
      "9": {
        "name": "(anonymous_9)",
        "decl": {
          "start": {
            "line": 61,
            "column": 2
          },
          "end": {
            "line": 61,
            "column": 3
          }
        },
        "loc": {
          "start": {
            "line": 61,
            "column": 50
          },
          "end": {
            "line": 64,
            "column": 3
          }
        },
        "line": 61
      },
      "10": {
        "name": "(anonymous_10)",
        "decl": {
          "start": {
            "line": 66,
            "column": 2
          },
          "end": {
            "line": 66,
            "column": 3
          }
        },
        "loc": {
          "start": {
            "line": 66,
            "column": 30
          },
          "end": {
            "line": 69,
            "column": 3
          }
        },
        "line": 66
      },
      "11": {
        "name": "(anonymous_11)",
        "decl": {
          "start": {
            "line": 71,
            "column": 2
          },
          "end": {
            "line": 71,
            "column": 3
          }
        },
        "loc": {
          "start": {
            "line": 71,
            "column": 25
          },
          "end": {
            "line": 84,
            "column": 3
          }
        },
        "line": 71
      },
      "12": {
        "name": "(anonymous_12)",
        "decl": {
          "start": {
            "line": 86,
            "column": 2
          },
          "end": {
            "line": 86,
            "column": 3
          }
        },
        "loc": {
          "start": {
            "line": 86,
            "column": 23
          },
          "end": {
            "line": 90,
            "column": 3
          }
        },
        "line": 86
      }
    },
    "branchMap": {
      "0": {
        "loc": {
          "start": {
            "line": 24,
            "column": 26
          },
          "end": {
            "line": 24,
            "column": 38
          }
        },
        "type": "default-arg",
        "locations": [
          {
            "start": {
              "line": 24,
              "column": 36
            },
            "end": {
              "line": 24,
              "column": 38
            }
          }
        ],
        "line": 24
      },
      "1": {
        "loc": {
          "start": {
            "line": 28,
            "column": 4
          },
          "end": {
            "line": 30,
            "column": 5
          }
        },
        "type": "if",
        "locations": [
          {
            "start": {
              "line": 28,
              "column": 4
            },
            "end": {
              "line": 30,
              "column": 5
            }
          },
          {
            "start": {},
            "end": {}
          }
        ],
        "line": 28
      },
      "2": {
        "loc": {
          "start": {
            "line": 37,
            "column": 4
          },
          "end": {
            "line": 39,
            "column": 5
          }
        },
        "type": "if",
        "locations": [
          {
            "start": {
              "line": 37,
              "column": 4
            },
            "end": {
              "line": 39,
              "column": 5
            }
          },
          {
            "start": {},
            "end": {}
          }
        ],
        "line": 37
      },
      "3": {
        "loc": {
          "start": {
            "line": 38,
            "column": 22
          },
          "end": {
            "line": 38,
            "column": 58
          }
        },
        "type": "binary-expr",
        "locations": [
          {
            "start": {
              "line": 38,
              "column": 22
            },
            "end": {
              "line": 38,
              "column": 32
            }
          },
          {
            "start": {
              "line": 38,
              "column": 36
            },
            "end": {
              "line": 38,
              "column": 58
            }
          }
        ],
        "line": 38
      },
      "4": {
        "loc": {
          "start": {
            "line": 48,
            "column": 4
          },
          "end": {
            "line": 48,
            "column": 46
          }
        },
        "type": "if",
        "locations": [
          {
            "start": {
              "line": 48,
              "column": 4
            },
            "end": {
              "line": 48,
              "column": 46
            }
          },
          {
            "start": {},
            "end": {}
          }
        ],
        "line": 48
      },
      "5": {
        "loc": {
          "start": {
            "line": 57,
            "column": 4
          },
          "end": {
            "line": 57,
            "column": 46
          }
        },
        "type": "if",
        "locations": [
          {
            "start": {
              "line": 57,
              "column": 4
            },
            "end": {
              "line": 57,
              "column": 46
            }
          },
          {
            "start": {},
            "end": {}
          }
        ],
        "line": 57
      },
      "6": {
        "loc": {
          "start": {
            "line": 61,
            "column": 20
          },
          "end": {
            "line": 61,
            "column": 36
          }
        },
        "type": "default-arg",
        "locations": [
          {
            "start": {
              "line": 61,
              "column": 31
            },
            "end": {
              "line": 61,
              "column": 36
            }
          }
        ],
        "line": 61
      },
      "7": {
        "loc": {
          "start": {
            "line": 61,
            "column": 38
          },
          "end": {
            "line": 61,
            "column": 48
          }
        },
        "type": "default-arg",
        "locations": [
          {
            "start": {
              "line": 61,
              "column": 46
            },
            "end": {
              "line": 61,
              "column": 48
            }
          }
        ],
        "line": 61
      },
      "8": {
        "loc": {
          "start": {
            "line": 62,
            "column": 23
          },
          "end": {
            "line": 62,
            "column": 44
          }
        },
        "type": "binary-expr",
        "locations": [
          {
            "start": {
              "line": 62,
              "column": 23
            },
            "end": {
              "line": 62,
              "column": 35
            }
          },
          {
            "start": {
              "line": 62,
              "column": 39
            },
            "end": {
              "line": 62,
              "column": 44
            }
          }
        ],
        "line": 62
      },
      "9": {
        "loc": {
          "start": {
            "line": 66,
            "column": 17
          },
          "end": {
            "line": 66,
            "column": 28
          }
        },
        "type": "default-arg",
        "locations": [
          {
            "start": {
              "line": 66,
              "column": 26
            },
            "end": {
              "line": 66,
              "column": 28
            }
          }
        ],
        "line": 66
      },
      "10": {
        "loc": {
          "start": {
            "line": 68,
            "column": 33
          },
          "end": {
            "line": 68,
            "column": 69
          }
        },
        "type": "cond-expr",
        "locations": [
          {
            "start": {
              "line": 68,
              "column": 47
            },
            "end": {
              "line": 68,
              "column": 64
            }
          },
          {
            "start": {
              "line": 68,
              "column": 67
            },
            "end": {
              "line": 68,
              "column": 69
            }
          }
        ],
        "line": 68
      }
    },
    "s": {
      "0": 71,
      "1": 71,
      "2": 71,
      "3": 0,
      "4": 0,
      "5": 0,
      "6": 0,
      "7": 0,
      "8": 0,
      "9": 0,
      "10": 0,
      "11": 0,
      "12": 0,
      "13": 0,
      "14": 0,
      "15": 0,
      "16": 0,
      "17": 0,
      "18": 0,
      "19": 0,
      "20": 0,
      "21": 0,
      "22": 0,
      "23": 0,
      "24": 0,
      "25": 0,
      "26": 0,
      "27": 0,
      "28": 0,
      "29": 0,
      "30": 0,
      "31": 0,
      "32": 71
    },
    "f": {
      "0": 71,
      "1": 71,
      "2": 0,
      "3": 0,
      "4": 0,
      "5": 0,
      "6": 0,
      "7": 0,
      "8": 0,
      "9": 0,
      "10": 0,
      "11": 0,
      "12": 0
    },
    "b": {
      "0": [
        0
      ],
      "1": [
        0,
        0
      ],
      "2": [
        0,
        0
      ],
      "3": [
        0,
        0
      ],
      "4": [
        0,
        0
      ],
      "5": [
        0,
        0
      ],
      "6": [
        0
      ],
      "7": [
        0
      ],
      "8": [
        0,
        0
      ],
      "9": [
        0
      ],
      "10": [
        0,
        0
      ]
    },
    "inputSourceMap": {
      "version": 3,
      "sources": [
        "C:/Users/1/Desktop/Projects/fit-track/src/api/client.js"
      ],
      "names": [],
      "mappings": "AAAA,KAAK,CAAC,OAAO,CAAC,CAAC,CAAC,CAAC,IAAI,CAAC,CAAC,CAAC,SAAS,CAAC,IAAI,CAAC,GAAG,CAAC;;AAE3C,KAAK,CAAC,SAAS,CAAC;AAChB,CAAC,CAAC,WAAW,CAAC,CAAC,CAAC;AAChB,CAAC,CAAC,CAAC,CAAC,IAAI,CAAC,OAAO,CAAC,CAAC,CAAC,OAAO;AAC1B,CAAC,CAAC;;AAEF,CAAC,CAAC,QAAQ,CAAC,CAAC,CAAC;AACb,CAAC,CAAC,CAAC,CAAC,MAAM,CAAC,YAAY,CAAC,OAAO,CAAC,CAAC,KAAK,CAAC,CAAC;AACxC,CAAC,CAAC;AACF,CAAC,CAAC,QAAQ,CAAC,KAAK,CAAC,CAAC;AAClB,CAAC,CAAC,CAAC,CAAC,YAAY,CAAC,OAAO,CAAC,CAAC,KAAK,CAAC,CAAC,CAAC,KAAK,CAAC;AACxC,CAAC,CAAC;AACF,CAAC,CAAC,WAAW,CAAC,CAAC,CAAC;AAChB,CAAC,CAAC,CAAC,CAAC,YAAY,CAAC,UAAU,CAAC,CAAC,KAAK,CAAC,CAAC;AACpC,CAAC,CAAC;AACF,CAAC,CAAC,UAAU,CAAC,CAAC,CAAC;AACf,CAAC,CAAC,CAAC,CAAC,MAAM,CAAC,IAAI,CAAC,OAAO,CAAC,CAAC,CAAC,IAAI,CAAC,OAAO,CAAC,CAAC;AACxC,CAAC,CAAC;AACF,CAAC,CAAC,MAAM,CAAC,CAAC,CAAC;AACX,CAAC,CAAC,CAAC,CAAC,IAAI,CAAC,WAAW,CAAC,CAAC;AACtB,CAAC,CAAC;;AAEF,CAAC,CAAC,KAAK,CAAC,OAAO,CAAC,QAAQ,CAAC,CAAC,OAAO,CAAC,CAAC,CAAC,CAAC,CAAC,CAAC,CAAC;AACxC,CAAC,CAAC,CAAC,CAAC,KAAK,CAAC,KAAK,CAAC,CAAC,CAAC,IAAI,CAAC,QAAQ,CAAC,CAAC;AACjC,CAAC,CAAC,CAAC,CAAC,KAAK,CAAC,OAAO,CAAC,CAAC,CAAC,CAAC,CAAC,CAAC,OAAO,CAAC,IAAI,CAAC,CAAC,CAAC,CAAC,WAAW,CAAC,IAAI,CAAC,CAAC,CAAC,CAAC,CAAC,CAAC,OAAO,CAAC,OAAO,CAAC,CAAC;;AAE9E,CAAC,CAAC,CAAC,CAAC,EAAE,CAAC,CAAC,KAAK,CAAC,CAAC;AACf,CAAC,CAAC,CAAC,CAAC,CAAC,CAAC,OAAO,CAAC,CAAC,aAAa,CAAC,CAAC,CAAC,CAAC,CAAC,CAAC,MAAM,CAAC,CAAC,CAAC,KAAK,CAAC,CAAC;AAClD,CAAC,CAAC,CAAC,CAAC;;AAEJ,CAAC,CAAC,CAAC,CAAC,KAAK,CAAC,MAAM,CAAC,CAAC,CAAC,CAAC,CAAC,CAAC,CAAC,CAAC,OAAO,CAAC,CAAC,OAAO,CAAC,CAAC;;AAE1C,CAAC,CAAC,CAAC,CAAC,KAAK,CAAC,QAAQ,CAAC,CAAC,CAAC,KAAK,CAAC,KAAK,CAAC,CAAC,CAAC,CAAC,IAAI,CAAC,OAAO,CAAC,CAAC,CAAC,QAAQ,CAAC,CAAC,CAAC,CAAC,MAAM,CAAC;AACtE,CAAC,CAAC,CAAC,CAAC,KAAK,CAAC,IAAI,CAAC,CAAC,CAAC,KAAK,CAAC,QAAQ,CAAC,IAAI,CAAC,CAAC;;AAEtC,CAAC,CAAC,CAAC,CAAC,EAAE,CAAC,CAAC,CAAC,QAAQ,CAAC,EAAE,CAAC,CAAC;AACtB,CAAC,CAAC,CAAC,CAAC,CAAC,CAAC,KAAK,CAAC,GAAG,CAAC,KAAK,CAAC,IAAI,CAAC,KAAK,CAAC,CAAC,CAAC,CAAC,CAAC,SAAS,CAAC,IAAI,CAAC,KAAK,CAAC,CAAC;AAC3D,CAAC,CAAC,CAAC,CAAC;AACJ,CAAC,CAAC,CAAC,CAAC,MAAM,CAAC,IAAI;AACf,CAAC,CAAC;;AAEF,CAAC,CAAC,KAAK,CAAC,QAAQ,CAAC,KAAK,CAAC,CAAC,QAAQ,CAAC,CAAC;AAClC,CAAC,CAAC,CAAC,CAAC,KAAK,CAAC,IAAI,CAAC,CAAC,CAAC,KAAK,CAAC,IAAI,CAAC,OAAO,CAAC,CAAC,CAAC,IAAI,CAAC,QAAQ,CAAC,CAAC,CAAC;AACtD,CAAC,CAAC,CAAC,CAAC,CAAC,CAAC,MAAM,CAAC,CAAC,CAAC,IAAI,CAAC;AACpB,CAAC,CAAC,CAAC,CAAC,CAAC,CAAC,IAAI,CAAC,CAAC,IAAI,CAAC,SAAS,CAAC,CAAC,CAAC,KAAK,CAAC,CAAC,QAAQ,CAAC,CAAC,CAAC;AAC/C,CAAC,CAAC,CAAC,CAAC,CAAC,CAAC;AACN,CAAC,CAAC,CAAC,CAAC,EAAE,CAAC,CAAC,IAAI,CAAC,KAAK,CAAC,CAAC,IAAI,CAAC,QAAQ,CAAC,IAAI,CAAC,KAAK,CAAC;AAC7C,CAAC,CAAC,CAAC,CAAC,MAAM,CAAC,IAAI;AACf,CAAC,CAAC;;AAEF,CAAC,CAAC,KAAK,CAAC,KAAK,CAAC,KAAK,CAAC,CAAC,QAAQ,CAAC,CAAC;AAC/B,CAAC,CAAC,CAAC,CAAC,KAAK,CAAC,IAAI,CAAC,CAAC,CAAC,KAAK,CAAC,IAAI,CAAC,OAAO,CAAC,CAAC,CAAC,IAAI,CAAC,KAAK,CAAC,CAAC,CAAC;AACnD,CAAC,CAAC,CAAC,CAAC,CAAC,CAAC,MAAM,CAAC,CAAC,CAAC,IAAI,CAAC;AACpB,CAAC,CAAC,CAAC,CAAC,CAAC,CAAC,IAAI,CAAC,CAAC,IAAI,CAAC,SAAS,CAAC,CAAC,CAAC,KAAK,CAAC,CAAC,QAAQ,CAAC,CAAC,CAAC;AAC/C,CAAC,CAAC,CAAC,CAAC,CAAC,CAAC;AACN,CAAC,CAAC,CAAC,CAAC,EAAE,CAAC,CAAC,IAAI,CAAC,KAAK,CAAC,CAAC,IAAI,CAAC,QAAQ,CAAC,IAAI,CAAC,KAAK,CAAC;AAC7C,CAAC,CAAC,CAAC,CAAC,MAAM,CAAC,IAAI;AACf,CAAC,CAAC;;AAEF,CAAC,CAAC,KAAK,CAAC,WAAW,CAAC,QAAQ,CAAC,CAAC,CAAC,CAAC,GAAG,CAAC,CAAC,CAAC,KAAK,CAAC,CAAC,CAAC,CAAC,CAAC,CAAC,CAAC;AAClD,CAAC,CAAC,CAAC,CAAC,KAAK,CAAC,UAAU,CAAC,CAAC,CAAC,KAAK,CAAC,IAAI,CAAC,CAAC,CAAC,CAAC,CAAC,CAAC,CAAC,GAAG,CAAC;AAC5C,CAAC,CAAC,CAAC,CAAC,MAAM,CAAC,IAAI,CAAC,OAAO,CAAC,CAAC,CAAC,QAAQ,CAAC,CAAC,CAAC,QAAQ,CAAC,CAAC,CAAC,CAAC,UAAU,CAAC,CAAC,CAAC;AAC9D,CAAC,CAAC;;AAEF,CAAC,CAAC,KAAK,CAAC,QAAQ,CAAC,MAAM,CAAC,CAAC,CAAC,CAAC,CAAC,CAAC,CAAC;AAC9B,CAAC,CAAC,CAAC,CAAC,KAAK,CAAC,WAAW,CAAC,CAAC,CAAC,GAAG,CAAC,eAAe,CAAC,MAAM,CAAC,CAAC,QAAQ,CAAC,CAAC;AAC9D,CAAC,CAAC,CAAC,CAAC,MAAM,CAAC,IAAI,CAAC,OAAO,CAAC,CAAC,CAAC,KAAK,CAAC,CAAC,WAAW,CAAC,CAAC,CAAC,CAAC,CAAC,CAAC,CAAC,WAAW,CAAC,CAAC,CAAC,CAAC,CAAC,CAAC,CAAC,CAAC,CAAC,CAAC;AACxE,CAAC,CAAC;;AAEF,CAAC,CAAC,KAAK,CAAC,UAAU,CAAC,IAAI,CAAC,CAAC;AACzB,CAAC,CAAC,CAAC,CAAC,KAAK,CAAC,OAAO,CAAC,CAAC,CAAC;AACpB,CAAC,CAAC,CAAC,CAAC,CAAC,CAAC,WAAW,CAAC,CAAC,IAAI,CAAC,IAAI;AAC5B,CAAC,CAAC,CAAC,CAAC,CAAC,CAAC,WAAW,CAAC,CAAC,IAAI,CAAC,IAAI;AAC5B,CAAC,CAAC,CAAC,CAAC,CAAC,CAAC,QAAQ,CAAC,CAAC,IAAI,CAAC,QAAQ;AAC7B,CAAC,CAAC,CAAC,CAAC,CAAC,CAAC,KAAK,CAAC,CAAC,IAAI,CAAC,KAAK;AACvB,CAAC,CAAC,CAAC,CAAC,CAAC,CAAC,GAAG,CAAC,CAAC,IAAI,CAAC,GAAG;AACnB,CAAC,CAAC,CAAC,CAAC,CAAC;;AAEL,CAAC,CAAC,CAAC,CAAC,MAAM,CAAC,IAAI,CAAC,OAAO,CAAC,CAAC,CAAC,KAAK,CAAC,CAAC,CAAC;AAClC,CAAC,CAAC,CAAC,CAAC,CAAC,CAAC,MAAM,CAAC,CAAC,CAAC,IAAI,CAAC;AACpB,CAAC,CAAC,CAAC,CAAC,CAAC,CAAC,IAAI,CAAC,CAAC,IAAI,CAAC,SAAS,CAAC,OAAO,CAAC;AACnC,CAAC,CAAC,CAAC,CAAC,CAAC,CAAC;AACN,CAAC,CAAC;;AAEF,CAAC,CAAC,KAAK,CAAC,UAAU,CAAC,EAAE,CAAC,CAAC;AACvB,CAAC,CAAC,CAAC,CAAC,MAAM,CAAC,IAAI,CAAC,OAAO,CAAC,CAAC,CAAC,KAAK,CAAC,CAAC,CAAC,EAAE,CAAC,CAAC,CAAC,CAAC;AACxC,CAAC,CAAC,CAAC,CAAC,CAAC,CAAC,MAAM,CAAC,CAAC,CAAC,MAAM,CAAC;AACtB,CAAC,CAAC,CAAC,CAAC,CAAC,CAAC;AACN,CAAC,CAAC;AACF;;AAEA,MAAM,CAAC,KAAK,CAAC,SAAS,CAAC,CAAC,CAAC,GAAG,CAAC,SAAS,CAAC,CAAC;"
    },
    "_coverageSchema": "1a1c01bbd47fc00a2c39e90264f33305004495a9",
    "hash": "bea0a65b43afa47dfa19a892e504459a14a77dfa"
  },
  "C:/Users/1/Desktop/Projects/fit-track/src/hooks/useAuth.js": {
    "path": "C:/Users/1/Desktop/Projects/fit-track/src/hooks/useAuth.js",
    "statementMap": {
      "0": {
        "start": {
          "line": 4,
          "column": 17
        },
        "end": {
          "line": 4,
          "column": 21
        }
      },
      "1": {
        "start": {
          "line": 5,
          "column": 20
        },
        "end": {
          "line": 5,
          "column": 24
        }
      },
      "2": {
        "start": {
          "line": 6,
          "column": 18
        },
        "end": {
          "line": 6,
          "column": 27
        }
      },
      "3": {
        "start": {
          "line": 8,
          "column": 24
        },
        "end": {
          "line": 10,
          "column": 1
        }
      },
      "4": {
        "start": {
          "line": 9,
          "column": 2
        },
        "end": {
          "line": 9,
          "column": 46
        }
      },
      "5": {
        "start": {
          "line": 9,
          "column": 34
        },
        "end": {
          "line": 9,
          "column": 44
        }
      },
      "6": {
        "start": {
          "line": 11,
          "column": 22
        },
        "end": {
          "line": 14,
          "column": 1
        }
      },
      "7": {
        "start": {
          "line": 12,
          "column": 2
        },
        "end": {
          "line": 12,
          "column": 20
        }
      },
      "8": {
        "start": {
          "line": 13,
          "column": 2
        },
        "end": {
          "line": 13,
          "column": 20
        }
      },
      "9": {
        "start": {
          "line": 16,
          "column": 0
        },
        "end": {
          "line": 29,
          "column": 5
        }
      },
      "10": {
        "start": {
          "line": 17,
          "column": 2
        },
        "end": {
          "line": 28,
          "column": 3
        }
      },
      "11": {
        "start": {
          "line": 18,
          "column": 4
        },
        "end": {
          "line": 21,
          "column": 5
        }
      },
      "12": {
        "start": {
          "line": 19,
          "column": 19
        },
        "end": {
          "line": 19,
          "column": 47
        }
      },
      "13": {
        "start": {
          "line": 20,
          "column": 6
        },
        "end": {
          "line": 20,
          "column": 24
        }
      },
      "14": {
        "start": {
          "line": 23,
          "column": 4
        },
        "end": {
          "line": 23,
          "column": 47
        }
      },
      "15": {
        "start": {
          "line": 24,
          "column": 4
        },
        "end": {
          "line": 24,
          "column": 28
        }
      },
      "16": {
        "start": {
          "line": 26,
          "column": 4
        },
        "end": {
          "line": 26,
          "column": 26
        }
      },
      "17": {
        "start": {
          "line": 27,
          "column": 4
        },
        "end": {
          "line": 27,
          "column": 22
        }
      },
      "18": {
        "start": {
          "line": 32,
          "column": 26
        },
        "end": {
          "line": 32,
          "column": 46
        }
      },
      "19": {
        "start": {
          "line": 33,
          "column": 32
        },
        "end": {
          "line": 33,
          "column": 55
        }
      },
      "20": {
        "start": {
          "line": 35,
          "column": 2
        },
        "end": {
          "line": 43,
          "column": 9
        }
      },
      "21": {
        "start": {
          "line": 36,
          "column": 21
        },
        "end": {
          "line": 39,
          "column": 5
        }
      },
      "22": {
        "start": {
          "line": 37,
          "column": 6
        },
        "end": {
          "line": 37,
          "column": 26
        }
      },
      "23": {
        "start": {
          "line": 38,
          "column": 6
        },
        "end": {
          "line": 38,
          "column": 32
        }
      },
      "24": {
        "start": {
          "line": 41,
          "column": 4
        },
        "end": {
          "line": 41,
          "column": 28
        }
      },
      "25": {
        "start": {
          "line": 42,
          "column": 4
        },
        "end": {
          "line": 42,
          "column": 44
        }
      },
      "26": {
        "start": {
          "line": 42,
          "column": 17
        },
        "end": {
          "line": 42,
          "column": 43
        }
      },
      "27": {
        "start": {
          "line": 45,
          "column": 19
        },
        "end": {
          "line": 53,
          "column": 3
        }
      },
      "28": {
        "start": {
          "line": 46,
          "column": 4
        },
        "end": {
          "line": 52,
          "column": 5
        }
      },
      "29": {
        "start": {
          "line": 47,
          "column": 19
        },
        "end": {
          "line": 47,
          "column": 60
        }
      },
      "30": {
        "start": {
          "line": 48,
          "column": 6
        },
        "end": {
          "line": 48,
          "column": 31
        }
      },
      "31": {
        "start": {
          "line": 49,
          "column": 6
        },
        "end": {
          "line": 49,
          "column": 37
        }
      },
      "32": {
        "start": {
          "line": 51,
          "column": 6
        },
        "end": {
          "line": 51,
          "column": 54
        }
      },
      "33": {
        "start": {
          "line": 55,
          "column": 16
        },
        "end": {
          "line": 63,
          "column": 3
        }
      },
      "34": {
        "start": {
          "line": 56,
          "column": 4
        },
        "end": {
          "line": 62,
          "column": 5
        }
      },
      "35": {
        "start": {
          "line": 57,
          "column": 19
        },
        "end": {
          "line": 57,
          "column": 57
        }
      },
      "36": {
        "start": {
          "line": 58,
          "column": 6
        },
        "end": {
          "line": 58,
          "column": 31
        }
      },
      "37": {
        "start": {
          "line": 59,
          "column": 6
        },
        "end": {
          "line": 59,
          "column": 37
        }
      },
      "38": {
        "start": {
          "line": 61,
          "column": 6
        },
        "end": {
          "line": 61,
          "column": 54
        }
      },
      "39": {
        "start": {
          "line": 65,
          "column": 17
        },
        "end": {
          "line": 68,
          "column": 3
        }
      },
      "40": {
        "start": {
          "line": 66,
          "column": 4
        },
        "end": {
          "line": 66,
          "column": 23
        }
      },
      "41": {
        "start": {
          "line": 67,
          "column": 4
        },
        "end": {
          "line": 67,
          "column": 24
        }
      },
      "42": {
        "start": {
          "line": 70,
          "column": 2
        },
        "end": {
          "line": 70,
          "column": 52
        }
      },
      "43": {
        "start": {
          "line": 7,
          "column": 15
        },
        "end": {
          "line": 7,
          "column": 19
        }
      },
      "44": {
        "start": {
          "line": 9,
          "column": 24
        },
        "end": {
          "line": 11,
          "column": 1
        }
      },
      "45": {
        "start": {
          "line": 10,
          "column": 2
        },
        "end": {
          "line": 10,
          "column": 46
        }
      },
      "46": {
        "start": {
          "line": 10,
          "column": 34
        },
        "end": {
          "line": 10,
          "column": 44
        }
      },
      "47": {
        "start": {
          "line": 12,
          "column": 22
        },
        "end": {
          "line": 15,
          "column": 1
        }
      },
      "48": {
        "start": {
          "line": 14,
          "column": 2
        },
        "end": {
          "line": 14,
          "column": 20
        }
      },
      "49": {
        "start": {
          "line": 18,
          "column": 2
        },
        "end": {
          "line": 18,
          "column": 18
        }
      },
      "50": {
        "start": {
          "line": 21,
          "column": 0
        },
        "end": {
          "line": 34,
          "column": 5
        }
      },
      "51": {
        "start": {
          "line": 22,
          "column": 2
        },
        "end": {
          "line": 33,
          "column": 3
        }
      },
      "52": {
        "start": {
          "line": 23,
          "column": 4
        },
        "end": {
          "line": 26,
          "column": 5
        }
      },
      "53": {
        "start": {
          "line": 24,
          "column": 19
        },
        "end": {
          "line": 24,
          "column": 47
        }
      },
      "54": {
        "start": {
          "line": 25,
          "column": 6
        },
        "end": {
          "line": 25,
          "column": 24
        }
      },
      "55": {
        "start": {
          "line": 28,
          "column": 4
        },
        "end": {
          "line": 28,
          "column": 47
        }
      },
      "56": {
        "start": {
          "line": 29,
          "column": 4
        },
        "end": {
          "line": 29,
          "column": 28
        }
      },
      "57": {
        "start": {
          "line": 31,
          "column": 4
        },
        "end": {
          "line": 31,
          "column": 26
        }
      },
      "58": {
        "start": {
          "line": 32,
          "column": 4
        },
        "end": {
          "line": 32,
          "column": 22
        }
      },
      "59": {
        "start": {
          "line": 37,
          "column": 26
        },
        "end": {
          "line": 37,
          "column": 46
        }
      },
      "60": {
        "start": {
          "line": 38,
          "column": 32
        },
        "end": {
          "line": 38,
          "column": 55
        }
      },
      "61": {
        "start": {
          "line": 40,
          "column": 2
        },
        "end": {
          "line": 48,
          "column": 9
        }
      },
      "62": {
        "start": {
          "line": 41,
          "column": 21
        },
        "end": {
          "line": 44,
          "column": 5
        }
      },
      "63": {
        "start": {
          "line": 42,
          "column": 6
        },
        "end": {
          "line": 42,
          "column": 26
        }
      },
      "64": {
        "start": {
          "line": 43,
          "column": 6
        },
        "end": {
          "line": 43,
          "column": 32
        }
      },
      "65": {
        "start": {
          "line": 46,
          "column": 4
        },
        "end": {
          "line": 46,
          "column": 28
        }
      },
      "66": {
        "start": {
          "line": 47,
          "column": 4
        },
        "end": {
          "line": 47,
          "column": 44
        }
      },
      "67": {
        "start": {
          "line": 47,
          "column": 17
        },
        "end": {
          "line": 47,
          "column": 43
        }
      },
      "68": {
        "start": {
          "line": 50,
          "column": 19
        },
        "end": {
          "line": 58,
          "column": 3
        }
      },
      "69": {
        "start": {
          "line": 51,
          "column": 4
        },
        "end": {
          "line": 57,
          "column": 5
        }
      },
      "70": {
        "start": {
          "line": 52,
          "column": 19
        },
        "end": {
          "line": 52,
          "column": 60
        }
      },
      "71": {
        "start": {
          "line": 53,
          "column": 6
        },
        "end": {
          "line": 53,
          "column": 31
        }
      },
      "72": {
        "start": {
          "line": 54,
          "column": 6
        },
        "end": {
          "line": 54,
          "column": 37
        }
      },
      "73": {
        "start": {
          "line": 56,
          "column": 6
        },
        "end": {
          "line": 56,
          "column": 54
        }
      },
      "74": {
        "start": {
          "line": 60,
          "column": 16
        },
        "end": {
          "line": 68,
          "column": 3
        }
      },
      "75": {
        "start": {
          "line": 61,
          "column": 4
        },
        "end": {
          "line": 67,
          "column": 5
        }
      },
      "76": {
        "start": {
          "line": 62,
          "column": 19
        },
        "end": {
          "line": 62,
          "column": 57
        }
      },
      "77": {
        "start": {
          "line": 63,
          "column": 6
        },
        "end": {
          "line": 63,
          "column": 31
        }
      },
      "78": {
        "start": {
          "line": 64,
          "column": 6
        },
        "end": {
          "line": 64,
          "column": 37
        }
      },
      "79": {
        "start": {
          "line": 66,
          "column": 6
        },
        "end": {
          "line": 66,
          "column": 54
        }
      },
      "80": {
        "start": {
          "line": 70,
          "column": 17
        },
        "end": {
          "line": 73,
          "column": 3
        }
      },
      "81": {
        "start": {
          "line": 71,
          "column": 4
        },
        "end": {
          "line": 71,
          "column": 23
        }
      },
      "82": {
        "start": {
          "line": 72,
          "column": 4
        },
        "end": {
          "line": 72,
          "column": 24
        }
      },
      "83": {
        "start": {
          "line": 75,
          "column": 16
        },
        "end": {
          "line": 75,
          "column": 58
        }
      },
      "84": {
        "start": {
          "line": 77,
          "column": 2
        },
        "end": {
          "line": 79,
          "column": 3
        }
      },
      "85": {
        "start": {
          "line": 78,
          "column": 4
        },
        "end": {
          "line": 78,
          "column": 37
        }
      },
      "86": {
        "start": {
          "line": 81,
          "column": 2
        },
        "end": {
          "line": 81,
          "column": 15
        }
      }
    },
    "fnMap": {
      "0": {
        "name": "(anonymous_0)",
        "decl": {
          "start": {
            "line": 8,
            "column": 24
          },
          "end": {
            "line": 8,
            "column": 25
          }
        },
        "loc": {
          "start": {
            "line": 8,
            "column": 30
          },
          "end": {
            "line": 10,
            "column": 1
          }
        },
        "line": 8
      },
      "1": {
        "name": "(anonymous_1)",
        "decl": {
          "start": {
            "line": 9,
            "column": 20
          },
          "end": {
            "line": 9,
            "column": 21
          }
        },
        "loc": {
          "start": {
            "line": 9,
            "column": 34
          },
          "end": {
            "line": 9,
            "column": 44
          }
        },
        "line": 9
      },
      "2": {
        "name": "(anonymous_2)",
        "decl": {
          "start": {
            "line": 11,
            "column": 22
          },
          "end": {
            "line": 11,
            "column": 23
          }
        },
        "loc": {
          "start": {
            "line": 11,
            "column": 32
          },
          "end": {
            "line": 14,
            "column": 1
          }
        },
        "line": 11
      },
      "3": {
        "name": "(anonymous_3)",
        "decl": {
          "start": {
            "line": 16,
            "column": 1
          },
          "end": {
            "line": 16,
            "column": 2
          }
        },
        "loc": {
          "start": {
            "line": 16,
            "column": 13
          },
          "end": {
            "line": 29,
            "column": 1
          }
        },
        "line": 16
      },
      "4": {
        "name": "useAuth",
        "decl": {
          "start": {
            "line": 31,
            "column": 16
          },
          "end": {
            "line": 31,
            "column": 23
          }
        },
        "loc": {
          "start": {
            "line": 31,
            "column": 26
          },
          "end": {
            "line": 71,
            "column": 1
          }
        },
        "line": 31
      },
      "5": {
        "name": "(anonymous_5)",
        "decl": {
          "start": {
            "line": 35,
            "column": 12
          },
          "end": {
            "line": 35,
            "column": 13
          }
        },
        "loc": {
          "start": {
            "line": 35,
            "column": 18
          },
          "end": {
            "line": 43,
            "column": 3
          }
        },
        "line": 35
      },
      "6": {
        "name": "(anonymous_6)",
        "decl": {
          "start": {
            "line": 36,
            "column": 21
          },
          "end": {
            "line": 36,
            "column": 22
          }
        },
        "loc": {
          "start": {
            "line": 36,
            "column": 27
          },
          "end": {
            "line": 39,
            "column": 5
          }
        },
        "line": 36
      },
      "7": {
        "name": "(anonymous_7)",
        "decl": {
          "start": {
            "line": 42,
            "column": 11
          },
          "end": {
            "line": 42,
            "column": 12
          }
        },
        "loc": {
          "start": {
            "line": 42,
            "column": 17
          },
          "end": {
            "line": 42,
            "column": 43
          }
        },
        "line": 42
      },
      "8": {
        "name": "(anonymous_8)",
        "decl": {
          "start": {
            "line": 45,
            "column": 19
          },
          "end": {
            "line": 45,
            "column": 20
          }
        },
        "loc": {
          "start": {
            "line": 45,
            "column": 46
          },
          "end": {
            "line": 53,
            "column": 3
          }
        },
        "line": 45
      },
      "9": {
        "name": "(anonymous_9)",
        "decl": {
          "start": {
            "line": 55,
            "column": 16
          },
          "end": {
            "line": 55,
            "column": 17
          }
        },
        "loc": {
          "start": {
            "line": 55,
            "column": 43
          },
          "end": {
            "line": 63,
            "column": 3
          }
        },
        "line": 55
      },
      "10": {
        "name": "(anonymous_10)",
        "decl": {
          "start": {
            "line": 65,
            "column": 17
          },
          "end": {
            "line": 65,
            "column": 18
          }
        },
        "loc": {
          "start": {
            "line": 65,
            "column": 23
          },
          "end": {
            "line": 68,
            "column": 3
          }
        },
        "line": 65
      },
      "11": {
        "name": "(anonymous_0)",
        "decl": {
          "start": {
            "line": 9,
            "column": 24
          },
          "end": {
            "line": 9,
            "column": 25
          }
        },
        "loc": {
          "start": {
            "line": 9,
            "column": 30
          },
          "end": {
            "line": 11,
            "column": 1
          }
        },
        "line": 9
      },
      "12": {
        "name": "(anonymous_1)",
        "decl": {
          "start": {
            "line": 10,
            "column": 20
          },
          "end": {
            "line": 10,
            "column": 21
          }
        },
        "loc": {
          "start": {
            "line": 10,
            "column": 34
          },
          "end": {
            "line": 10,
            "column": 44
          }
        },
        "line": 10
      },
      "13": {
        "name": "(anonymous_2)",
        "decl": {
          "start": {
            "line": 12,
            "column": 22
          },
          "end": {
            "line": 12,
            "column": 23
          }
        },
        "loc": {
          "start": {
            "line": 12,
            "column": 32
          },
          "end": {
            "line": 15,
            "column": 1
          }
        },
        "line": 12
      },
      "14": {
        "name": "__setAuthMock",
        "decl": {
          "start": {
            "line": 17,
            "column": 16
          },
          "end": {
            "line": 17,
            "column": 29
          }
        },
        "loc": {
          "start": {
            "line": 17,
            "column": 36
          },
          "end": {
            "line": 19,
            "column": 1
          }
        },
        "line": 17
      },
      "15": {
        "name": "(anonymous_4)",
        "decl": {
          "start": {
            "line": 21,
            "column": 1
          },
          "end": {
            "line": 21,
            "column": 2
          }
        },
        "loc": {
          "start": {
            "line": 21,
            "column": 13
          },
          "end": {
            "line": 34,
            "column": 1
          }
        },
        "line": 21
      },
      "16": {
        "name": "useAuth",
        "decl": {
          "start": {
            "line": 36,
            "column": 16
          },
          "end": {
            "line": 36,
            "column": 23
          }
        },
        "loc": {
          "start": {
            "line": 36,
            "column": 26
          },
          "end": {
            "line": 82,
            "column": 1
          }
        },
        "line": 36
      },
      "17": {
        "name": "(anonymous_6)",
        "decl": {
          "start": {
            "line": 40,
            "column": 12
          },
          "end": {
            "line": 40,
            "column": 13
          }
        },
        "loc": {
          "start": {
            "line": 40,
            "column": 18
          },
          "end": {
            "line": 48,
            "column": 3
          }
        },
        "line": 40
      },
      "18": {
        "name": "(anonymous_7)",
        "decl": {
          "start": {
            "line": 41,
            "column": 21
          },
          "end": {
            "line": 41,
            "column": 22
          }
        },
        "loc": {
          "start": {
            "line": 41,
            "column": 27
          },
          "end": {
            "line": 44,
            "column": 5
          }
        },
        "line": 41
      },
      "19": {
        "name": "(anonymous_8)",
        "decl": {
          "start": {
            "line": 47,
            "column": 11
          },
          "end": {
            "line": 47,
            "column": 12
          }
        },
        "loc": {
          "start": {
            "line": 47,
            "column": 17
          },
          "end": {
            "line": 47,
            "column": 43
          }
        },
        "line": 47
      },
      "20": {
        "name": "(anonymous_9)",
        "decl": {
          "start": {
            "line": 50,
            "column": 19
          },
          "end": {
            "line": 50,
            "column": 20
          }
        },
        "loc": {
          "start": {
            "line": 50,
            "column": 46
          },
          "end": {
            "line": 58,
            "column": 3
          }
        },
        "line": 50
      },
      "21": {
        "name": "(anonymous_10)",
        "decl": {
          "start": {
            "line": 60,
            "column": 16
          },
          "end": {
            "line": 60,
            "column": 17
          }
        },
        "loc": {
          "start": {
            "line": 60,
            "column": 43
          },
          "end": {
            "line": 68,
            "column": 3
          }
        },
        "line": 60
      },
      "22": {
        "name": "(anonymous_11)",
        "decl": {
          "start": {
            "line": 70,
            "column": 17
          },
          "end": {
            "line": 70,
            "column": 18
          }
        },
        "loc": {
          "start": {
            "line": 70,
            "column": 23
          },
          "end": {
            "line": 73,
            "column": 3
          }
        },
        "line": 70
      }
    },
    "branchMap": {
      "0": {
        "loc": {
          "start": {
            "line": 18,
            "column": 4
          },
          "end": {
            "line": 21,
            "column": 5
          }
        },
        "type": "if",
        "locations": [
          {
            "start": {
              "line": 18,
              "column": 4
            },
            "end": {
              "line": 21,
              "column": 5
            }
          },
          {
            "start": {},
            "end": {}
          }
        ],
        "line": 18
      },
      "1": {
        "loc": {
          "start": {
            "line": 23,
            "column": 4
          },
          "end": {
            "line": 26,
            "column": 5
          }
        },
        "type": "if",
        "locations": [
          {
            "start": {
              "line": 23,
              "column": 4
            },
            "end": {
              "line": 26,
              "column": 5
            }
          },
          {
            "start": {},
            "end": {}
          }
        ],
        "line": 23
      },
      "2": {
        "loc": {
          "start": {
            "line": 77,
            "column": 2
          },
          "end": {
            "line": 79,
            "column": 3
          }
        },
        "type": "if",
        "locations": [
          {
            "start": {
              "line": 77,
              "column": 2
            },
            "end": {
              "line": 79,
              "column": 3
            }
          },
          {
            "start": {},
            "end": {}
          }
        ],
        "line": 77
      }
    },
    "s": {
      "0": 58,
      "1": 58,
      "2": 58,
      "3": 9,
      "4": 9,
      "5": 49,
      "6": 9,
      "7": 0,
      "8": 0,
      "9": 9,
      "10": 9,
      "11": 9,
      "12": 0,
      "13": 0,
      "14": 49,
      "15": 49,
      "16": 58,
      "17": 58,
      "18": 49,
      "19": 49,
      "20": 0,
      "21": 0,
      "22": 0,
      "23": 0,
      "24": 640,
      "25": 97,
      "26": 97,
      "27": 0,
      "28": 0,
      "29": 640,
      "30": 0,
      "31": 0,
      "32": 0,
      "33": 0,
      "34": 0,
      "35": 640,
      "36": 0,
      "37": 0,
      "38": 0,
      "39": 640,
      "40": 0,
      "41": 640,
      "42": 0,
      "43": 49,
      "44": 49,
      "45": 49,
      "46": 0,
      "47": 49,
      "48": 0,
      "49": 97,
      "50": 49,
      "51": 49,
      "52": 58,
      "53": 9,
      "54": 9,
      "55": 9,
      "56": 0,
      "57": 49,
      "58": 49,
      "59": 640,
      "60": 640,
      "61": 640,
      "62": 97,
      "63": 0,
      "64": 0,
      "65": 97,
      "66": 97,
      "67": 37,
      "68": 640,
      "69": 0,
      "70": 0,
      "71": 0,
      "72": 0,
      "73": 0,
      "74": 640,
      "75": 0,
      "76": 0,
      "77": 0,
      "78": 0,
      "79": 0,
      "80": 640,
      "81": 0,
      "82": 0,
      "83": 640,
      "84": 640,
      "85": 640,
      "86": 0
    },
    "f": {
      "0": 9,
      "1": 49,
      "2": 0,
      "3": 9,
      "4": 0,
      "5": 0,
      "6": 640,
      "7": 0,
      "8": 640,
      "9": 640,
      "10": 0,
      "11": 49,
      "12": 0,
      "13": 0,
      "14": 97,
      "15": 49,
      "16": 640,
      "17": 97,
      "18": 0,
      "19": 37,
      "20": 0,
      "21": 0,
      "22": 0
    },
    "b": {
      "0": [
        0,
        9
      ],
      "1": [
        0,
        49
      ],
      "2": [
        640,
        0
      ]
    },
    "inputSourceMap": {
      "version": 3,
      "sources": [
        "C:/Users/1/Desktop/Projects/fit-track/src/hooks/useAuth.js"
      ],
      "names": [],
      "mappings": "AAAA,MAAM,CAAC,CAAC,CAAC,QAAQ,CAAC,CAAC,SAAS,CAAC,CAAC,CAAC,IAAI,CAAC,CAAC,KAAK,CAAC;AAC3C,MAAM,CAAC,CAAC,CAAC,SAAS,CAAC,CAAC,CAAC,IAAI,CAAC,CAAC,CAAC,CAAC,CAAC,GAAG,CAAC,MAAM,CAAC;;AAEzC,GAAG,CAAC,UAAU,CAAC,CAAC,CAAC,IAAI;AACrB,GAAG,CAAC,aAAa,CAAC,CAAC,CAAC,IAAI;AACxB,KAAK,CAAC,SAAS,CAAC,CAAC,CAAC,GAAG,CAAC,GAAG,CAAC,CAAC;;AAE3B,KAAK,CAAC,eAAe,CAAC,CAAC,CAAC,CAAC,CAAC,CAAC,CAAC,CAAC,CAAC;AAC9B,CAAC,CAAC,SAAS,CAAC,OAAO,CAAC,CAAC,QAAQ,CAAC,CAAC,CAAC,CAAC,CAAC,QAAQ,CAAC,CAAC,CAAC;AAC7C,CAAC;AACD,KAAK,CAAC,aAAa,CAAC,CAAC,CAAC,CAAC,IAAI,CAAC,CAAC,CAAC,CAAC,CAAC;AAChC,CAAC,CAAC,UAAU,CAAC,CAAC,CAAC,IAAI;AACnB,CAAC,CAAC,eAAe,CAAC,CAAC;AACnB,CAAC;;AAED,CAAC,KAAK,CAAC,CAAC,CAAC,CAAC,CAAC,CAAC,CAAC;AACb,CAAC,CAAC,GAAG,CAAC;AACN,CAAC,CAAC,CAAC,CAAC,EAAE,CAAC,CAAC,SAAS,CAAC,QAAQ,CAAC,CAAC,CAAC,CAAC;AAC9B,CAAC,CAAC,CAAC,CAAC,CAAC,CAAC,KAAK,CAAC,IAAI,CAAC,CAAC,CAAC,KAAK,CAAC,SAAS,CAAC,UAAU,CAAC,CAAC;AAC/C,CAAC,CAAC,CAAC,CAAC,CAAC,CAAC,UAAU,CAAC,CAAC,CAAC,IAAI;AACvB,CAAC,CAAC,CAAC,CAAC;AACJ,CAAC,CAAC,CAAC,CAAC,KAAK,CAAC,CAAC,KAAK,CAAC,CAAC;AAClB,CAAC,CAAC,CAAC,CAAC,OAAO,CAAC,KAAK,CAAC,CAAC,IAAI,CAAC,KAAK,CAAC,MAAM,CAAC,CAAC,CAAC,CAAC,KAAK,CAAC;AAC9C,CAAC,CAAC,CAAC,CAAC,SAAS,CAAC,WAAW,CAAC,CAAC;AAC3B,CAAC,CAAC,CAAC,CAAC,OAAO,CAAC;AACZ,CAAC,CAAC,CAAC,CAAC,aAAa,CAAC,CAAC,CAAC,KAAK;AACzB,CAAC,CAAC,CAAC,CAAC,eAAe,CAAC,CAAC;AACrB,CAAC,CAAC;AACF,CAAC,CAAC,CAAC,CAAC;;AAEJ,MAAM,CAAC,QAAQ,CAAC,OAAO,CAAC,CAAC,CAAC;AAC1B,CAAC,CAAC,KAAK,CAAC,CAAC,IAAI,CAAC,CAAC,OAAO,CAAC,CAAC,CAAC,CAAC,QAAQ,CAAC,UAAU,CAAC;AAC9C,CAAC,CAAC,KAAK,CAAC,CAAC,OAAO,CAAC,CAAC,UAAU,CAAC,CAAC,CAAC,CAAC,QAAQ,CAAC,aAAa,CAAC;;AAEvD,CAAC,CAAC,SAAS,CAAC,CAAC,CAAC,CAAC,CAAC,CAAC,CAAC;AAClB,CAAC,CAAC,CAAC,CAAC,KAAK,CAAC,QAAQ,CAAC,CAAC,CAAC,CAAC,CAAC,CAAC,CAAC,CAAC,CAAC;AAC3B,CAAC,CAAC,CAAC,CAAC,CAAC,CAAC,OAAO,CAAC,UAAU,CAAC;AACzB,CAAC,CAAC,CAAC,CAAC,CAAC,CAAC,UAAU,CAAC,aAAa,CAAC;AAC/B,CAAC,CAAC,CAAC,CAAC,CAAC;;AAEL,CAAC,CAAC,CAAC,CAAC,SAAS,CAAC,GAAG,CAAC,QAAQ,CAAC;AAC3B,CAAC,CAAC,CAAC,CAAC,MAAM,CAAC,CAAC,CAAC,CAAC,CAAC,CAAC,CAAC,SAAS,CAAC,MAAM,CAAC,QAAQ,CAAC;AAC3C,CAAC,CAAC,CAAC,CAAC,CAAC,CAAC,CAAC,CAAC;;AAER,CAAC,CAAC,KAAK,CAAC,QAAQ,CAAC,CAAC,CAAC,KAAK,CAAC,CAAC,KAAK,CAAC,CAAC,QAAQ,CAAC,CAAC,CAAC,CAAC,CAAC;AAC9C,CAAC,CAAC,CAAC,CAAC,GAAG,CAAC;AACR,CAAC,CAAC,CAAC,CAAC,CAAC,CAAC,KAAK,CAAC,IAAI,CAAC,CAAC,CAAC,KAAK,CAAC,SAAS,CAAC,QAAQ,CAAC,KAAK,CAAC,CAAC,QAAQ,CAAC;AAC5D,CAAC,CAAC,CAAC,CAAC,CAAC,CAAC,aAAa,CAAC,IAAI,CAAC,IAAI,CAAC;AAC9B,CAAC,CAAC,CAAC,CAAC,CAAC,CAAC,MAAM,CAAC,CAAC,CAAC,OAAO,CAAC,CAAC,IAAI,CAAC,CAAC,IAAI,CAAC,CAAC;AACpC,CAAC,CAAC,CAAC,CAAC,CAAC,CAAC,KAAK,CAAC,CAAC,KAAK,CAAC,CAAC;AACpB,CAAC,CAAC,CAAC,CAAC,CAAC,CAAC,MAAM,CAAC,CAAC,CAAC,OAAO,CAAC,CAAC,KAAK,CAAC,CAAC,KAAK,CAAC,CAAC,KAAK,CAAC,OAAO,CAAC,CAAC;AACrD,CAAC,CAAC,CAAC,CAAC;AACJ,CAAC,CAAC,CAAC;;AAEH,CAAC,CAAC,KAAK,CAAC,KAAK,CAAC,CAAC,CAAC,KAAK,CAAC,CAAC,KAAK,CAAC,CAAC,QAAQ,CAAC,CAAC,CAAC,CAAC,CAAC;AAC3C,CAAC,CAAC,CAAC,CAAC,GAAG,CAAC;AACR,CAAC,CAAC,CAAC,CAAC,CAAC,CAAC,KAAK,CAAC,IAAI,CAAC,CAAC,CAAC,KAAK,CAAC,SAAS,CAAC,KAAK,CAAC,KAAK,CAAC,CAAC,QAAQ,CAAC;AACzD,CAAC,CAAC,CAAC,CAAC,CAAC,CAAC,aAAa,CAAC,IAAI,CAAC,IAAI,CAAC;AAC9B,CAAC,CAAC,CAAC,CAAC,CAAC,CAAC,MAAM,CAAC,CAAC,CAAC,OAAO,CAAC,CAAC,IAAI,CAAC,CAAC,IAAI,CAAC,CAAC;AACpC,CAAC,CAAC,CAAC,CAAC,CAAC,CAAC,KAAK,CAAC,CAAC,KAAK,CAAC,CAAC;AACpB,CAAC,CAAC,CAAC,CAAC,CAAC,CAAC,MAAM,CAAC,CAAC,CAAC,OAAO,CAAC,CAAC,KAAK,CAAC,CAAC,KAAK,CAAC,CAAC,KAAK,CAAC,OAAO,CAAC,CAAC;AACrD,CAAC,CAAC,CAAC,CAAC;AACJ,CAAC,CAAC,CAAC;;AAEH,CAAC,CAAC,KAAK,CAAC,MAAM,CAAC,CAAC,CAAC,CAAC,CAAC,CAAC,CAAC,CAAC,CAAC;AACvB,CAAC,CAAC,CAAC,CAAC,SAAS,CAAC,MAAM,CAAC,CAAC;AACtB,CAAC,CAAC,CAAC,CAAC,aAAa,CAAC,IAAI,CAAC;AACvB,CAAC,CAAC,CAAC;;AAEH,CAAC,CAAC,MAAM,CAAC,CAAC,CAAC,IAAI,CAAC,CAAC,OAAO,CAAC,CAAC,QAAQ,CAAC,CAAC,KAAK,CAAC,CAAC,MAAM,CAAC,CAAC;AACnD;"
    },
    "_coverageSchema": "1a1c01bbd47fc00a2c39e90264f33305004495a9",
    "hash": "8feb3819f5d2f69c1cb4274284452c4c327fafe7"
  },
  "C:/Users/1/Desktop/Projects/fit-track/src/components/LoginModal/LoginModal.jsx": {
    "path": "C:/Users/1/Desktop/Projects/fit-track/src/components/LoginModal/LoginModal.jsx",
    "statementMap": {
      "0": {
        "start": {
          "line": 7,
          "column": 28
        },
        "end": {
          "line": 7,
          "column": 40
        }
      },
      "1": {
        "start": {
          "line": 8,
          "column": 34
        },
        "end": {
          "line": 8,
          "column": 46
        }
      },
      "2": {
        "start": {
          "line": 9,
          "column": 32
        },
        "end": {
          "line": 9,
          "column": 46
        }
      },
      "3": {
        "start": {
          "line": 10,
          "column": 28
        },
        "end": {
          "line": 10,
          "column": 40
        }
      },
      "4": {
        "start": {
          "line": 11,
          "column": 32
        },
        "end": {
          "line": 11,
          "column": 47
        }
      },
      "5": {
        "start": {
          "line": 12,
          "column": 30
        },
        "end": {
          "line": 12,
          "column": 39
        }
      },
      "6": {
        "start": {
          "line": 13,
          "column": 2
        },
        "end": {
          "line": 13,
          "column": 27
        }
      },
      "7": {
        "start": {
          "line": 13,
          "column": 15
        },
        "end": {
          "line": 13,
          "column": 27
        }
      },
      "8": {
        "start": {
          "line": 14,
          "column": 23
        },
        "end": {
          "line": 27,
          "column": 3
        }
      },
      "9": {
        "start": {
          "line": 15,
          "column": 4
        },
        "end": {
          "line": 15,
          "column": 23
        }
      },
      "10": {
        "start": {
          "line": 16,
          "column": 4
        },
        "end": {
          "line": 16,
          "column": 17
        }
      },
      "11": {
        "start": {
          "line": 17,
          "column": 4
        },
        "end": {
          "line": 17,
          "column": 21
        }
      },
      "12": {
        "start": {
          "line": 18,
          "column": 19
        },
        "end": {
          "line": 18,
          "column": 91
        }
      },
      "13": {
        "start": {
          "line": 19,
          "column": 4
        },
        "end": {
          "line": 19,
          "column": 22
        }
      },
      "14": {
        "start": {
          "line": 20,
          "column": 4
        },
        "end": {
          "line": 26,
          "column": 5
        }
      },
      "15": {
        "start": {
          "line": 21,
          "column": 6
        },
        "end": {
          "line": 21,
          "column": 19
        }
      },
      "16": {
        "start": {
          "line": 22,
          "column": 6
        },
        "end": {
          "line": 22,
          "column": 22
        }
      },
      "17": {
        "start": {
          "line": 23,
          "column": 6
        },
        "end": {
          "line": 23,
          "column": 16
        }
      },
      "18": {
        "start": {
          "line": 25,
          "column": 6
        },
        "end": {
          "line": 25,
          "column": 29
        }
      },
      "19": {
        "start": {
          "line": 28,
          "column": 2
        },
        "end": {
          "line": 112,
          "column": 11
        }
      },
      "20": {
        "start": {
          "line": 28,
          "column": 169
        },
        "end": {
          "line": 28,
          "column": 188
        }
      },
      "21": {
        "start": {
          "line": 46,
          "column": 27
        },
        "end": {
          "line": 46,
          "column": 51
        }
      },
      "22": {
        "start": {
          "line": 65,
          "column": 27
        },
        "end": {
          "line": 65,
          "column": 54
        }
      },
      "23": {
        "start": {
          "line": 94,
          "column": 54
        },
        "end": {
          "line": 94,
          "column": 74
        }
      }
    },
    "fnMap": {
      "0": {
        "name": "LoginModal",
        "decl": {
          "start": {
            "line": 6,
            "column": 16
          },
          "end": {
            "line": 6,
            "column": 26
          }
        },
        "loc": {
          "start": {
            "line": 6,
            "column": 48
          },
          "end": {
            "line": 113,
            "column": 1
          }
        },
        "line": 6
      },
      "1": {
        "name": "(anonymous_1)",
        "decl": {
          "start": {
            "line": 14,
            "column": 23
          },
          "end": {
            "line": 14,
            "column": 24
          }
        },
        "loc": {
          "start": {
            "line": 14,
            "column": 36
          },
          "end": {
            "line": 27,
            "column": 3
          }
        },
        "line": 14
      },
      "2": {
        "name": "(anonymous_2)",
        "decl": {
          "start": {
            "line": 28,
            "column": 162
          },
          "end": {
            "line": 28,
            "column": 163
          }
        },
        "loc": {
          "start": {
            "line": 28,
            "column": 169
          },
          "end": {
            "line": 28,
            "column": 188
          }
        },
        "line": 28
      },
      "3": {
        "name": "(anonymous_3)",
        "decl": {
          "start": {
            "line": 46,
            "column": 20
          },
          "end": {
            "line": 46,
            "column": 21
          }
        },
        "loc": {
          "start": {
            "line": 46,
            "column": 27
          },
          "end": {
            "line": 46,
            "column": 51
          }
        },
        "line": 46
      },
      "4": {
        "name": "(anonymous_4)",
        "decl": {
          "start": {
            "line": 65,
            "column": 20
          },
          "end": {
            "line": 65,
            "column": 21
          }
        },
        "loc": {
          "start": {
            "line": 65,
            "column": 27
          },
          "end": {
            "line": 65,
            "column": 54
          }
        },
        "line": 65
      },
      "5": {
        "name": "(anonymous_5)",
        "decl": {
          "start": {
            "line": 94,
            "column": 48
          },
          "end": {
            "line": 94,
            "column": 49
          }
        },
        "loc": {
          "start": {
            "line": 94,
            "column": 54
          },
          "end": {
            "line": 94,
            "column": 74
          }
        },
        "line": 94
      }
    },
    "branchMap": {
      "0": {
        "loc": {
          "start": {
            "line": 13,
            "column": 2
          },
          "end": {
            "line": 13,
            "column": 27
          }
        },
        "type": "if",
        "locations": [
          {
            "start": {
              "line": 13,
              "column": 2
            },
            "end": {
              "line": 13,
              "column": 27
            }
          },
          {
            "start": {},
            "end": {}
          }
        ],
        "line": 13
      },
      "1": {
        "loc": {
          "start": {
            "line": 18,
            "column": 19
          },
          "end": {
            "line": 18,
            "column": 91
          }
        },
        "type": "cond-expr",
        "locations": [
          {
            "start": {
              "line": 18,
              "column": 29
            },
            "end": {
              "line": 18,
              "column": 57
            }
          },
          {
            "start": {
              "line": 18,
              "column": 60
            },
            "end": {
              "line": 18,
              "column": 91
            }
          }
        ],
        "line": 18
      },
      "2": {
        "loc": {
          "start": {
            "line": 20,
            "column": 4
          },
          "end": {
            "line": 26,
            "column": 5
          }
        },
        "type": "if",
        "locations": [
          {
            "start": {
              "line": 20,
              "column": 4
            },
            "end": {
              "line": 26,
              "column": 5
            }
          },
          {
            "start": {
              "line": 24,
              "column": 11
            },
            "end": {
              "line": 26,
              "column": 5
            }
          }
        ],
        "line": 20
      },
      "3": {
        "loc": {
          "start": {
            "line": 31,
            "column": 6
          },
          "end": {
            "line": 31,
            "column": 53
          }
        },
        "type": "cond-expr",
        "locations": [
          {
            "start": {
              "line": 31,
              "column": 16
            },
            "end": {
              "line": 31,
              "column": 30
            }
          },
          {
            "start": {
              "line": 31,
              "column": 33
            },
            "end": {
              "line": 31,
              "column": 53
            }
          }
        ],
        "line": 31
      },
      "4": {
        "loc": {
          "start": {
            "line": 77,
            "column": 6
          },
          "end": {
            "line": 81,
            "column": 14
          }
        },
        "type": "binary-expr",
        "locations": [
          {
            "start": {
              "line": 77,
              "column": 6
            },
            "end": {
              "line": 77,
              "column": 11
            }
          },
          {
            "start": {
              "line": 77,
              "column": 31
            },
            "end": {
              "line": 81,
              "column": 14
            }
          }
        ],
        "line": 77
      },
      "5": {
        "loc": {
          "start": {
            "line": 82,
            "column": 105
          },
          "end": {
            "line": 82,
            "column": 165
          }
        },
        "type": "cond-expr",
        "locations": [
          {
            "start": {
              "line": 82,
              "column": 115
            },
            "end": {
              "line": 82,
              "column": 127
            }
          },
          {
            "start": {
              "line": 82,
              "column": 130
            },
            "end": {
              "line": 82,
              "column": 165
            }
          }
        ],
        "line": 82
      },
      "6": {
        "loc": {
          "start": {
            "line": 82,
            "column": 130
          },
          "end": {
            "line": 82,
            "column": 165
          }
        },
        "type": "cond-expr",
        "locations": [
          {
            "start": {
              "line": 82,
              "column": 140
            },
            "end": {
              "line": 82,
              "column": 149
            }
          },
          {
            "start": {
              "line": 82,
              "column": 152
            },
            "end": {
              "line": 82,
              "column": 165
            }
          }
        ],
        "line": 82
      },
      "7": {
        "loc": {
          "start": {
            "line": 93,
            "column": 6
          },
          "end": {
            "line": 93,
            "column": 71
          }
        },
        "type": "cond-expr",
        "locations": [
          {
            "start": {
              "line": 93,
              "column": 16
            },
            "end": {
              "line": 93,
              "column": 41
            }
          },
          {
            "start": {
              "line": 93,
              "column": 44
            },
            "end": {
              "line": 93,
              "column": 71
            }
          }
        ],
        "line": 93
      },
      "8": {
        "loc": {
          "start": {
            "line": 94,
            "column": 86
          },
          "end": {
            "line": 94,
            "column": 117
          }
        },
        "type": "cond-expr",
        "locations": [
          {
            "start": {
              "line": 94,
              "column": 96
            },
            "end": {
              "line": 94,
              "column": 105
            }
          },
          {
            "start": {
              "line": 94,
              "column": 108
            },
            "end": {
              "line": 94,
              "column": 117
            }
          }
        ],
        "line": 94
      }
    },
    "s": {
      "0": 675,
      "1": 675,
      "2": 675,
      "3": 675,
      "4": 675,
      "5": 675,
      "6": 675,
      "7": 25,
      "8": 650,
      "9": 25,
      "10": 25,
      "11": 25,
      "12": 25,
      "13": 25,
      "14": 25,
      "15": 15,
      "16": 15,
      "17": 15,
      "18": 10,
      "19": 650,
      "20": 75,
      "21": 390,
      "22": 170,
      "23": 0
    },
    "f": {
      "0": 675,
      "1": 25,
      "2": 75,
      "3": 390,
      "4": 170,
      "5": 0
    },
    "b": {
      "0": [
        25,
        650
      ],
      "1": [
        25,
        0
      ],
      "2": [
        15,
        10
      ],
      "3": [
        650,
        0
      ],
      "4": [
        650,
        10
      ],
      "5": [
        25,
        625
      ],
      "6": [
        625,
        0
      ],
      "7": [
        650,
        0
      ],
      "8": [
        650,
        0
      ]
    },
    "inputSourceMap": {
      "version": 3,
      "sources": [
        "C:/Users/1/Desktop/Projects/fit-track/src/components/LoginModal/LoginModal.jsx"
      ],
[...]
      },
      "17": {
        "start": {
          "line": 48,
          "column": 2
        },
        "end": {
          "line": 58,
          "column": 3
        }
      },
      "18": {
        "start": {
          "line": 49,
          "column": 4
        },
        "end": {
          "line": 57,
          "column": 13
        }
      },
      "19": {
        "start": {
          "line": 59,
          "column": 2
        },
        "end": {
          "line": 196,
          "column": 11
        }
      },
      "20": {
        "start": {
          "line": 60,
          "column": 119
        },
        "end": {
          "line": 182,
          "column": 5
        }
      },
      "21": {
        "start": {
          "line": 64,
          "column": 23
        },
        "end": {
          "line": 64,
          "column": 45
        }
      },
      "22": {
        "start": {
          "line": 117,
          "column": 191
        },
        "end": {
          "line": 126,
          "column": 24
        }
      },
      "23": {
        "start": {
          "line": 144,
          "column": 20
        },
        "end": {
          "line": 144,
          "column": 40
        }
      },
      "24": {
        "start": {
          "line": 145,
          "column": 20
        },
        "end": {
          "line": 145,
          "column": 40
        }
      }
    },
    "fnMap": {
      "0": {
        "name": "TrainingSection",
        "decl": {
          "start": {
            "line": 7,
            "column": 16
          },
          "end": {
            "line": 7,
            "column": 31
          }
        },
        "loc": {
          "start": {
            "line": 7,
            "column": 62
          },
          "end": {
            "line": 197,
            "column": 1
          }
        },
        "line": 7
      },
      "1": {
        "name": "(anonymous_1)",
        "decl": {
          "start": {
            "line": 11,
            "column": 26
          },
          "end": {
            "line": 11,
            "column": 27
          }
        },
        "loc": {
          "start": {
            "line": 11,
            "column": 37
          },
          "end": {
            "line": 13,
            "column": 3
          }
        },
        "line": 11
      },
      "2": {
        "name": "(anonymous_2)",
        "decl": {
          "start": {
            "line": 14,
            "column": 21
          },
          "end": {
            "line": 14,
            "column": 22
          }
        },
        "loc": {
          "start": {
            "line": 14,
            "column": 34
          },
          "end": {
            "line": 18,
            "column": 3
          }
        },
        "line": 14
      },
      "3": {
        "name": "(anonymous_3)",
        "decl": {
          "start": {
            "line": 19,
            "column": 22
          },
          "end": {
            "line": 19,
            "column": 23
          }
        },
        "loc": {
          "start": {
            "line": 19,
            "column": 28
          },
          "end": {
            "line": 22,
            "column": 3
          }
        },
        "line": 19
      },
      "4": {
        "name": "(anonymous_4)",
        "decl": {
          "start": {
            "line": 60,
            "column": 83
          },
          "end": {
            "line": 60,
            "column": 84
          }
        },
        "loc": {
          "start": {
            "line": 60,
            "column": 119
          },
          "end": {
            "line": 182,
            "column": 5
          }
        },
        "line": 60
      },
      "5": {
        "name": "(anonymous_5)",
        "decl": {
          "start": {
            "line": 64,
            "column": 17
          },
          "end": {
            "line": 64,
            "column": 18
          }
        },
        "loc": {
          "start": {
            "line": 64,
            "column": 23
          },
          "end": {
            "line": 64,
            "column": 45
          }
        },
        "line": 64
      },
      "6": {
        "name": "(anonymous_6)",
        "decl": {
          "start": {
            "line": 117,
            "column": 161
          },
          "end": {
            "line": 117,
            "column": 162
          }
        },
        "loc": {
          "start": {
            "line": 117,
            "column": 191
          },
          "end": {
            "line": 126,
            "column": 24
          }
        },
        "line": 117
      },
      "7": {
        "name": "(anonymous_7)",
        "decl": {
          "start": {
            "line": 143,
            "column": 27
          },
          "end": {
            "line": 143,
            "column": 28
          }
        },
        "loc": {
          "start": {
            "line": 143,
            "column": 34
          },
          "end": {
            "line": 146,
            "column": 19
          }
        },
        "line": 143
      }
    },
    "branchMap": {
      "0": {
        "loc": {
          "start": {
            "line": 12,
            "column": 20
          },
          "end": {
            "line": 12,
            "column": 57
          }
        },
        "type": "cond-expr",
        "locations": [
          {
            "start": {
              "line": 12,
              "column": 45
            },
            "end": {
              "line": 12,
              "column": 49
            }
          },
          {
            "start": {
              "line": 12,
              "column": 52
            },
            "end": {
              "line": 12,
              "column": 57
            }
          }
        ],
        "line": 12
      },
      "1": {
        "loc": {
          "start": {
            "line": 15,
            "column": 4
          },
          "end": {
            "line": 15,
            "column": 81
          }
        },
        "type": "if",
        "locations": [
          {
            "start": {
              "line": 15,
              "column": 4
            },
            "end": {
              "line": 15,
              "column": 81
            }
          },
          {
            "start": {},
            "end": {}
          }
        ],
        "line": 15
      },
      "2": {
        "loc": {
          "start": {
            "line": 15,
            "column": 8
          },
          "end": {
            "line": 15,
            "column": 72
          }
        },
        "type": "binary-expr",
        "locations": [
          {
            "start": {
              "line": 15,
              "column": 8
            },
            "end": {
              "line": 15,
              "column": 16
            }
          },
          {
            "start": {
              "line": 15,
              "column": 20
            },
            "end": {
              "line": 15,
              "column": 38
            }
          },
          {
            "start": {
              "line": 15,
              "column": 42
            },
            "end": {
              "line": 15,
              "column": 72
            }
          }
        ],
        "line": 15
      },
      "3": {
        "loc": {
          "start": {
            "line": 23,
            "column": 2
          },
          "end": {
            "line": 33,
            "column": 3
          }
        },
        "type": "if",
        "locations": [
          {
            "start": {
              "line": 23,
              "column": 2
            },
            "end": {
              "line": 33,
              "column": 3
            }
          },
          {
            "start": {},
            "end": {}
          }
        ],
        "line": 23
      },
      "4": {
        "loc": {
          "start": {
            "line": 34,
            "column": 2
          },
          "end": {
            "line": 47,
            "column": 3
          }
        },
        "type": "if",
        "locations": [
          {
            "start": {
              "line": 34,
              "column": 2
            },
            "end": {
              "line": 47,
              "column": 3
            }
          },
          {
            "start": {},
            "end": {}
          }
        ],
        "line": 34
      },
      "5": {
        "loc": {
          "start": {
            "line": 48,
            "column": 2
          },
          "end": {
            "line": 58,
            "column": 3
          }
        },
        "type": "if",
        "locations": [
          {
            "start": {
              "line": 48,
              "column": 2
            },
            "end": {
              "line": 58,
              "column": 3
            }
          },
          {
            "start": {},
            "end": {}
          }
        ],
        "line": 48
      },
      "6": {
        "loc": {
          "start": {
            "line": 48,
            "column": 6
          },
          "end": {
            "line": 48,
            "column": 40
          }
        },
        "type": "binary-expr",
        "locations": [
          {
            "start": {
              "line": 48,
              "column": 6
            },
            "end": {
              "line": 48,
              "column": 15
            }
          },
          {
            "start": {
              "line": 48,
              "column": 19
            },
            "end": {
              "line": 48,
              "column": 40
            }
          }
        ],
        "line": 48
      },
      "7": {
        "loc": {
          "start": {
            "line": 63,
            "column": 37
          },
          "end": {
            "line": 63,
            "column": 78
          }
        },
        "type": "binary-expr",
        "locations": [
          {
            "start": {
              "line": 63,
              "column": 37
            },
            "end": {
              "line": 63,
              "column": 59
            }
          },
          {
            "start": {
              "line": 63,
              "column": 63
            },
            "end": {
              "line": 63,
              "column": 78
            }
          }
        ],
        "line": 63
      },
      "8": {
        "loc": {
          "start": {
            "line": 110,
            "column": 12
          },
          "end": {
            "line": 166,
            "column": 20
          }
        },
        "type": "binary-expr",
        "locations": [
          {
            "start": {
              "line": 110,
              "column": 12
            },
            "end": {
              "line": 110,
              "column": 34
            }
          },
          {
            "start": {
              "line": 110,
              "column": 54
            },
            "end": {
              "line": 166,
              "column": 20
            }
          }
        ],
        "line": 110
      },
      "9": {
        "loc": {
          "start": {
            "line": 117,
            "column": 87
          },
          "end": {
            "line": 130,
            "column": 24
          }
        },
        "type": "cond-expr",
        "locations": [
          {
            "start": {
              "line": 117,
              "column": 139
            },
            "end": {
              "line": 126,
              "column": 25
            }
          },
          {
            "start": {
              "line": 126,
              "column": 44
            },
            "end": {
              "line": 130,
              "column": 24
            }
          }
        ],
        "line": 117
      },
      "10": {
        "loc": {
          "start": {
            "line": 117,
            "column": 87
          },
          "end": {
            "line": 117,
            "column": 136
          }
        },
        "type": "binary-expr",
        "locations": [
          {
            "start": {
              "line": 117,
              "column": 87
            },
            "end": {
              "line": 117,
              "column": 104
            }
          },
          {
            "start": {
              "line": 117,
              "column": 108
            },
            "end": {
              "line": 117,
              "column": 136
            }
          }
        ],
        "line": 117
      }
    },
    "s": {
      "0": 50,
      "1": 50,
      "2": 50,
      "3": 50,
      "4": 10,
      "5": 50,
      "6": 0,
      "7": 0,
      "8": 0,
      "9": 0,
      "10": 50,
      "11": 0,
      "12": 0,
      "13": 50,
      "14": 12,
      "15": 38,
      "16": 10,
      "17": 28,
      "18": 8,
      "19": 20,
      "20": 20,
      "21": 10,
      "22": 12,
      "23": 0,
      "24": 0
    },
    "f": {
      "0": 50,
      "1": 10,
      "2": 0,
      "3": 0,
      "4": 20,
      "5": 10,
      "6": 12,
      "7": 0
    },
    "b": {
      "0": [
        0,
        10
      ],
      "1": [
        0,
        0
      ],
      "2": [
        0,
        0,
        0
      ],
      "3": [
        12,
        38
      ],
      "4": [
        10,
        28
      ],
      "5": [
        8,
        20
      ],
      "6": [
        28,
        28
      ],
      "7": [
        20,
        10
      ],
      "8": [
        20,
        10
      ],
      "9": [
        6,
        4
      ],
      "10": [
        10,
        10
      ]
    },
    "inputSourceMap": {
      "version": 3,
      "sources": [
        "C:/Users/1/Desktop/Projects/fit-track/src/pages/Workouts/components/TrainingsSection/TrainingSection.jsx"
      ],
      "mappings": "AA6BQ;AA7BR,OAAO,YAAY;AACnB,SAAS,YAAY;AACrB,SAAS,cAAc;AACvB,SAAS,gBAAgB;AACzB,SAAS,0BAA0B;AAE5B,gBAAS,gBAAgB,EAAE,UAAU,SAAS,MAAM,GAAG;AAC5D,QAAM,CAAC,cAAc,eAAe,IAAI,SAAS,IAAI;AACrD,QAAM,CAAC,cAAc,eAAe,IAAI,SAAS,KAAK;AACtD,QAAM,CAAC,eAAe,gBAAgB,IAAI,SAAS,IAAI;AAEvD,QAAM,kBAAkB,CAAC,UAAU;AACjC,oBAAgB,iBAAiB,QAAQ,OAAO,KAAK;AAAA,EACvD;AAEA,QAAM,aAAa,CAAC,YAAY;AAC9B,QAAI,CAAC,WAAW,CAAC,QAAQ,aAAa,QAAQ,UAAU,WAAW,EAAG;AACtE,qBAAiB,OAAO;AACxB,oBAAgB,IAAI;AAAA,EACtB;AAEA,QAAM,cAAc,MAAM;AACxB,oBAAgB,KAAK;AACrB,qBAAiB,IAAI;AAAA,EACvB;AAEA,MAAI,SAAS;AACX,WACE,uBAAC,aAAQ,WAAW,OAAO,iBACzB,iCAAC,SAAI,WAAW,OAAO,aAAa,mCAApC;AAAA;AAAA;AAAA;AAAA,WAAuD,KADzD;AAAA;AAAA;AAAA;AAAA,WAEA;AAAA,EAEJ;AAEA,MAAI,OAAO;AACT,WACE,uBAAC,aAAQ,WAAW,OAAO,iBACzB,iCAAC,SAAI,WAAW,OAAO,WAAW;AAAA;AAAA,MAAQ;AAAA,SAA1C;AAAA;AAAA;AAAA;AAAA,WAAgD,KADlD;AAAA;AAAA;AAAA;AAAA,WAEA;AAAA,EAEJ;AAEA,MAAI,CAAC,YAAY,SAAS,WAAW,GAAG;AACtC,WACE,uBAAC,aAAQ,WAAW,OAAO,iBACzB,iCAAC,SAAI,WAAW,OAAO,WAAW,iCAAlC;AAAA;AAAA;AAAA;AAAA,WAAmD,KADrD;AAAA;AAAA;AAAA;AAAA,WAEA;AAAA,EAEJ;AAEA,SACE,uBAAC,aAAQ,WAAW,OAAO,iBACzB;AAAA,2BAAC,SAAI,WAAW,OAAO,MACpB,mBAAS,IAAI,CAAC,SAAS,UACtB;AAAA,MAAC;AAAA;AAAA,QAEC,WAAW,KAAK,OAAO,MAAM,iBAAiB,SAAS,OAAO,QAAQ;AAAA,QACtE,SAAS,MAAM,gBAAgB,KAAK;AAAA,QAEpC;AAAA,iCAAC,SAAI,WAAW,OAAO,gBACrB,iCAAC,SAAI,KAAK,QAAQ,WAAW,KAAK,QAAQ,MAAM,WAAW,OAAO,SAAlE;AAAA;AAAA;AAAA;AAAA,iBAAyE,KAD3E;AAAA;AAAA;AAAA;AAAA,iBAEA;AAAA,UACA,uBAAC,SAAI,WAAW,OAAO,SACrB;AAAA,mCAAC,QAAG,WAAW,OAAO,OAAQ,kBAAQ,QAAtC;AAAA;AAAA;AAAA;AAAA,mBAA2C;AAAA,YAC3C,uBAAC,SAAI,WAAW,OAAO,MACrB;AAAA,qCAAC,UAAK,WAAW,OAAO,KAAM,kBAAQ,oBAAtC;AAAA;AAAA;AAAA;AAAA,qBAAuD;AAAA,cACvD,uBAAC,UAAK,WAAW,OAAO,KAAM;AAAA,wBAAQ;AAAA,gBAAmB;AAAA,mBAAzD;AAAA;AAAA;AAAA;AAAA,qBAA0D;AAAA,cAC1D,uBAAC,UAAK,WAAW,OAAO,KAAM,kBAAQ,YAAtC;AAAA;AAAA;AAAA;AAAA,qBAA+C;AAAA,iBAHjD;AAAA;AAAA;AAAA;AAAA,mBAIA;AAAA,YACA,uBAAC,OAAE,WAAW,OAAO,aAAc,kBAAQ,eAA3C;AAAA;AAAA;AAAA;AAAA,mBAAuD;AAAA,YAEtD,iBAAiB,SAChB,uBAAC,SAAI,WAAW,OAAO,SACrB;AAAA,qCAAC,SAAI,WAAW,OAAO,SACrB;AAAA,uCAAC,QAAG,WAAW,OAAO,cAAc,0BAApC;AAAA;AAAA;AAAA;AAAA,uBAA8C;AAAA,gBAC9C,uBAAC,SAAI,WAAW,OAAO,WACpB,kBAAQ,aAAa,QAAQ,UAAU,SAAS,IAC/C,QAAQ,UAAU,IAAI,CAAC,aACrB,uBAAC,UAAuB,WAAW,OAAO,aACvC;AAAA,2BAAS;AAAA,kBAAK;AAAA,kBAAG,SAAS;AAAA,kBAAS;AAAA,qBAD3B,SAAS,IAApB;AAAA;AAAA;AAAA;AAAA,uBAEA,CACD,IAED,uBAAC,UAAK,WAAW,OAAO,aAAa,gCAArC;AAAA;AAAA;AAAA;AAAA,uBAAqD,KARzD;AAAA;AAAA;AAAA;AAAA,uBAUA;AAAA,mBAZF;AAAA;AAAA;AAAA;AAAA,qBAaA;AAAA,cAEA,uBAAC,SAAI,WAAW,OAAO,SACrB;AAAA,gBAAC;AAAA;AAAA,kBACC,SAAS,CAAC,MAAM;AACd,sBAAE,gBAAgB;AAClB,+BAAW,OAAO;AAAA,kBACpB;AAAA,kBACD;AAAA;AAAA,gBALD;AAAA;AAAA;AAAA;AAAA;AAAA;AAAA;AAAA;AAAA,cAOA,KARF;AAAA;AAAA;AAAA;AAAA,qBASA;AAAA,iBAzBF;AAAA;AAAA;AAAA;AAAA,mBA0BA;AAAA,eApCJ;AAAA;AAAA;AAAA;AAAA,iBAsCA;AAAA;AAAA;AAAA,MA7CK,QAAQ;AAAA,MADf;AAAA;AAAA;AAAA;AAAA;AAAA;AAAA;AAAA,IA+CA,CACD,KAlDH;AAAA;AAAA;AAAA;AAAA,WAmDA;AAAA,IACA,uBAAC,sBAAmB,QAAQ,cAAc,SAAS,aAAa,SAAS,iBAAzE;AAAA;AAAA;AAAA;AAAA,WAAwF;AAAA,OArD1F;AAAA;AAAA;AAAA;AAAA,SAsDA;AAEJ;",
      "names": []
    },
    "_coverageSchema": "1a1c01bbd47fc00a2c39e90264f33305004495a9",
    "hash": "fb08848af950f674d7704fba4fdee2aefe1e62f3"
  },
  "C:/Users/1/Desktop/Projects/fit-track/src/pages/AboutUs/components/WhyChooseBlock/WhyChoose.jsx": {
    "path": "C:/Users/1/Desktop/Projects/fit-track/src/pages/AboutUs/components/WhyChooseBlock/WhyChoose.jsx",
    "statementMap": {
      "0": {
        "start": {
          "line": 3,
          "column": 17
        },
        "end": {
          "line": 34,
          "column": 1
        }
      },
      "1": {
        "start": {
          "line": 36,
          "column": 2
        },
        "end": {
          "line": 71,
          "column": 11
        }
      },
      "2": {
        "start": {
          "line": 42,
          "column": 119
        },
        "end": {
          "line": 62,
          "column": 12
        }
      }
    },
    "fnMap": {
      "0": {
        "name": "WhyChoose",
        "decl": {
          "start": {
            "line": 35,
            "column": 16
          },
          "end": {
            "line": 35,
            "column": 25
          }
        },
        "loc": {
          "start": {
            "line": 35,
            "column": 28
          },
          "end": {
            "line": 72,
            "column": 1
          }
        },
        "line": 35
      },
      "1": {
        "name": "(anonymous_1)",
        "decl": {
          "start": {
            "line": 42,
            "column": 83
          },
          "end": {
            "line": 42,
            "column": 84
          }
        },
        "loc": {
          "start": {
            "line": 42,
            "column": 119
          },
          "end": {
            "line": 62,
            "column": 12
          }
        },
        "line": 42
      }
    },
    "branchMap": {},
    "s": {
      "0": 6,
      "1": 10,
      "2": 60
    },
    "f": {
      "0": 10,
      "1": 60
    },
    "b": {},
    "inputSourceMap": {
      "version": 3,
      "sources": [
        "C:/Users/1/Desktop/Projects/fit-track/src/pages/AboutUs/components/WhyChooseBlock/WhyChoose.jsx"
      ],
      "mappings": "AAsCY;AAtCZ,OAAO,YAAY;AAEnB,MAAM,WAAW;AAAA,EACb;AAAA,IACI,MAAM;AAAA,IACN,OAAO;AAAA,IACP,aAAa;AAAA,EACjB;AAAA,EACA;AAAA,IACI,MAAM;AAAA,IACN,OAAO;AAAA,IACP,aAAa;AAAA,EACjB;AAAA,EACA;AAAA,IACI,MAAM;AAAA,IACN,OAAO;AAAA,IACP,aAAa;AAAA,EACjB;AAAA,EACA;AAAA,IACI,MAAM;AAAA,IACN,OAAO;AAAA,IACP,aAAa;AAAA,EACjB;AAAA,EACA;AAAA,IACI,MAAM;AAAA,IACN,OAAO;AAAA,IACP,aAAa;AAAA,EACjB;AAAA,EACA;AAAA,IACI,MAAM;AAAA,IACN,OAAO;AAAA,IACP,aAAa;AAAA,EACjB;AACJ;AAEO,gBAAS,YAAY;AACxB,SACI,uBAAC,aAAQ,WAAW,OAAO,WACvB;AAAA,2BAAC,QAAG,WAAW,OAAO,OAAO,mCAA7B;AAAA;AAAA;AAAA;AAAA,WAAgD;AAAA,IAEhD,uBAAC,SAAI,WAAW,OAAO,MAClB,mBAAS,IAAI,CAAC,SAAS,UACpB,uBAAC,SAAgB,WAAW,OAAO,MAC/B;AAAA,6BAAC,SAAI,WAAW,OAAO,MAAO,kBAAQ,QAAtC;AAAA;AAAA;AAAA;AAAA,aAA2C;AAAA,MAC3C,uBAAC,QAAG,WAAW,OAAO,WAAY,kBAAQ,SAA1C;AAAA;AAAA;AAAA;AAAA,aAAgD;AAAA,MAChD,uBAAC,OAAE,WAAW,OAAO,iBAAkB,kBAAQ,eAA/C;AAAA;AAAA;AAAA;AAAA,aAA2D;AAAA,SAHrD,OAAV;AAAA;AAAA;AAAA;AAAA,WAIA,CACH,KAPL;AAAA;AAAA;AAAA;AAAA,WAQA;AAAA,OAXJ;AAAA;AAAA;AAAA;AAAA,SAYA;AAER;",
      "names": []
    },
    "_coverageSchema": "1a1c01bbd47fc00a2c39e90264f33305004495a9",
    "hash": "4e1a8676d58dfe57231f61e8fd25e77638599e70"
  }
}