<?xml version="1.0" encoding="UTF-8"?>
<coverage generated="1765361147026" clover="3.2.0">
  <project timestamp="1765361147026" name="All files">
    <metrics statements="261" coveredstatements="175" conditionals="149" coveredconditionals="92" methods="92" coveredmethods="60" elements="502" coveredelements="327" complexity="0" loc="261" ncloc="261" packages="14" files="14" classes="14"/>
    <package name="api">
      <metrics statements="31" coveredstatements="4" conditionals="14" coveredconditionals="0" methods="13" coveredmethods="2"/>
      <file name="client.js" path="C:/Users/1/Desktop/Projects/fit-track/src/api/client.js">
        <metrics statements="31" coveredstatements="4" conditionals="14" coveredconditionals="0" methods="13" coveredmethods="2"/>
        <line num="1" count="71" type="stmt"/>
        <line num="5" count="71" type="stmt"/>
        <line num="9" count="71" type="stmt"/>
        <line num="12" count="0" type="stmt"/>
        <line num="15" count="0" type="stmt"/>
        <line num="18" count="0" type="stmt"/>
        <line num="21" count="0" type="stmt"/>
        <line num="25" count="0" type="stmt"/>
        <line num="26" count="0" type="stmt"/>
        <line num="28" count="0" type="cond" truecount="0" falsecount="1"/>
        <line num="29" count="0" type="stmt"/>
        <line num="32" count="0" type="stmt"/>
        <line num="34" count="0" type="stmt"/>
        <line num="35" count="0" type="stmt"/>
        <line num="37" count="0" type="cond" truecount="0" falsecount="1"/>
        <line num="38" count="0" type="cond" truecount="0" falsecount="2"/>
        <line num="40" count="0" type="stmt"/>
        <line num="44" count="0" type="stmt"/>
        <line num="48" count="0" type="cond" truecount="0" falsecount="1"/>
        <line num="49" count="0" type="stmt"/>
        <line num="53" count="0" type="stmt"/>
        <line num="57" count="0" type="cond" truecount="0" falsecount="1"/>
        <line num="58" count="0" type="stmt"/>
        <line num="62" count="0" type="cond" truecount="0" falsecount="2"/>
        <line num="63" count="0" type="stmt"/>
        <line num="67" count="0" type="stmt"/>
        <line num="68" count="0" type="cond" truecount="0" falsecount="2"/>
        <line num="72" count="0" type="stmt"/>
        <line num="80" count="0" type="stmt"/>
        <line num="87" count="0" type="stmt"/>
        <line num="93" count="71" type="stmt"/>
      </file>
    </package>
    <package name="components.Button">
      <metrics statements="1" coveredstatements="1" conditionals="4" coveredconditionals="4" methods="1" coveredmethods="1"/>
      <file name="Button.jsx" path="C:/Users/1/Desktop/Projects/fit-track/src/components/Button/Button.jsx">
        <metrics statements="1" coveredstatements="1" conditionals="4" coveredconditionals="4" methods="1" coveredmethods="1"/>
        <line num="12" count="880" type="stmt"/>
      </file>
    </package>
    <package name="components.Footer">
      <metrics statements="1" coveredstatements="1" conditionals="0" coveredconditionals="0" methods="1" coveredmethods="1"/>
      <file name="Footer.jsx" path="C:/Users/1/Desktop/Projects/fit-track/src/components/Footer/Footer.jsx">
        <metrics statements="1" coveredstatements="1" conditionals="0" coveredconditionals="0" methods="1" coveredmethods="1"/>
        <line num="4" count="12" type="stmt"/>
      </file>
    </package>
    <package name="components.LoginModal">
      <metrics statements="23" coveredstatements="22" conditionals="17" coveredconditionals="12" methods="6" coveredmethods="5"/>
      <file name="LoginModal.jsx" path="C:/Users/1/Desktop/Projects/fit-track/src/components/LoginModal/LoginModal.jsx">
        <metrics statements="23" coveredstatements="22" conditionals="17" coveredconditionals="12" methods="6" coveredmethods="5"/>
        <line num="7" count="675" type="stmt"/>
        <line num="8" count="675" type="stmt"/>
        <line num="9" count="675" type="stmt"/>
        <line num="10" count="675" type="stmt"/>
        <line num="11" count="675" type="stmt"/>
        <line num="12" count="675" type="stmt"/>
        <line num="14" count="675" type="cond" truecount="1" falsecount="0"/>
        <line num="16" count="650" type="stmt"/>
        <line num="17" count="25" type="stmt"/>
        <line num="18" count="25" type="stmt"/>
        <line num="19" count="25" type="stmt"/>
        <line num="21" count="25" type="cond" truecount="1" falsecount="1"/>
        <line num="23" count="25" type="stmt"/>
        <line num="25" count="25" type="cond" truecount="2" falsecount="0"/>
        <line num="26" count="15" type="stmt"/>
        <line num="27" count="15" type="stmt"/>
        <line num="28" count="15" type="stmt"/>
        <line num="30" count="10" type="stmt"/>
        <line num="34" count="650" type="stmt"/>
        <line num="36" count="75" type="stmt"/>
        <line num="44" count="390" type="stmt"/>
        <line num="52" count="170" type="stmt"/>
        <line num="62" count="0" type="cond" truecount="1" falsecount="1"/>
      </file>
    </package>
    <package name="components.TabSwitcher">
      <metrics statements="5" coveredstatements="5" conditionals="2" coveredconditionals="2" methods="3" coveredmethods="2"/>
      <file name="TabSwticher.jsx" path="C:/Users/1/Desktop/Projects/fit-track/src/components/TabSwitcher/TabSwticher.jsx">
        <metrics statements="5" coveredstatements="5" conditionals="2" coveredconditionals="2" methods="3" coveredmethods="2"/>
        <line num="10" count="40" type="stmt"/>
        <line num="11" count="40" type="stmt"/>
        <line num="13" count="40" type="stmt"/>
        <line num="14" count="40" type="stmt"/>
        <line num="16" count="40" type="stmt"/>
      </file>
    </package>
    <package name="components.UserMenu">
      <metrics statements="7" coveredstatements="6" conditionals="3" coveredconditionals="3" methods="4" coveredmethods="3"/>
      <file name="UserMenu.jsx" path="C:/Users/1/Desktop/Projects/fit-track/src/components/UserMenu/UserMenu.jsx">
        <metrics statements="7" coveredstatements="6" conditionals="3" coveredconditionals="3" methods="4" coveredmethods="3"/>
        <line num="7" count="55" type="stmt"/>
        <line num="8" count="55" type="stmt"/>
        <line num="10" count="55" type="cond" truecount="1" falsecount="0"/>
        <line num="12" count="40" type="stmt"/>
        <line num="14" count="10" type="stmt"/>
        <line num="21" count="10" type="stmt"/>
        <line num="22" count="0" type="stmt"/>
      </file>
    </package>
    <package name="components.WorkoutRunnerModal">
      <metrics statements="58" coveredstatements="38" conditionals="39" coveredconditionals="19" methods="15" coveredmethods="10"/>
      <file name="WorkoutRunnerModal.jsx" path="C:/Users/1/Desktop/Projects/fit-track/src/components/WorkoutRunnerModal/WorkoutRunnerModal.jsx">
        <metrics statements="58" coveredstatements="38" conditionals="39" coveredconditionals="19" methods="15" coveredmethods="10"/>
        <line num="6" count="80" type="stmt"/>
        <line num="13" count="80" type="stmt"/>
        <line num="14" count="80" type="stmt"/>
        <line num="16" count="80" type="stmt"/>
        <line num="17" count="40" type="cond" truecount="1" falsecount="0"/>
        <line num="18" count="30" type="cond" truecount="3" falsecount="1"/>
        <line num="19" count="30" type="stmt"/>
        <line num="20" count="30" type="cond" truecount="1" falsecount="1"/>
        <line num="21" count="30" type="stmt"/>
        <line num="30" count="80" type="stmt"/>
        <line num="31" count="130" type="cond" truecount="1" falsecount="0"/>
        <line num="32" count="18" type="stmt"/>
        <line num="33" count="18" type="stmt"/>
        <line num="37" count="80" type="stmt"/>
        <line num="38" count="18" type="stmt"/>
        <line num="39" count="18" type="cond" truecount="0" falsecount="1"/>
        <line num="40" count="0" type="stmt"/>
        <line num="41" count="0" type="stmt"/>
        <line num="43" count="18" type="stmt"/>
        <line num="46" count="80" type="stmt"/>
        <line num="47" count="70" type="stmt"/>
        <line num="48" count="70" type="cond" truecount="1" falsecount="0"/>
        <line num="49" count="60" type="cond" truecount="1" falsecount="0"/>
        <line num="50" count="30" type="stmt"/>
        <line num="51" count="0" type="stmt"/>
        <line num="52" count="0" type="cond" truecount="0" falsecount="1"/>
        <line num="53" count="0" type="stmt"/>
        <line num="56" count="0" type="cond" truecount="0" falsecount="2"/>
        <line num="57" count="0" type="cond" truecount="0" falsecount="2"/>
        <line num="58" count="0" type="stmt"/>
        <line num="59" count="0" type="cond" truecount="0" falsecount="2"/>
        <line num="61" count="0" type="stmt"/>
        <line num="69" count="0" type="stmt"/>
        <line num="70" count="0" type="stmt"/>
        <line num="71" count="0" type="cond" truecount="0" falsecount="2"/>
        <line num="72" count="0" type="stmt"/>
        <line num="82" count="60" type="stmt"/>
        <line num="85" count="80" type="stmt"/>
        <line num="86" count="40" type="cond" truecount="1" falsecount="0"/>
        <line num="87" count="30" type="cond" truecount="0" falsecount="1"/>
        <line num="88" count="0" type="cond" truecount="0" falsecount="1"/>
        <line num="89" count="0" type="stmt"/>
        <line num="91" count="0" type="stmt"/>
        <line num="92" count="0" type="stmt"/>
        <line num="95" count="30" type="stmt"/>
        <line num="96" count="12" type="cond" truecount="0" falsecount="1"/>
        <line num="97" count="0" type="stmt"/>
        <line num="98" count="0" type="stmt"/>
        <line num="103" count="80" type="stmt"/>
        <line num="105" count="80" type="stmt"/>
        <line num="106" count="60" type="stmt"/>
        <line num="107" count="60" type="stmt"/>
        <line num="108" count="60" type="stmt"/>
        <line num="111" count="80" type="cond" truecount="1" falsecount="0"/>
        <line num="113" count="60" type="stmt"/>
        <line num="115" count="60" type="stmt"/>
        <line num="117" count="18" type="stmt"/>
        <line num="149" count="120" type="stmt"/>
      </file>
    </package>
    <package name="hooks">
      <metrics statements="56" coveredstatements="31" conditionals="2" coveredconditionals="0" methods="17" coveredmethods="9"/>
      <file name="useAuth.js" path="C:/Users/1/Desktop/Projects/fit-track/src/hooks/useAuth.js">
        <metrics statements="56" coveredstatements="31" conditionals="2" coveredconditionals="0" methods="17" coveredmethods="9"/>
        <line num="4" count="58" type="stmt"/>
        <line num="5" count="58" type="stmt"/>
        <line num="6" count="58" type="stmt"/>
        <line num="8" count="9" type="stmt"/>
        <line num="9" count="49" type="stmt"/>
        <line num="10" count="49" type="stmt"/>
        <line num="11" count="9" type="stmt"/>
        <line num="12" count="0" type="stmt"/>
        <line num="13" count="0" type="stmt"/>
        <line num="14" count="0" type="stmt"/>
        <line num="16" count="9" type="stmt"/>
        <line num="17" count="9" type="stmt"/>
        <line num="18" count="97" type="cond" truecount="0" falsecount="1"/>
        <line num="19" count="0" type="stmt"/>
        <line num="20" count="0" type="stmt"/>
        <line num="22" count="49" type="stmt"/>
        <line num="23" count="58" type="cond" truecount="0" falsecount="1"/>
        <line num="24" count="49" type="stmt"/>
        <line num="25" count="9" type="stmt"/>
        <line num="26" count="58" type="stmt"/>
        <line num="27" count="58" type="stmt"/>
        <line num="28" count="9" type="stmt"/>
        <line num="29" count="0" type="stmt"/>
        <line num="31" count="49" type="stmt"/>
        <line num="32" count="49" type="stmt"/>
        <line num="33" count="49" type="stmt"/>
        <line num="35" count="0" type="stmt"/>
        <line num="36" count="0" type="stmt"/>
        <line num="37" count="640" type="stmt"/>
        <line num="38" count="640" type="stmt"/>
        <line num="41" count="640" type="stmt"/>
        <line num="42" count="97" type="stmt"/>
        <line num="43" count="0" type="stmt"/>
        <line num="45" count="0" type="stmt"/>
        <line num="46" count="97" type="stmt"/>
        <line num="47" count="640" type="stmt"/>
        <line num="48" count="0" type="stmt"/>
        <line num="49" count="0" type="stmt"/>
        <line num="50" count="640" type="stmt"/>
        <line num="51" count="0" type="stmt"/>
        <line num="52" count="0" type="stmt"/>
        <line num="53" count="0" type="stmt"/>
        <line num="55" count="0" type="stmt"/>
        <line num="56" count="0" type="stmt"/>
        <line num="57" count="640" type="stmt"/>
        <line num="58" count="0" type="stmt"/>
        <line num="59" count="0" type="stmt"/>
        <line num="60" count="640" type="stmt"/>
        <line num="61" count="0" type="stmt"/>
        <line num="62" count="0" type="stmt"/>
        <line num="63" count="0" type="stmt"/>
        <line num="65" count="640" type="stmt"/>
        <line num="66" count="0" type="stmt"/>
        <line num="67" count="640" type="stmt"/>
        <line num="70" count="0" type="stmt"/>
        <line num="71" count="0" type="stmt"/>
      </file>
    </package>
    <package name="pages.AboutUs.components.Testimonials">
      <metrics statements="3" coveredstatements="3" conditionals="0" coveredconditionals="0" methods="2" coveredmethods="2"/>
      <file name="Testimonials.jsx" path="C:/Users/1/Desktop/Projects/fit-track/src/pages/AboutUs/components/Testimonials/Testimonials.jsx">
        <metrics statements="3" coveredstatements="3" conditionals="0" coveredconditionals="0" methods="2" coveredmethods="2"/>
        <line num="3" count="6" type="stmt"/>
        <line num="25" count="10" type="stmt"/>
        <line num="31" count="30" type="stmt"/>
      </file>
    </package>
    <package name="pages.AboutUs.components.WhyChooseBlock">
      <metrics statements="3" coveredstatements="3" conditionals="0" coveredconditionals="0" methods="2" coveredmethods="2"/>
      <file name="WhyChoose.jsx" path="C:/Users/1/Desktop/Projects/fit-track/src/pages/AboutUs/components/WhyChooseBlock/WhyChoose.jsx">
        <metrics statements="3" coveredstatements="3" conditionals="0" coveredconditionals="0" methods="2" coveredmethods="2"/>
        <line num="3" count="6" type="stmt"/>
        <line num="37" count="10" type="stmt"/>
        <line num="43" count="60" type="stmt"/>
      </file>
    </package>
    <package name="pages.Stats.components.AnalyticsSection">
      <metrics statements="22" coveredstatements="22" conditionals="27" coveredconditionals="23" methods="9" coveredmethods="9"/>
      <file name="AnalyticsSection.jsx" path="C:/Users/1/Desktop/Projects/fit-track/src/pages/Stats/components/AnalyticsSection/AnalyticsSection.jsx">
        <metrics statements="22" coveredstatements="22" conditionals="27" coveredconditionals="23" methods="9" coveredmethods="9"/>
        <line num="5" count="18" type="stmt"/>
        <line num="6" count="18" type="cond" truecount="3" falsecount="0"/>
        <line num="7" count="8" type="stmt"/>
        <line num="21" count="10" type="stmt"/>
        <line num="23" count="112" type="cond" truecount="2" falsecount="0"/>
        <line num="25" count="10" type="cond" truecount="1" falsecount="1"/>
        <line num="26" count="112" type="stmt"/>
        <line num="29" count="10" type="stmt"/>
        <line num="30" count="112" type="stmt"/>
        <line num="31" count="112" type="cond" truecount="2" falsecount="0"/>
        <line num="32" count="112" type="stmt"/>
        <line num="34" count="10" type="stmt"/>
        <line num="36" count="112" type="stmt"/>
        <line num="38" count="10" type="stmt"/>
        <line num="39" count="112" type="cond" truecount="2" falsecount="0"/>
        <line num="40" count="112" type="stmt"/>
        <line num="43" count="10" type="cond" truecount="1" falsecount="1"/>
        <line num="44" count="6" type="stmt"/>
        <line num="47" count="10" type="stmt"/>
        <line num="61" count="18" type="stmt"/>
        <line num="82" count="18" type="stmt"/>
        <line num="158" count="54" type="stmt"/>
      </file>
    </package>
    <package name="pages.Stats.components.Table">
      <metrics statements="22" coveredstatements="17" conditionals="20" coveredconditionals="13" methods="7" coveredmethods="5"/>
      <file name="Table.jsx" path="C:/Users/1/Desktop/Projects/fit-track/src/pages/Stats/components/Table/Table.jsx">
        <metrics statements="22" coveredstatements="17" conditionals="20" coveredconditionals="13" methods="7" coveredmethods="5"/>
        <line num="7" count="48" type="stmt"/>
        <line num="8" count="48" type="stmt"/>
        <line num="10" count="48" type="stmt"/>
        <line num="18" count="48" type="stmt"/>
        <line num="19" count="24" type="stmt"/>
        <line num="20" count="24" type="stmt"/>
        <line num="23" count="48" type="stmt"/>
        <line num="24" count="6" type="cond" truecount="3" falsecount="1"/>
        <line num="26" count="6" type="stmt"/>
        <line num="34" count="6" type="stmt"/>
        <line num="35" count="6" type="cond" truecount="1" falsecount="1"/>
        <line num="36" count="6" type="stmt"/>
        <line num="38" count="0" type="stmt"/>
        <line num="42" count="48" type="stmt"/>
        <line num="43" count="0" type="stmt"/>
        <line num="44" count="0" type="cond" truecount="0" falsecount="1"/>
        <line num="45" count="0" type="stmt"/>
        <line num="49" count="48" type="cond" truecount="1" falsecount="0"/>
        <line num="50" count="8" type="stmt"/>
        <line num="60" count="40" type="stmt"/>
        <line num="155" count="4" type="stmt"/>
        <line num="163" count="0" type="stmt"/>
      </file>
    </package>
    <package name="pages.Workouts.components.SearchSection">
      <metrics statements="5" coveredstatements="5" conditionals="2" coveredconditionals="2" methods="4" coveredmethods="4"/>
      <file name="SearchSection.jsx" path="C:/Users/1/Desktop/Projects/fit-track/src/pages/Workouts/components/SearchSection/SearchSection.jsx">
        <metrics statements="5" coveredstatements="5" conditionals="2" coveredconditionals="2" methods="4" coveredmethods="4"/>
        <line num="5" count="7" type="stmt"/>
        <line num="7" count="7" type="stmt"/>
        <line num="13" count="42" type="stmt"/>
        <line num="16" count="5" type="stmt"/>
        <line num="28" count="8" type="stmt"/>
      </file>
    </package>
    <package name="pages.Workouts.components.TrainingsSection">
      <metrics statements="24" coveredstatements="17" conditionals="19" coveredconditionals="14" methods="8" coveredmethods="5"/>
      <file name="TrainingSection.jsx" path="C:/Users/1/Desktop/Projects/fit-track/src/pages/Workouts/components/TrainingsSection/TrainingSection.jsx">
        <metrics statements="24" coveredstatements="17" conditionals="19" coveredconditionals="14" methods="8" coveredmethods="5"/>
        <line num="8" count="50" type="stmt"/>
        <line num="9" count="50" type="stmt"/>
        <line num="10" count="50" type="stmt"/>
        <line num="12" count="50" type="stmt"/>
        <line num="13" count="10" type="cond" truecount="1" falsecount="1"/>
        <line num="16" count="50" type="stmt"/>
        <line num="17" count="0" type="cond" truecount="0" falsecount="4"/>
        <line num="18" count="0" type="stmt"/>
        <line num="19" count="0" type="stmt"/>
        <line num="22" count="50" type="stmt"/>
        <line num="23" count="0" type="stmt"/>
        <line num="24" count="0" type="stmt"/>
        <line num="27" count="50" type="cond" truecount="1" falsecount="0"/>
        <line num="28" count="12" type="stmt"/>
        <line num="35" count="38" type="cond" truecount="1" falsecount="0"/>
        <line num="36" count="10" type="stmt"/>
        <line num="43" count="28" type="cond" truecount="3" falsecount="0"/>
        <line num="44" count="8" type="stmt"/>
        <line num="51" count="20" type="stmt"/>
        <line num="55" count="20" type="stmt"/>
        <line num="58" count="10" type="stmt"/>
        <line num="79" count="12" type="stmt"/>
        <line num="92" count="0" type="stmt"/>
        <line num="93" count="0" type="stmt"/>
      </file>
    </package>
  </project>
</coverage>
