{"total": {"lines":{"total":261,"covered":175,"skipped":0,"pct":67.04},"statements":{"total":296,"covered":194,"skipped":0,"pct":65.54},"functions":{"total":92,"covered":60,"skipped":0,"pct":65.21},"branches":{"total":149,"covered":92,"skipped":0,"pct":61.74},"branchesTrue":{"total":0,"covered":0,"skipped":0,"pct":100}}
,"C:/Users/1/Desktop/Projects/fit-track/src/api/client.js": {"lines":{"total":31,"covered":4,"skipped":0,"pct":12.9},"functions":{"total":13,"covered":2,"skipped":0,"pct":15.38},"statements":{"total":33,"covered":4,"skipped":0,"pct":12.12},"branches":{"total":14,"covered":0,"skipped":0,"pct":0}}
,"C:/Users/1/Desktop/Projects/fit-track/src/components/Button/Button.jsx": {"lines":{"total":1,"covered":1,"skipped":0,"pct":100},"functions":{"total":1,"covered":1,"skipped":0,"pct":100},"statements":{"total":1,"covered":1,"skipped":0,"pct":100},"branches":{"total":4,"covered":4,"skipped":0,"pct":100}}
,"C:/Users/1/Desktop/Projects/fit-track/src/components/Footer/Footer.jsx": {"lines":{"total":1,"covered":1,"skipped":0,"pct":100},"functions":{"total":1,"covered":1,"skipped":0,"pct":100},"statements":{"total":1,"covered":1,"skipped":0,"pct":100},"branches":{"total":0,"covered":0,"skipped":0,"pct":100}}
,"C:/Users/1/Desktop/Projects/fit-track/src/components/LoginModal/LoginModal.jsx": {"lines":{"total":23,"covered":22,"skipped":0,"pct":95.65},"functions":{"total":6,"covered":5,"skipped":0,"pct":83.33},"statements":{"total":24,"covered":23,"skipped":0,"pct":95.83},"branches":{"total":17,"covered":12,"skipped":0,"pct":70.58}}
,"C:/Users/1/Desktop/Projects/fit-track/src/components/TabSwitcher/TabSwticher.jsx": {"lines":{"total":5,"covered":5,"skipped":0,"pct":100},"functions":{"total":3,"covered":2,"skipped":0,"pct":66.66},"statements":{"total":7,"covered":6,"skipped":0,"pct":85.71},"branches":{"total":2,"covered":2,"skipped":0,"pct":100}}
,"C:/Users/1/Desktop/Projects/fit-track/src/components/UserMenu/UserMenu.jsx": {"lines":{"total":7,"covered":6,"skipped":0,"pct":85.71},"functions":{"total":4,"covered":3,"skipped":0,"pct":75},"statements":{"total":8,"covered":7,"skipped":0,"pct":87.5},"branches":{"total":3,"covered":3,"skipped":0,"pct":100}}
,"C:/Users/1/Desktop/Projects/fit-track/src/components/WorkoutRunnerModal/WorkoutRunnerModal.jsx": {"lines":{"total":58,"covered":38,"skipped":0,"pct":65.51},"functions":{"total":15,"covered":10,"skipped":0,"pct":66.66},"statements":{"total":66,"covered":42,"skipped":0,"pct":63.63},"branches":{"total":39,"covered":19,"skipped":0,"pct":48.71}}
,"C:/Users/1/Desktop/Projects/fit-track/src/hooks/useAuth.js": {"lines":{"total":56,"covered":31,"skipped":0,"pct":55.35},"functions":{"total":17,"covered":9,"skipped":0,"pct":52.94},"statements":{"total":72,"covered":40,"skipped":0,"pct":55.55},"branches":{"total":2,"covered":0,"skipped":0,"pct":0}}
,"C:/Users/1/Desktop/Projects/fit-track/src/pages/AboutUs/components/Testimonials/Testimonials.jsx": {"lines":{"total":3,"covered":3,"skipped":0,"pct":100},"functions":{"total":2,"covered":2,"skipped":0,"pct":100},"statements":{"total":3,"covered":3,"skipped":0,"pct":100},"branches":{"total":0,"covered":0,"skipped":0,"pct":100}}
,"C:/Users/1/Desktop/Projects/fit-track/src/pages/AboutUs/components/WhyChooseBlock/WhyChoose.jsx": {"lines":{"total":3,"covered":3,"skipped":0,"pct":100},"functions":{"total":2,"covered":2,"skipped":0,"pct":100},"statements":{"total":3,"covered":3,"skipped":0,"pct":100},"branches":{"total":0,"covered":0,"skipped":0,"pct":100}}
,"C:/Users/1/Desktop/Projects/fit-track/src/pages/Stats/components/AnalyticsSection/AnalyticsSection.jsx": {"lines":{"total":22,"covered":22,"skipped":0,"pct":100},"functions":{"total":9,"covered":9,"skipped":0,"pct":100},"statements":{"total":24,"covered":24,"skipped":0,"pct":100},"branches":{"total":27,"covered":23,"skipped":0,"pct":85.18}}
,"C:/Users/1/Desktop/Projects/fit-track/src/pages/Stats/components/Table/Table.jsx": {"lines":{"total":22,"covered":17,"skipped":0,"pct":77.27},"functions":{"total":7,"covered":5,"skipped":0,"pct":71.42},"statements":{"total":24,"covered":18,"skipped":0,"pct":75},"branches":{"total":20,"covered":13,"skipped":0,"pct":65}}
,"C:/Users/1/Desktop/Projects/fit-track/src/pages/Workouts/components/SearchSection/SearchSection.jsx": {"lines":{"total":5,"covered":5,"skipped":0,"pct":100},"functions":{"total":4,"covered":4,"skipped":0,"pct":100},"statements":{"total":5,"covered":5,"skipped":0,"pct":100},"branches":{"total":2,"covered":2,"skipped":0,"pct":100}}
,"C:/Users/1/Desktop/Projects/fit-track/src/pages/Workouts/components/TrainingsSection/TrainingSection.jsx": {"lines":{"total":24,"covered":17,"skipped":0,"pct":70.83},"functions":{"total":8,"covered":5,"skipped":0,"pct":62.5},"statements":{"total":25,"covered":17,"skipped":0,"pct":68},"branches":{"total":19,"covered":14,"skipped":0,"pct":73.68}}
}
