{"C:/Users/1/Desktop/Projects/fit-track/src/api/client.js": {"path":"C:/Users/1/Desktop/Projects/fit-track/src/api/client.js","statementMap":{"0":{"start":{"line":1,"column":16},"end":{"line":1,"column":43}},"1":{"start":{"line":5,"column":4},"end":{"line":5,"column":null}},"2":{"start":{"line":9,"column":4},"end":{"line":9,"column":null}},"3":{"start":{"line":12,"column":4},"end":{"line":12,"column":null}},"4":{"start":{"line":15,"column":4},"end":{"line":15,"column":null}},"5":{"start":{"line":18,"column":4},"end":{"line":18,"column":null}},"6":{"start":{"line":21,"column":4},"end":{"line":21,"column":null}},"7":{"start":{"line":25,"column":18},"end":{"line":25,"column":33}},"8":{"start":{"line":26,"column":20},"end":{"line":26,"column":78}},"9":{"start":{"line":28,"column":4},"end":{"line":30,"column":null}},"10":{"start":{"line":29,"column":6},"end":{"line":29,"column":null}},"11":{"start":{"line":32,"column":19},"end":{"line":32,"column":42}},"12":{"start":{"line":34,"column":21},"end":{"line":34,"column":70}},"13":{"start":{"line":35,"column":17},"end":{"line":35,"column":38}},"14":{"start":{"line":37,"column":4},"end":{"line":39,"column":null}},"15":{"start":{"line":38,"column":6},"end":{"line":38,"column":null}},"16":{"start":{"line":40,"column":4},"end":{"line":40,"column":null}},"17":{"start":{"line":44,"column":17},"end":{"line":47,"column":6}},"18":{"start":{"line":48,"column":4},"end":{"line":48,"column":null}},"19":{"start":{"line":48,"column":20},"end":{"line":48,"column":null}},"20":{"start":{"line":49,"column":4},"end":{"line":49,"column":null}},"21":{"start":{"line":53,"column":17},"end":{"line":56,"column":6}},"22":{"start":{"line":57,"column":4},"end":{"line":57,"column":null}},"23":{"start":{"line":57,"column":20},"end":{"line":57,"column":null}},"24":{"start":{"line":58,"column":4},"end":{"line":58,"column":null}},"25":{"start":{"line":62,"column":23},"end":{"line":62,"column":44}},"26":{"start":{"line":63,"column":4},"end":{"line":63,"column":null}},"27":{"start":{"line":67,"column":24},"end":{"line":67,"column":62}},"28":{"start":{"line":68,"column":4},"end":{"line":68,"column":null}},"29":{"start":{"line":72,"column":20},"end":{"line":78,"column":5}},"30":{"start":{"line":80,"column":4},"end":{"line":83,"column":null}},"31":{"start":{"line":87,"column":4},"end":{"line":89,"column":null}},"32":{"start":{"line":93,"column":25},"end":{"line":93,"column":40}}},"fnMap":{"0":{"name":"(anonymous_0)","decl":{"start":{"line":4,"column":2},"end":{"line":4,"column":13}},"loc":{"start":{"line":4,"column":16},"end":{"line":6,"column":null}}},"1":{"name":"(anonymous_1)","decl":{"start":{"line":8,"column":2},"end":{"line":8,"column":10}},"loc":{"start":{"line":8,"column":13},"end":{"line":10,"column":null}}},"2":{"name":"(anonymous_2)","decl":{"start":{"line":11,"column":2},"end":{"line":11,"column":10}},"loc":{"start":{"line":11,"column":18},"end":{"line":13,"column":null}}},"3":{"name":"(anonymous_3)","decl":{"start":{"line":14,"column":2},"end":{"line":14,"column":13}},"loc":{"start":{"line":14,"column":16},"end":{"line":16,"column":null}}},"4":{"name":"(anonymous_4)","decl":{"start":{"line":17,"column":2},"end":{"line":17,"column":12}},"loc":{"start":{"line":17,"column":15},"end":{"line":19,"column":null}}},"5":{"name":"(anonymous_5)","decl":{"start":{"line":20,"column":2},"end":{"line":20,"column":8}},"loc":{"start":{"line":20,"column":11},"end":{"line":22,"column":null}}},"6":{"name":"(anonymous_6)","decl":{"start":{"line":24,"column":2},"end":{"line":24,"column":7}},"loc":{"start":{"line":24,"column":40},"end":{"line":41,"column":null}}},"7":{"name":"(anonymous_7)","decl":{"start":{"line":43,"column":2},"end":{"line":43,"column":7}},"loc":{"start":{"line":43,"column":34},"end":{"line":50,"column":null}}},"8":{"name":"(anonymous_8)","decl":{"start":{"line":52,"column":2},"end":{"line":52,"column":7}},"loc":{"start":{"line":52,"column":31},"end":{"line":59,"column":null}}},"9":{"name":"(anonymous_9)","decl":{"start":{"line":61,"column":2},"end":{"line":61,"column":7}},"loc":{"start":{"line":61,"column":50},"end":{"line":64,"column":null}}},"10":{"name":"(anonymous_10)","decl":{"start":{"line":66,"column":2},"end":{"line":66,"column":7}},"loc":{"start":{"line":66,"column":30},"end":{"line":69,"column":null}}},"11":{"name":"(anonymous_11)","decl":{"start":{"line":71,"column":2},"end":{"line":71,"column":7}},"loc":{"start":{"line":71,"column":25},"end":{"line":84,"column":null}}},"12":{"name":"(anonymous_12)","decl":{"start":{"line":86,"column":2},"end":{"line":86,"column":7}},"loc":{"start":{"line":86,"column":23},"end":{"line":90,"column":null}}}},"branchMap":{"0":{"loc":{"start":{"line":24,"column":26},"end":{"line":24,"column":38}},"type":"default-arg","locations":[{"start":{"line":24,"column":36},"end":{"line":24,"column":38}}]},"1":{"loc":{"start":{"line":28,"column":4},"end":{"line":30,"column":null}},"type":"if","locations":[{"start":{"line":28,"column":4},"end":{"line":30,"column":null}}]},"2":{"loc":{"start":{"line":37,"column":4},"end":{"line":39,"column":null}},"type":"if","locations":[{"start":{"line":37,"column":4},"end":{"line":39,"column":null}}]},"3":{"loc":{"start":{"line":38,"column":22},"end":{"line":38,"column":58}},"type":"binary-expr","locations":[{"start":{"line":38,"column":22},"end":{"line":38,"column":32}},{"start":{"line":38,"column":36},"end":{"line":38,"column":58}}]},"4":{"loc":{"start":{"line":48,"column":4},"end":{"line":48,"column":null}},"type":"if","locations":[{"start":{"line":48,"column":4},"end":{"line":48,"column":null}}]},"5":{"loc":{"start":{"line":57,"column":4},"end":{"line":57,"column":null}},"type":"if","locations":[{"start":{"line":57,"column":4},"end":{"line":57,"column":null}}]},"6":{"loc":{"start":{"line":61,"column":20},"end":{"line":61,"column":36}},"type":"default-arg","locations":[{"start":{"line":61,"column":31},"end":{"line":61,"column":36}}]},"7":{"loc":{"start":{"line":61,"column":38},"end":{"line":61,"column":48}},"type":"default-arg","locations":[{"start":{"line":61,"column":46},"end":{"line":61,"column":48}}]},"8":{"loc":{"start":{"line":62,"column":23},"end":{"line":62,"column":44}},"type":"binary-expr","locations":[{"start":{"line":62,"column":23},"end":{"line":62,"column":35}},{"start":{"line":62,"column":39},"end":{"line":62,"column":44}}]},"9":{"loc":{"start":{"line":66,"column":17},"end":{"line":66,"column":28}},"type":"default-arg","locations":[{"start":{"line":66,"column":26},"end":{"line":66,"column":28}}]},"10":{"loc":{"start":{"line":68,"column":33},"end":{"line":68,"column":69}},"type":"cond-expr","locations":[{"start":{"line":68,"column":47},"end":{"line":68,"column":64}},{"start":{"line":68,"column":67},"end":{"line":68,"column":69}}]}},"s":{"0":71,"1":71,"2":71,"3":0,"4":0,"5":0,"6":0,"7":0,"8":0,"9":0,"10":0,"11":0,"12":0,"13":0,"14":0,"15":0,"16":0,"17":0,"18":0,"19":0,"20":0,"21":0,"22":0,"23":0,"24":0,"25":0,"26":0,"27":0,"28":0,"29":0,"30":0,"31":0,"32":71},"f":{"0":71,"1":71,"2":0,"3":0,"4":0,"5":0,"6":0,"7":0,"8":0,"9":0,"10":0,"11":0,"12":0},"b":{"0":[0],"1":[0],"2":[0],"3":[0,0],"4":[0],"5":[0],"6":[0],"7":[0],"8":[0,0],"9":[0],"10":[0,0]}}
,"C:/Users/1/Desktop/Projects/fit-track/src/components/Button/Button.jsx": {"path":"C:/Users/1/Desktop/Projects/fit-track/src/components/Button/Button.jsx","statementMap":{"0":{"start":{"line":12,"column":4},"end":{"line":20,"column":null}}},"fnMap":{"0":{"name":"Button","decl":{"start":{"line":4,"column":16},"end":{"line":4,"column":23}},"loc":{"start":{"line":11,"column":3},"end":{"line":22,"column":null}}}},"branchMap":{"0":{"loc":{"start":{"line":7,"column":4},"end":{"line":7,"column":null}},"type":"default-arg","locations":[{"start":{"line":7,"column":15},"end":{"line":7,"column":null}}]},"1":{"loc":{"start":{"line":8,"column":4},"end":{"line":8,"column":null}},"type":"default-arg","locations":[{"start":{"line":8,"column":11},"end":{"line":8,"column":null}}]},"2":{"loc":{"start":{"line":9,"column":4},"end":{"line":9,"column":null}},"type":"default-arg","locations":[{"start":{"line":9,"column":14},"end":{"line":9,"column":null}}]},"3":{"loc":{"start":{"line":10,"column":4},"end":{"line":10,"column":null}},"type":"default-arg","locations":[{"start":{"line":10,"column":15},"end":{"line":10,"column":null}}]}},"s":{"0":880},"f":{"0":880},"b":{"0":[48],"1":[230],"2":[760],"3":[218]}}
,"C:/Users/1/Desktop/Projects/fit-track/src/components/Footer/Footer.jsx": {"path":"C:/Users/1/Desktop/Projects/fit-track/src/components/Footer/Footer.jsx","statementMap":{"0":{"start":{"line":4,"column":4},"end":{"line":37,"column":null}}},"fnMap":{"0":{"name":"Footer","decl":{"start":{"line":3,"column":16},"end":{"line":3,"column":25}},"loc":{"start":{"line":3,"column":25},"end":{"line":39,"column":null}}}},"branchMap":{},"s":{"0":12},"f":{"0":12},"b":{}}
,"C:/Users/1/Desktop/Projects/fit-track/src/components/LoginModal/LoginModal.jsx": {"path":"C:/Users/1/Desktop/Projects/fit-track/src/components/LoginModal/LoginModal.jsx","statementMap":{"0":{"start":{"line":7,"column":28},"end":{"line":7,"column":null}},"1":{"start":{"line":8,"column":34},"end":{"line":8,"column":null}},"2":{"start":{"line":9,"column":32},"end":{"line":9,"column":null}},"3":{"start":{"line":10,"column":28},"end":{"line":10,"column":null}},"4":{"start":{"line":11,"column":32},"end":{"line":11,"column":null}},"5":{"start":{"line":12,"column":30},"end":{"line":12,"column":null}},"6":{"start":{"line":14,"column":2},"end":{"line":14,"column":null}},"7":{"start":{"line":14,"column":15},"end":{"line":14,"column":null}},"8":{"start":{"line":16,"column":23},"end":{"line":32,"column":null}},"9":{"start":{"line":17,"column":4},"end":{"line":17,"column":null}},"10":{"start":{"line":18,"column":4},"end":{"line":18,"column":null}},"11":{"start":{"line":19,"column":4},"end":{"line":19,"column":null}},"12":{"start":{"line":21,"column":19},"end":{"line":21,"column":null}},"13":{"start":{"line":23,"column":4},"end":{"line":23,"column":null}},"14":{"start":{"line":25,"column":4},"end":{"line":31,"column":null}},"15":{"start":{"line":26,"column":6},"end":{"line":26,"column":null}},"16":{"start":{"line":27,"column":6},"end":{"line":27,"column":null}},"17":{"start":{"line":28,"column":6},"end":{"line":28,"column":null}},"18":{"start":{"line":30,"column":6},"end":{"line":30,"column":null}},"19":{"start":{"line":34,"column":2},"end":{"line":65,"column":null}},"20":{"start":{"line":36,"column":52},"end":{"line":36,"column":null}},"21":{"start":{"line":44,"column":29},"end":{"line":44,"column":null}},"22":{"start":{"line":52,"column":29},"end":{"line":52,"column":null}},"23":{"start":{"line":62,"column":31},"end":{"line":62,"column":54}}},"fnMap":{"0":{"name":"LoginModal","decl":{"start":{"line":6,"column":16},"end":{"line":6,"column":27}},"loc":{"start":{"line":6,"column":48},"end":{"line":67,"column":null}}},"1":{"name":"(anonymous_1)","decl":{"start":{"line":16,"column":23},"end":{"line":16,"column":30}},"loc":{"start":{"line":16,"column":36},"end":{"line":32,"column":null}}},"2":{"name":"(anonymous_2)","decl":{"start":{"line":36,"column":45},"end":{"line":36,"column":46}},"loc":{"start":{"line":36,"column":52},"end":{"line":36,"column":null}}},"3":{"name":"(anonymous_3)","decl":{"start":{"line":44,"column":22},"end":{"line":44,"column":23}},"loc":{"start":{"line":44,"column":29},"end":{"line":44,"column":null}}},"4":{"name":"(anonymous_4)","decl":{"start":{"line":52,"column":22},"end":{"line":52,"column":23}},"loc":{"start":{"line":52,"column":29},"end":{"line":52,"column":null}}},"5":{"name":"(anonymous_5)","decl":{"start":{"line":62,"column":25},"end":{"line":62,"column":31}},"loc":{"start":{"line":62,"column":31},"end":{"line":62,"column":54}}}},"branchMap":{"0":{"loc":{"start":{"line":14,"column":2},"end":{"line":14,"column":null}},"type":"if","locations":[{"start":{"line":14,"column":2},"end":{"line":14,"column":null}}]},"1":{"loc":{"start":{"line":21,"column":19},"end":{"line":21,"column":null}},"type":"cond-expr","locations":[{"start":{"line":21,"column":29},"end":{"line":21,"column":60}},{"start":{"line":21,"column":60},"end":{"line":21,"column":null}}]},"2":{"loc":{"start":{"line":25,"column":4},"end":{"line":31,"column":null}},"type":"if","locations":[{"start":{"line":25,"column":4},"end":{"line":31,"column":null}},{"start":{"line":29,"column":11},"end":{"line":31,"column":null}}]},"3":{"loc":{"start":{"line":37,"column":39},"end":{"line":37,"column":87}},"type":"cond-expr","locations":[{"start":{"line":37,"column":49},"end":{"line":37,"column":66}},{"start":{"line":37,"column":66},"end":{"line":37,"column":87}}]},"4":{"loc":{"start":{"line":55,"column":11},"end":{"line":55,"column":null}},"type":"binary-expr","locations":[{"start":{"line":55,"column":11},"end":{"line":55,"column":20}},{"start":{"line":55,"column":20},"end":{"line":55,"column":null}}]},"5":{"loc":{"start":{"line":57,"column":13},"end":{"line":57,"column":null}},"type":"cond-expr","locations":[{"start":{"line":57,"column":23},"end":{"line":57,"column":38}},{"start":{"line":57,"column":38},"end":{"line":57,"column":null}}]},"6":{"loc":{"start":{"line":57,"column":38},"end":{"line":57,"column":null}},"type":"cond-expr","locations":[{"start":{"line":57,"column":48},"end":{"line":57,"column":60}},{"start":{"line":57,"column":60},"end":{"line":57,"column":null}}]},"7":{"loc":{"start":{"line":61,"column":11},"end":{"line":61,"column":null}},"type":"cond-expr","locations":[{"start":{"line":61,"column":21},"end":{"line":61,"column":49}},{"start":{"line":61,"column":49},"end":{"line":61,"column":null}}]},"8":{"loc":{"start":{"line":62,"column":54},"end":{"line":62,"column":86}},"type":"cond-expr","locations":[{"start":{"line":62,"column":64},"end":{"line":62,"column":76}},{"start":{"line":62,"column":76},"end":{"line":62,"column":86}}]}},"s":{"0":675,"1":675,"2":675,"3":675,"4":675,"5":675,"6":675,"7":25,"8":650,"9":25,"10":25,"11":25,"12":25,"13":25,"14":25,"15":15,"16":15,"17":15,"18":10,"19":650,"20":75,"21":390,"22":170,"23":0},"f":{"0":675,"1":25,"2":75,"3":390,"4":170,"5":0},"b":{"0":[25],"1":[25,0],"2":[15,10],"3":[650,0],"4":[650,10],"5":[25,625],"6":[625,0],"7":[650,0],"8":[650,0]}}
,"C:/Users/1/Desktop/Projects/fit-track/src/components/TabSwitcher/TabSwticher.jsx": {"path":"C:/Users/1/Desktop/Projects/fit-track/src/components/TabSwitcher/TabSwticher.jsx","statementMap":{"0":{"start":{"line":10,"column":40},"end":{"line":10,"column":null}},"1":{"start":{"line":11,"column":19},"end":{"line":11,"column":null}},"2":{"start":{"line":13,"column":26},"end":{"line":13,"column":null}},"3":{"start":{"line":13,"column":32},"end":{"line":13,"column":null}},"4":{"start":{"line":14,"column":27},"end":{"line":14,"column":null}},"5":{"start":{"line":14,"column":33},"end":{"line":14,"column":null}},"6":{"start":{"line":16,"column":2},"end":{"line":29,"column":null}}},"fnMap":{"0":{"name":"TabSwitcher","decl":{"start":{"line":9,"column":16},"end":{"line":9,"column":30}},"loc":{"start":{"line":9,"column":30},"end":{"line":31,"column":null}}},"1":{"name":"(anonymous_1)","decl":{"start":{"line":13,"column":26},"end":{"line":13,"column":32}},"loc":{"start":{"line":13,"column":32},"end":{"line":13,"column":null}}},"2":{"name":"(anonymous_2)","decl":{"start":{"line":14,"column":27},"end":{"line":14,"column":33}},"loc":{"start":{"line":14,"column":33},"end":{"line":14,"column":null}}}},"branchMap":{"0":{"loc":{"start":{"line":24,"column":11},"end":{"line":24,"column":null}},"type":"cond-expr","locations":[{"start":{"line":24,"column":18},"end":{"line":24,"column":33}},{"start":{"line":24,"column":33},"end":{"line":24,"column":null}}]}},"s":{"0":40,"1":40,"2":40,"3":15,"4":40,"5":0,"6":40},"f":{"0":40,"1":15,"2":0},"b":{"0":[10,30]}}
,"C:/Users/1/Desktop/Projects/fit-track/src/components/UserMenu/UserMenu.jsx": {"path":"C:/Users/1/Desktop/Projects/fit-track/src/components/UserMenu/UserMenu.jsx","statementMap":{"0":{"start":{"line":7,"column":30},"end":{"line":7,"column":null}},"1":{"start":{"line":8,"column":27},"end":{"line":8,"column":null}},"2":{"start":{"line":10,"column":2},"end":{"line":10,"column":null}},"3":{"start":{"line":10,"column":13},"end":{"line":10,"column":null}},"4":{"start":{"line":12,"column":2},"end":{"line":31,"column":null}},"5":{"start":{"line":14,"column":59},"end":{"line":14,"column":null}},"6":{"start":{"line":21,"column":30},"end":{"line":21,"column":null}},"7":{"start":{"line":22,"column":30},"end":{"line":22,"column":null}}},"fnMap":{"0":{"name":"UserMenu","decl":{"start":{"line":6,"column":16},"end":{"line":6,"column":27}},"loc":{"start":{"line":6,"column":27},"end":{"line":33,"column":null}}},"1":{"name":"(anonymous_1)","decl":{"start":{"line":14,"column":53},"end":{"line":14,"column":59}},"loc":{"start":{"line":14,"column":59},"end":{"line":14,"column":null}}},"2":{"name":"(anonymous_2)","decl":{"start":{"line":21,"column":24},"end":{"line":21,"column":30}},"loc":{"start":{"line":21,"column":30},"end":{"line":21,"column":null}}},"3":{"name":"(anonymous_3)","decl":{"start":{"line":22,"column":24},"end":{"line":22,"column":30}},"loc":{"start":{"line":22,"column":30},"end":{"line":22,"column":null}}}},"branchMap":{"0":{"loc":{"start":{"line":10,"column":2},"end":{"line":10,"column":null}},"type":"if","locations":[{"start":{"line":10,"column":2},"end":{"line":10,"column":null}}]},"1":{"loc":{"start":{"line":18,"column":7},"end":{"line":29,"column":null}},"type":"binary-expr","locations":[{"start":{"line":18,"column":7},"end":{"line":18,"column":null}},{"start":{"line":19,"column":8},"end":{"line":29,"column":null}}]}},"s":{"0":55,"1":55,"2":55,"3":15,"4":40,"5":10,"6":10,"7":0},"f":{"0":55,"1":10,"2":10,"3":0},"b":{"0":[15],"1":[40,20]}}
,"C:/Users/1/Desktop/Projects/fit-track/src/components/WorkoutRunnerModal/WorkoutRunnerModal.jsx": {"path":"C:/Users/1/Desktop/Projects/fit-track/src/components/WorkoutRunnerModal/WorkoutRunnerModal.jsx","statementMap":{"0":{"start":{"line":6,"column":28},"end":{"line":12,"column":null}},"1":{"start":{"line":13,"column":22},"end":{"line":13,"column":null}},"2":{"start":{"line":14,"column":26},"end":{"line":14,"column":null}},"3":{"start":{"line":16,"column":2},"end":{"line":28,"column":null}},"4":{"start":{"line":17,"column":4},"end":{"line":17,"column":null}},"5":{"start":{"line":17,"column":17},"end":{"line":17,"column":null}},"6":{"start":{"line":18,"column":4},"end":{"line":18,"column":null}},"7":{"start":{"line":18,"column":74},"end":{"line":18,"column":null}},"8":{"start":{"line":19,"column":18},"end":{"line":19,"column":null}},"9":{"start":{"line":20,"column":24},"end":{"line":20,"column":null}},"10":{"start":{"line":21,"column":4},"end":{"line":27,"column":null}},"11":{"start":{"line":30,"column":21},"end":{"line":35,"column":null}},"12":{"start":{"line":31,"column":4},"end":{"line":34,"column":null}},"13":{"start":{"line":32,"column":6},"end":{"line":32,"column":null}},"14":{"start":{"line":33,"column":6},"end":{"line":33,"column":null}},"15":{"start":{"line":37,"column":22},"end":{"line":44,"column":null}},"16":{"start":{"line":38,"column":4},"end":{"line":38,"column":null}},"17":{"start":{"line":39,"column":4},"end":{"line":42,"column":null}},"18":{"start":{"line":40,"column":6},"end":{"line":40,"column":null}},"19":{"start":{"line":41,"column":6},"end":{"line":41,"column":null}},"20":{"start":{"line":43,"column":4},"end":{"line":43,"column":null}},"21":{"start":{"line":46,"column":2},"end":{"line":83,"column":null}},"22":{"start":{"line":47,"column":4},"end":{"line":47,"column":null}},"23":{"start":{"line":48,"column":4},"end":{"line":48,"column":null}},"24":{"start":{"line":48,"column":17},"end":{"line":48,"column":null}},"25":{"start":{"line":49,"column":4},"end":{"line":81,"column":null}},"26":{"start":{"line":50,"column":6},"end":{"line":80,"column":null}},"27":{"start":{"line":51,"column":8},"end":{"line":79,"column":null}},"28":{"start":{"line":52,"column":10},"end":{"line":54,"column":null}},"29":{"start":{"line":53,"column":12},"end":{"line":53,"column":null}},"30":{"start":{"line":56,"column":28},"end":{"line":56,"column":null}},"31":{"start":{"line":57,"column":10},"end":{"line":78,"column":null}},"32":{"start":{"line":58,"column":28},"end":{"line":58,"column":null}},"33":{"start":{"line":59,"column":12},"end":{"line":67,"column":null}},"34":{"start":{"line":59,"column":25},"end":{"line":59,"column":null}},"35":{"start":{"line":61,"column":14},"end":{"line":67,"column":null}},"36":{"start":{"line":69,"column":28},"end":{"line":69,"column":null}},"37":{"start":{"line":70,"column":27},"end":{"line":70,"column":null}},"38":{"start":{"line":71,"column":33},"end":{"line":71,"column":null}},"39":{"start":{"line":72,"column":12},"end":{"line":77,"column":null}},"40":{"start":{"line":82,"column":4},"end":{"line":82,"column":null}},"41":{"start":{"line":85,"column":2},"end":{"line":101,"column":null}},"42":{"start":{"line":86,"column":4},"end":{"line":86,"column":null}},"43":{"start":{"line":86,"column":17},"end":{"line":86,"column":null}},"44":{"start":{"line":87,"column":4},"end":{"line":94,"column":null}},"45":{"start":{"line":88,"column":6},"end":{"line":90,"column":null}},"46":{"start":{"line":89,"column":8},"end":{"line":89,"column":null}},"47":{"start":{"line":91,"column":6},"end":{"line":93,"column":null}},"48":{"start":{"line":92,"column":8},"end":{"line":92,"column":null}},"49":{"start":{"line":95,"column":4},"end":{"line":100,"column":null}},"50":{"start":{"line":96,"column":6},"end":{"line":99,"column":null}},"51":{"start":{"line":97,"column":8},"end":{"line":97,"column":null}},"52":{"start":{"line":98,"column":8},"end":{"line":98,"column":null}},"53":{"start":{"line":103,"column":22},"end":{"line":103,"column":null}},"54":{"start":{"line":103,"column":28},"end":{"line":103,"column":null}},"55":{"start":{"line":103,"column":45},"end":{"line":103,"column":79}},"56":{"start":{"line":105,"column":21},"end":{"line":109,"column":null}},"57":{"start":{"line":106,"column":14},"end":{"line":106,"column":null}},"58":{"start":{"line":107,"column":14},"end":{"line":107,"column":null}},"59":{"start":{"line":108,"column":4},"end":{"line":108,"column":null}},"60":{"start":{"line":111,"column":2},"end":{"line":111,"column":null}},"61":{"start":{"line":111,"column":15},"end":{"line":111,"column":null}},"62":{"start":{"line":113,"column":26},"end":{"line":113,"column":null}},"63":{"start":{"line":115,"column":2},"end":{"line":161,"column":null}},"64":{"start":{"line":117,"column":52},"end":{"line":117,"column":null}},"65":{"start":{"line":149,"column":16},"end":{"line":155,"column":null}}},"fnMap":{"0":{"name":"WorkoutRunnerModal","decl":{"start":{"line":5,"column":16},"end":{"line":5,"column":35}},"loc":{"start":{"line":5,"column":65},"end":{"line":163,"column":null}}},"1":{"name":"(anonymous_1)","decl":{"start":{"line":16,"column":12},"end":{"line":16,"column":18}},"loc":{"start":{"line":16,"column":18},"end":{"line":28,"column":5}}},"2":{"name":"(anonymous_2)","decl":{"start":{"line":30,"column":21},"end":{"line":30,"column":27}},"loc":{"start":{"line":30,"column":27},"end":{"line":35,"column":null}}},"3":{"name":"(anonymous_3)","decl":{"start":{"line":37,"column":22},"end":{"line":37,"column":28}},"loc":{"start":{"line":37,"column":28},"end":{"line":44,"column":null}}},"4":{"name":"(anonymous_4)","decl":{"start":{"line":46,"column":12},"end":{"line":46,"column":18}},"loc":{"start":{"line":46,"column":18},"end":{"line":83,"column":5}}},"5":{"name":"(anonymous_5)","decl":{"start":{"line":50,"column":40},"end":{"line":50,"column":46}},"loc":{"start":{"line":50,"column":46},"end":{"line":80,"column":9}}},"6":{"name":"(anonymous_6)","decl":{"start":{"line":51,"column":17},"end":{"line":51,"column":18}},"loc":{"start":{"line":51,"column":27},"end":{"line":79,"column":9}}},"7":{"name":"(anonymous_7)","decl":{"start":{"line":85,"column":12},"end":{"line":85,"column":18}},"loc":{"start":{"line":85,"column":18},"end":{"line":101,"column":5}}},"8":{"name":"(anonymous_8)","decl":{"start":{"line":91,"column":43},"end":{"line":91,"column":49}},"loc":{"start":{"line":91,"column":49},"end":{"line":93,"column":9}}},"9":{"name":"(anonymous_9)","decl":{"start":{"line":95,"column":11},"end":{"line":95,"column":17}},"loc":{"start":{"line":95,"column":17},"end":{"line":100,"column":null}}},"10":{"name":"(anonymous_10)","decl":{"start":{"line":103,"column":22},"end":{"line":103,"column":28}},"loc":{"start":{"line":103,"column":28},"end":{"line":103,"column":null}}},"11":{"name":"(anonymous_11)","decl":{"start":{"line":103,"column":37},"end":{"line":103,"column":38}},"loc":{"start":{"line":103,"column":45},"end":{"line":103,"column":79}}},"12":{"name":"(anonymous_12)","decl":{"start":{"line":105,"column":21},"end":{"line":105,"column":22}},"loc":{"start":{"line":105,"column":39},"end":{"line":109,"column":null}}},"13":{"name":"(anonymous_13)","decl":{"start":{"line":117,"column":45},"end":{"line":117,"column":46}},"loc":{"start":{"line":117,"column":52},"end":{"line":117,"column":null}}},"14":{"name":"(anonymous_14)","decl":{"start":{"line":148,"column":46},"end":{"line":148,"column":47}},"loc":{"start":{"line":149,"column":16},"end":{"line":155,"column":null}}}},"branchMap":{"0":{"loc":{"start":{"line":17,"column":4},"end":{"line":17,"column":null}},"type":"if","locations":[{"start":{"line":17,"column":4},"end":{"line":17,"column":null}}]},"1":{"loc":{"start":{"line":18,"column":4},"end":{"line":18,"column":null}},"type":"if","locations":[{"start":{"line":18,"column":4},"end":{"line":18,"column":null}}]},"2":{"loc":{"start":{"line":18,"column":8},"end":{"line":18,"column":74}},"type":"binary-expr","locations":[{"start":{"line":18,"column":8},"end":{"line":18,"column":20}},{"start":{"line":18,"column":20},"end":{"line":18,"column":42}},{"start":{"line":18,"column":42},"end":{"line":18,"column":74}}]},"3":{"loc":{"start":{"line":20,"column":48},"end":{"line":20,"column":72}},"type":"binary-expr","locations":[{"start":{"line":20,"column":48},"end":{"line":20,"column":67}},{"start":{"line":20,"column":67},"end":{"line":20,"column":72}}]},"4":{"loc":{"start":{"line":31,"column":4},"end":{"line":34,"column":null}},"type":"if","locations":[{"start":{"line":31,"column":4},"end":{"line":34,"column":null}}]},"5":{"loc":{"start":{"line":39,"column":4},"end":{"line":42,"column":null}},"type":"if","locations":[{"start":{"line":39,"column":4},"end":{"line":42,"column":null}}]},"6":{"loc":{"start":{"line":48,"column":4},"end":{"line":48,"column":null}},"type":"if","locations":[{"start":{"line":48,"column":4},"end":{"line":48,"column":null}}]},"7":{"loc":{"start":{"line":49,"column":4},"end":{"line":81,"column":null}},"type":"if","locations":[{"start":{"line":49,"column":4},"end":{"line":81,"column":null}}]},"8":{"loc":{"start":{"line":52,"column":10},"end":{"line":54,"column":null}},"type":"if","locations":[{"start":{"line":52,"column":10},"end":{"line":54,"column":null}}]},"9":{"loc":{"start":{"line":56,"column":28},"end":{"line":56,"column":null}},"type":"binary-expr","locations":[{"start":{"line":56,"column":28},"end":{"line":56,"column":50}},{"start":{"line":56,"column":50},"end":{"line":56,"column":null}}]},"10":{"loc":{"start":{"line":57,"column":10},"end":{"line":78,"column":null}},"type":"if","locations":[{"start":{"line":57,"column":10},"end":{"line":78,"column":null}},{"start":{"line":68,"column":17},"end":{"line":78,"column":null}}]},"11":{"loc":{"start":{"line":59,"column":12},"end":{"line":67,"column":null}},"type":"if","locations":[{"start":{"line":59,"column":12},"end":{"line":67,"column":null}},{"start":{"line":61,"column":14},"end":{"line":67,"column":null}}]},"12":{"loc":{"start":{"line":71,"column":57},"end":{"line":71,"column":82}},"type":"binary-expr","locations":[{"start":{"line":71,"column":57},"end":{"line":71,"column":77}},{"start":{"line":71,"column":77},"end":{"line":71,"column":82}}]},"13":{"loc":{"start":{"line":86,"column":4},"end":{"line":86,"column":null}},"type":"if","locations":[{"start":{"line":86,"column":4},"end":{"line":86,"column":null}}]},"14":{"loc":{"start":{"line":87,"column":4},"end":{"line":94,"column":null}},"type":"if","locations":[{"start":{"line":87,"column":4},"end":{"line":94,"column":null}}]},"15":{"loc":{"start":{"line":88,"column":6},"end":{"line":90,"column":null}},"type":"if","locations":[{"start":{"line":88,"column":6},"end":{"line":90,"column":null}}]},"16":{"loc":{"start":{"line":96,"column":6},"end":{"line":99,"column":null}},"type":"if","locations":[{"start":{"line":96,"column":6},"end":{"line":99,"column":null}}]},"17":{"loc":{"start":{"line":111,"column":2},"end":{"line":111,"column":null}},"type":"if","locations":[{"start":{"line":111,"column":2},"end":{"line":111,"column":null}}]},"18":{"loc":{"start":{"line":125,"column":9},"end":{"line":158,"column":null}},"type":"cond-expr","locations":[{"start":{"line":126,"column":10},"end":{"line":129,"column":null}},{"start":{"line":131,"column":10},"end":{"line":158,"column":null}}]},"19":{"loc":{"start":{"line":132,"column":43},"end":{"line":132,"column":92}},"type":"cond-expr","locations":[{"start":{"line":132,"column":72},"end":{"line":132,"column":85}},{"start":{"line":132,"column":85},"end":{"line":132,"column":92}}]},"20":{"loc":{"start":{"line":134,"column":15},"end":{"line":134,"column":null}},"type":"cond-expr","locations":[{"start":{"line":134,"column":44},"end":{"line":134,"column":68}},{"start":{"line":134,"column":68},"end":{"line":134,"column":null}}]},"21":{"loc":{"start":{"line":140,"column":17},"end":{"line":140,"column":null}},"type":"cond-expr","locations":[{"start":{"line":140,"column":35},"end":{"line":140,"column":45}},{"start":{"line":140,"column":45},"end":{"line":140,"column":null}}]},"22":{"loc":{"start":{"line":148,"column":16},"end":{"line":148,"column":42}},"type":"binary-expr","locations":[{"start":{"line":148,"column":16},"end":{"line":148,"column":38}},{"start":{"line":148,"column":38},"end":{"line":148,"column":42}}]},"23":{"loc":{"start":{"line":151,"column":29},"end":{"line":151,"column":null}},"type":"cond-expr","locations":[{"start":{"line":151,"column":57},"end":{"line":151,"column":82}},{"start":{"line":151,"column":82},"end":{"line":151,"column":null}}]},"24":{"loc":{"start":{"line":150,"column":23},"end":{"line":150,"column":null}},"type":"binary-expr","locations":[{"start":{"line":150,"column":23},"end":{"line":150,"column":32}},{"start":{"line":150,"column":32},"end":{"line":150,"column":null}}]}},"s":{"0":80,"1":80,"2":80,"3":80,"4":40,"5":10,"6":30,"7":0,"8":30,"9":30,"10":30,"11":80,"12":130,"13":18,"14":18,"15":80,"16":18,"17":18,"18":0,"19":0,"20":18,"21":80,"22":70,"23":70,"24":10,"25":60,"26":30,"27":0,"28":0,"29":0,"30":0,"31":0,"32":0,"33":0,"34":0,"35":0,"36":0,"37":0,"38":0,"39":0,"40":60,"41":80,"42":40,"43":10,"44":30,"45":0,"46":0,"47":0,"48":0,"49":30,"50":12,"51":0,"52":0,"53":80,"54":0,"55":0,"56":80,"57":60,"58":60,"59":60,"60":80,"61":20,"62":60,"63":60,"64":18,"65":120},"f":{"0":80,"1":40,"2":130,"3":18,"4":70,"5":0,"6":0,"7":40,"8":0,"9":12,"10":0,"11":0,"12":60,"13":18,"14":120},"b":{"0":[10],"1":[0],"2":[30,30,30],"3":[30,0],"4":[18],"5":[0],"6":[10],"7":[30],"8":[0],"9":[0,0],"10":[0,0],"11":[0,0],"12":[0,0],"13":[10],"14":[0],"15":[0],"16":[0],"17":[20],"18":[0,60],"19":[60,0],"20":[60,0],"21":[30,30],"22":[60,0],"23":[60,60],"24":[120,0]}}
,"C:/Users/1/Desktop/Projects/fit-track/src/hooks/useAuth.js": {"path":"C:/Users/1/Desktop/Projects/fit-track/src/hooks/useAuth.js","statementMap":{"0":{"start":{"line":4,"column":17},"end":{"line":4,"column":21}},"1":{"start":{"line":5,"column":20},"end":{"line":5,"column":24}},"2":{"start":{"line":6,"column":18},"end":{"line":6,"column":27}},"3":{"start":{"line":8,"column":24},"end":{"line":10,"column":1}},"4":{"start":{"line":9,"column":2},"end":{"line":9,"column":null}},"5":{"start":{"line":9,"column":34},"end":{"line":9,"column":44}},"6":{"start":{"line":11,"column":22},"end":{"line":14,"column":1}},"7":{"start":{"line":12,"column":2},"end":{"line":12,"column":null}},"8":{"start":{"line":13,"column":2},"end":{"line":13,"column":null}},"9":{"start":{"line":16,"column":0},"end":{"line":29,"column":null}},"10":{"start":{"line":17,"column":2},"end":{"line":28,"column":null}},"11":{"start":{"line":18,"column":4},"end":{"line":21,"column":null}},"12":{"start":{"line":19,"column":19},"end":{"line":19,"column":47}},"13":{"start":{"line":20,"column":6},"end":{"line":20,"column":null}},"14":{"start":{"line":23,"column":4},"end":{"line":23,"column":null}},"15":{"start":{"line":24,"column":4},"end":{"line":24,"column":null}},"16":{"start":{"line":26,"column":4},"end":{"line":26,"column":null}},"17":{"start":{"line":27,"column":4},"end":{"line":27,"column":null}},"18":{"start":{"line":32,"column":26},"end":{"line":32,"column":46}},"19":{"start":{"line":33,"column":32},"end":{"line":33,"column":55}},"20":{"start":{"line":35,"column":2},"end":{"line":43,"column":null}},"21":{"start":{"line":36,"column":21},"end":{"line":39,"column":5}},"22":{"start":{"line":37,"column":6},"end":{"line":37,"column":null}},"23":{"start":{"line":38,"column":6},"end":{"line":38,"column":null}},"24":{"start":{"line":41,"column":4},"end":{"line":41,"column":null}},"25":{"start":{"line":42,"column":4},"end":{"line":42,"column":null}},"26":{"start":{"line":42,"column":17},"end":{"line":42,"column":43}},"27":{"start":{"line":45,"column":19},"end":{"line":53,"column":3}},"28":{"start":{"line":46,"column":4},"end":{"line":52,"column":null}},"29":{"start":{"line":47,"column":19},"end":{"line":47,"column":60}},"30":{"start":{"line":48,"column":6},"end":{"line":48,"column":null}},"31":{"start":{"line":49,"column":6},"end":{"line":49,"column":null}},"32":{"start":{"line":51,"column":6},"end":{"line":51,"column":null}},"33":{"start":{"line":55,"column":16},"end":{"line":63,"column":3}},"34":{"start":{"line":56,"column":4},"end":{"line":62,"column":null}},"35":{"start":{"line":57,"column":19},"end":{"line":57,"column":57}},"36":{"start":{"line":58,"column":6},"end":{"line":58,"column":null}},"37":{"start":{"line":59,"column":6},"end":{"line":59,"column":null}},"38":{"start":{"line":61,"column":6},"end":{"line":61,"column":null}},"39":{"start":{"line":65,"column":17},"end":{"line":68,"column":3}},"40":{"start":{"line":66,"column":4},"end":{"line":66,"column":null}},"41":{"start":{"line":67,"column":4},"end":{"line":67,"column":null}},"42":{"start":{"line":70,"column":2},"end":{"line":70,"column":null}},"43":{"start":{"line":9,"column":21},"end":{"line":11,"column":5}},"44":{"start":{"line":10,"column":1},"end":{"line":10,"column":null}},"45":{"start":{"line":14,"column":1},"end":{"line":14,"column":null}},"46":{"start":{"line":18,"column":2},"end":{"line":18,"column":18}},"47":{"start":{"line":22,"column":2},"end":{"line":33,"column":7}},"48":{"start":{"line":23,"column":4},"end":{"line":26,"column":17}},"49":{"start":{"line":24,"column":14},"end":{"line":24,"column":null}},"50":{"start":{"line":25,"column":4},"end":{"line":25,"column":null}},"51":{"start":{"line":28,"column":2},"end":{"line":28,"column":null}},"52":{"start":{"line":29,"column":4},"end":{"line":29,"column":null}},"53":{"start":{"line":31,"column":0},"end":{"line":31,"column":26}},"54":{"start":{"line":32,"column":2},"end":{"line":32,"column":22}},"55":{"start":{"line":37,"column":25},"end":{"line":37,"column":null}},"56":{"start":{"line":38,"column":31},"end":{"line":38,"column":null}},"57":{"start":{"line":42,"column":4},"end":{"line":42,"column":26}},"58":{"start":{"line":43,"column":6},"end":{"line":43,"column":null}},"59":{"start":{"line":46,"column":4},"end":{"line":46,"column":null}},"60":{"start":{"line":47,"column":4},"end":{"line":47,"column":44}},"61":{"start":{"line":47,"column":17},"end":{"line":47,"column":43}},"62":{"start":{"line":50,"column":19},"end":{"line":58,"column":3}},"63":{"start":{"line":51,"column":4},"end":{"line":57,"column":5}},"64":{"start":{"line":52,"column":4},"end":{"line":52,"column":null}},"65":{"start":{"line":53,"column":3},"end":{"line":53,"column":null}},"66":{"start":{"line":56,"column":4},"end":{"line":56,"column":null}},"67":{"start":{"line":60,"column":13},"end":{"line":68,"column":3}},"68":{"start":{"line":61,"column":4},"end":{"line":67,"column":17}},"69":{"start":{"line":62,"column":4},"end":{"line":62,"column":null}},"70":{"start":{"line":63,"column":3},"end":{"line":63,"column":null}},"71":{"start":{"line":71,"column":0},"end":{"line":71,"column":null}}},"fnMap":{"0":{"name":"(anonymous_0)","decl":{"start":{"line":8,"column":24},"end":{"line":8,"column":25}},"loc":{"start":{"line":8,"column":30},"end":{"line":10,"column":1}}},"1":{"name":"(anonymous_1)","decl":{"start":{"line":9,"column":20},"end":{"line":9,"column":21}},"loc":{"start":{"line":9,"column":34},"end":{"line":9,"column":44}}},"2":{"name":"(anonymous_2)","decl":{"start":{"line":11,"column":22},"end":{"line":11,"column":23}},"loc":{"start":{"line":11,"column":32},"end":{"line":14,"column":1}}},"3":{"name":"(anonymous_3)","decl":{"start":{"line":16,"column":1},"end":{"line":16,"column":6}},"loc":{"start":{"line":16,"column":13},"end":{"line":29,"column":1}}},"4":{"name":"useAuth","decl":{"start":{"line":31,"column":16},"end":{"line":31,"column":23}},"loc":{"start":{"line":31,"column":26},"end":{"line":71,"column":null}}},"5":{"name":"(anonymous_5)","decl":{"start":{"line":35,"column":12},"end":{"line":35,"column":13}},"loc":{"start":{"line":35,"column":18},"end":{"line":43,"column":3}}},"6":{"name":"(anonymous_6)","decl":{"start":{"line":36,"column":21},"end":{"line":36,"column":22}},"loc":{"start":{"line":36,"column":27},"end":{"line":39,"column":5}}},"7":{"name":"(anonymous_7)","decl":{"start":{"line":42,"column":11},"end":{"line":42,"column":12}},"loc":{"start":{"line":42,"column":17},"end":{"line":42,"column":43}}},"8":{"name":"(anonymous_8)","decl":{"start":{"line":45,"column":19},"end":{"line":45,"column":24}},"loc":{"start":{"line":45,"column":46},"end":{"line":53,"column":3}}},"9":{"name":"(anonymous_9)","decl":{"start":{"line":55,"column":16},"end":{"line":55,"column":21}},"loc":{"start":{"line":55,"column":43},"end":{"line":63,"column":3}}},"10":{"name":"(anonymous_10)","decl":{"start":{"line":65,"column":17},"end":{"line":65,"column":18}},"loc":{"start":{"line":65,"column":23},"end":{"line":68,"column":3}}},"11":{"name":"(anonymous_0)","decl":{"start":{"line":9,"column":21},"end":{"line":9,"column":29}},"loc":{"start":{"line":9,"column":30},"end":{"line":11,"column":5}}},"12":{"name":"(anonymous_1)","decl":{"start":{"line":10,"column":1},"end":{"line":10,"column":null}},"loc":{"start":{"line":10,"column":1},"end":{"line":10,"column":null}}},"13":{"name":"__setAuthMock","decl":{"start":{"line":17,"column":6},"end":{"line":17,"column":null}},"loc":{"start":{"line":17,"column":6},"end":{"line":19,"column":1}}},"14":{"name":"(anonymous_8)","decl":{"start":{"line":47,"column":11},"end":{"line":47,"column":12}},"loc":{"start":{"line":47,"column":17},"end":{"line":47,"column":43}}},"15":{"name":"(anonymous_9)","decl":{"start":{"line":50,"column":19},"end":{"line":50,"column":20}},"loc":{"start":{"line":50,"column":20},"end":{"line":58,"column":3}}},"16":{"name":"(anonymous_10)","decl":{"start":{"line":60,"column":13},"end":{"line":60,"column":18}},"loc":{"start":{"line":60,"column":20},"end":{"line":68,"column":3}}}},"branchMap":{"0":{"loc":{"start":{"line":18,"column":4},"end":{"line":21,"column":null}},"type":"if","locations":[{"start":{"line":18,"column":4},"end":{"line":21,"column":null}}]},"1":{"loc":{"start":{"line":23,"column":4},"end":{"line":26,"column":17}},"type":"if","locations":[{"start":{"line":23,"column":4},"end":{"line":26,"column":17}}]}},"s":{"0":58,"1":58,"2":58,"3":9,"4":9,"5":49,"6":9,"7":0,"8":0,"9":9,"10":9,"11":9,"12":0,"13":0,"14":49,"15":49,"16":58,"17":58,"18":49,"19":49,"20":0,"21":0,"22":0,"23":0,"24":640,"25":97,"26":97,"27":0,"28":0,"29":640,"30":0,"31":0,"32":0,"33":0,"34":0,"35":640,"36":0,"37":0,"38":0,"39":640,"40":0,"41":640,"42":0,"43":49,"44":49,"45":0,"46":97,"47":49,"48":58,"49":9,"50":9,"51":9,"52":0,"53":49,"54":49,"55":640,"56":640,"57":0,"58":0,"59":97,"60":97,"61":37,"62":640,"63":0,"64":0,"65":0,"66":0,"67":640,"68":0,"69":0,"70":0,"71":0},"f":{"0":9,"1":49,"2":0,"3":9,"4":0,"5":0,"6":640,"7":0,"8":640,"9":640,"10":0,"11":49,"12":0,"13":97,"14":37,"15":0,"16":0},"b":{"0":[0],"1":[0]}}
,"C:/Users/1/Desktop/Projects/fit-track/src/pages/AboutUs/components/Testimonials/Testimonials.jsx": {"path":"C:/Users/1/Desktop/Projects/fit-track/src/pages/AboutUs/components/Testimonials/Testimonials.jsx","statementMap":{"0":{"start":{"line":3,"column":21},"end":{"line":22,"column":null}},"1":{"start":{"line":25,"column":4},"end":{"line":50,"column":null}},"2":{"start":{"line":31,"column":20},"end":{"line":47,"column":null}}},"fnMap":{"0":{"name":"Testimonials","decl":{"start":{"line":24,"column":16},"end":{"line":24,"column":31}},"loc":{"start":{"line":24,"column":31},"end":{"line":52,"column":null}}},"1":{"name":"(anonymous_1)","decl":{"start":{"line":30,"column":34},"end":{"line":30,"column":35}},"loc":{"start":{"line":31,"column":20},"end":{"line":47,"column":null}}}},"branchMap":{},"s":{"0":6,"1":10,"2":30},"f":{"0":10,"1":30},"b":{}}
,"C:/Users/1/Desktop/Projects/fit-track/src/pages/AboutUs/components/WhyChooseBlock/WhyChoose.jsx": {"path":"C:/Users/1/Desktop/Projects/fit-track/src/pages/AboutUs/components/WhyChooseBlock/WhyChoose.jsx","statementMap":{"0":{"start":{"line":3,"column":17},"end":{"line":34,"column":null}},"1":{"start":{"line":37,"column":4},"end":{"line":50,"column":null}},"2":{"start":{"line":43,"column":20},"end":{"line":47,"column":null}}},"fnMap":{"0":{"name":"WhyChoose","decl":{"start":{"line":36,"column":16},"end":{"line":36,"column":28}},"loc":{"start":{"line":36,"column":28},"end":{"line":52,"column":null}}},"1":{"name":"(anonymous_1)","decl":{"start":{"line":42,"column":30},"end":{"line":42,"column":31}},"loc":{"start":{"line":43,"column":20},"end":{"line":47,"column":null}}}},"branchMap":{},"s":{"0":6,"1":10,"2":60},"f":{"0":10,"1":60},"b":{}}
,"C:/Users/1/Desktop/Projects/fit-track/src/pages/Stats/components/AnalyticsSection/AnalyticsSection.jsx": {"path":"C:/Users/1/Desktop/Projects/fit-track/src/pages/Stats/components/AnalyticsSection/AnalyticsSection.jsx","statementMap":{"0":{"start":{"line":5,"column":26},"end":{"line":59,"column":null}},"1":{"start":{"line":6,"column":4},"end":{"line":19,"column":null}},"2":{"start":{"line":7,"column":6},"end":{"line":18,"column":null}},"3":{"start":{"line":21,"column":26},"end":{"line":21,"column":null}},"4":{"start":{"line":23,"column":25},"end":{"line":23,"column":null}},"5":{"start":{"line":23,"column":45},"end":{"line":23,"column":82}},"6":{"start":{"line":25,"column":6},"end":{"line":27,"column":null}},"7":{"start":{"line":26,"column":43},"end":{"line":26,"column":56}},"8":{"start":{"line":29,"column":24},"end":{"line":33,"column":null}},"9":{"start":{"line":30,"column":19},"end":{"line":30,"column":null}},"10":{"start":{"line":31,"column":6},"end":{"line":31,"column":null}},"11":{"start":{"line":32,"column":6},"end":{"line":32,"column":null}},"12":{"start":{"line":34,"column":29},"end":{"line":34,"column":null}},"13":{"start":{"line":36,"column":25},"end":{"line":36,"column":null}},"14":{"start":{"line":36,"column":53},"end":{"line":36,"column":74}},"15":{"start":{"line":38,"column":22},"end":{"line":41,"column":null}},"16":{"start":{"line":39,"column":6},"end":{"line":39,"column":null}},"17":{"start":{"line":40,"column":6},"end":{"line":40,"column":null}},"18":{"start":{"line":43,"column":6},"end":{"line":45,"column":null}},"19":{"start":{"line":44,"column":51},"end":{"line":44,"column":62}},"20":{"start":{"line":47,"column":4},"end":{"line":58,"column":null}},"21":{"start":{"line":61,"column":17},"end":{"line":80,"column":null}},"22":{"start":{"line":82,"column":2},"end":{"line":171,"column":null}},"23":{"start":{"line":158,"column":12},"end":{"line":167,"column":null}}},"fnMap":{"0":{"name":"AnalyticsSection","decl":{"start":{"line":4,"column":16},"end":{"line":4,"column":33}},"loc":{"start":{"line":4,"column":53},"end":{"line":173,"column":null}}},"1":{"name":"(anonymous_1)","decl":{"start":{"line":5,"column":34},"end":{"line":5,"column":40}},"loc":{"start":{"line":5,"column":40},"end":{"line":59,"column":5}}},"2":{"name":"(anonymous_2)","decl":{"start":{"line":23,"column":38},"end":{"line":23,"column":39}},"loc":{"start":{"line":23,"column":45},"end":{"line":23,"column":82}}},"3":{"name":"(anonymous_3)","decl":{"start":{"line":26,"column":31},"end":{"line":26,"column":32}},"loc":{"start":{"line":26,"column":43},"end":{"line":26,"column":56}}},"4":{"name":"(anonymous_4)","decl":{"start":{"line":29,"column":37},"end":{"line":29,"column":38}},"loc":{"start":{"line":29,"column":52},"end":{"line":33,"column":7}}},"5":{"name":"(anonymous_5)","decl":{"start":{"line":36,"column":38},"end":{"line":36,"column":39}},"loc":{"start":{"line":36,"column":53},"end":{"line":36,"column":74}}},"6":{"name":"(anonymous_6)","decl":{"start":{"line":38,"column":35},"end":{"line":38,"column":36}},"loc":{"start":{"line":38,"column":50},"end":{"line":41,"column":7}}},"7":{"name":"(anonymous_7)","decl":{"start":{"line":44,"column":41},"end":{"line":44,"column":42}},"loc":{"start":{"line":44,"column":51},"end":{"line":44,"column":62}}},"8":{"name":"(anonymous_8)","decl":{"start":{"line":157,"column":22},"end":{"line":157,"column":23}},"loc":{"start":{"line":158,"column":12},"end":{"line":167,"column":null}}}},"branchMap":{"0":{"loc":{"start":{"line":6,"column":4},"end":{"line":19,"column":null}},"type":"if","locations":[{"start":{"line":6,"column":4},"end":{"line":19,"column":null}}]},"1":{"loc":{"start":{"line":6,"column":8},"end":{"line":6,"column":38}},"type":"binary-expr","locations":[{"start":{"line":6,"column":8},"end":{"line":6,"column":18}},{"start":{"line":6,"column":18},"end":{"line":6,"column":38}}]},"2":{"loc":{"start":{"line":23,"column":45},"end":{"line":23,"column":82}},"type":"binary-expr","locations":[{"start":{"line":23,"column":45},"end":{"line":23,"column":63}},{"start":{"line":23,"column":63},"end":{"line":23,"column":82}}]},"3":{"loc":{"start":{"line":25,"column":6},"end":{"line":27,"column":null}},"type":"cond-expr","locations":[{"start":{"line":25,"column":28},"end":{"line":26,"column":null}},{"start":{"line":27,"column":10},"end":{"line":27,"column":null}}]},"4":{"loc":{"start":{"line":31,"column":19},"end":{"line":31,"column":37}},"type":"binary-expr","locations":[{"start":{"line":31,"column":19},"end":{"line":31,"column":32}},{"start":{"line":31,"column":32},"end":{"line":31,"column":37}}]},"5":{"loc":{"start":{"line":39,"column":24},"end":{"line":39,"column":47}},"type":"binary-expr","locations":[{"start":{"line":39,"column":24},"end":{"line":39,"column":42}},{"start":{"line":39,"column":42},"end":{"line":39,"column":47}}]},"6":{"loc":{"start":{"line":43,"column":6},"end":{"line":45,"column":null}},"type":"cond-expr","locations":[{"start":{"line":44,"column":10},"end":{"line":44,"column":null}},{"start":{"line":45,"column":10},"end":{"line":45,"column":null}}]},"7":{"loc":{"start":{"line":55,"column":16},"end":{"line":55,"column":null}},"type":"binary-expr","locations":[{"start":{"line":55,"column":16},"end":{"line":55,"column":31}},{"start":{"line":55,"column":31},"end":{"line":55,"column":null}}]},"8":{"loc":{"start":{"line":86,"column":9},"end":{"line":150,"column":null}},"type":"cond-expr","locations":[{"start":{"line":87,"column":10},"end":{"line":87,"column":null}},{"start":{"line":89,"column":10},"end":{"line":150,"column":null}}]},"9":{"loc":{"start":{"line":100,"column":17},"end":{"line":102,"column":null}},"type":"cond-expr","locations":[{"start":{"line":101,"column":20},"end":{"line":101,"column":null}},{"start":{"line":102,"column":20},"end":{"line":102,"column":null}}]},"10":{"loc":{"start":{"line":107,"column":51},"end":{"line":107,"column":81}},"type":"binary-expr","locations":[{"start":{"line":107,"column":51},"end":{"line":107,"column":77}},{"start":{"line":107,"column":77},"end":{"line":107,"column":81}}]},"11":{"loc":{"start":{"line":116,"column":17},"end":{"line":116,"column":null}},"type":"cond-expr","locations":[{"start":{"line":116,"column":58},"end":{"line":116,"column":81}},{"start":{"line":116,"column":81},"end":{"line":116,"column":null}}]},"12":{"loc":{"start":{"line":132,"column":17},"end":{"line":134,"column":null}},"type":"cond-expr","locations":[{"start":{"line":133,"column":20},"end":{"line":133,"column":null}},{"start":{"line":134,"column":20},"end":{"line":134,"column":null}}]},"13":{"loc":{"start":{"line":160,"column":44},"end":{"line":160,"column":102}},"type":"cond-expr","locations":[{"start":{"line":160,"column":61},"end":{"line":160,"column":82}},{"start":{"line":160,"column":82},"end":{"line":160,"column":102}}]}},"s":{"0":18,"1":18,"2":8,"3":10,"4":10,"5":112,"6":10,"7":112,"8":10,"9":112,"10":112,"11":112,"12":10,"13":10,"14":112,"15":10,"16":112,"17":112,"18":10,"19":6,"20":10,"21":18,"22":18,"23":54},"f":{"0":18,"1":18,"2":112,"3":112,"4":112,"5":112,"6":112,"7":6,"8":54},"b":{"0":[8],"1":[18,18],"2":[112,112],"3":[10,0],"4":[112,10],"5":[112,16],"6":[10,0],"7":[10,10],"8":[8,10],"9":[4,6],"10":[10,0],"11":[10,0],"12":[4,6],"13":[18,36]}}
,"C:/Users/1/Desktop/Projects/fit-track/src/pages/Stats/components/Table/Table.jsx": {"path":"C:/Users/1/Desktop/Projects/fit-track/src/pages/Stats/components/Table/Table.jsx","statementMap":{"0":{"start":{"line":7,"column":19},"end":{"line":7,"column":null}},"1":{"start":{"line":8,"column":60},"end":{"line":8,"column":null}},"2":{"start":{"line":10,"column":34},"end":{"line":16,"column":null}},"3":{"start":{"line":18,"column":28},"end":{"line":21,"column":null}},"4":{"start":{"line":19,"column":28},"end":{"line":19,"column":null}},"5":{"start":{"line":20,"column":4},"end":{"line":20,"column":null}},"6":{"start":{"line":20,"column":27},"end":{"line":20,"column":54}},"7":{"start":{"line":23,"column":25},"end":{"line":40,"column":null}},"8":{"start":{"line":24,"column":4},"end":{"line":24,"column":null}},"9":{"start":{"line":24,"column":64},"end":{"line":24,"column":null}},"10":{"start":{"line":26,"column":21},"end":{"line":32,"column":null}},"11":{"start":{"line":34,"column":19},"end":{"line":34,"column":null}},"12":{"start":{"line":35,"column":4},"end":{"line":39,"column":null}},"13":{"start":{"line":36,"column":6},"end":{"line":36,"column":null}},"14":{"start":{"line":38,"column":6},"end":{"line":38,"column":null}},"15":{"start":{"line":42,"column":28},"end":{"line":47,"column":null}},"16":{"start":{"line":43,"column":19},"end":{"line":43,"column":null}},"17":{"start":{"line":44,"column":4},"end":{"line":46,"column":null}},"18":{"start":{"line":45,"column":6},"end":{"line":45,"column":null}},"19":{"start":{"line":49,"column":2},"end":{"line":58,"column":null}},"20":{"start":{"line":50,"column":4},"end":{"line":56,"column":null}},"21":{"start":{"line":60,"column":2},"end":{"line":175,"column":null}},"22":{"start":{"line":155,"column":16},"end":{"line":169,"column":null}},"23":{"start":{"line":163,"column":37},"end":{"line":163,"column":null}}},"fnMap":{"0":{"name":"StatsTable","decl":{"start":{"line":6,"column":16},"end":{"line":6,"column":27}},"loc":{"start":{"line":6,"column":42},"end":{"line":177,"column":null}}},"1":{"name":"(anonymous_1)","decl":{"start":{"line":18,"column":28},"end":{"line":18,"column":29}},"loc":{"start":{"line":18,"column":35},"end":{"line":21,"column":null}}},"2":{"name":"(anonymous_2)","decl":{"start":{"line":20,"column":16},"end":{"line":20,"column":17}},"loc":{"start":{"line":20,"column":27},"end":{"line":20,"column":54}}},"3":{"name":"(anonymous_3)","decl":{"start":{"line":23,"column":25},"end":{"line":23,"column":37}},"loc":{"start":{"line":23,"column":37},"end":{"line":40,"column":null}}},"4":{"name":"(anonymous_4)","decl":{"start":{"line":42,"column":28},"end":{"line":42,"column":35}},"loc":{"start":{"line":42,"column":42},"end":{"line":47,"column":null}}},"5":{"name":"(anonymous_5)","decl":{"start":{"line":154,"column":24},"end":{"line":154,"column":25}},"loc":{"start":{"line":155,"column":16},"end":{"line":169,"column":null}}},"6":{"name":"(anonymous_6)","decl":{"start":{"line":163,"column":31},"end":{"line":163,"column":37}},"loc":{"start":{"line":163,"column":37},"end":{"line":163,"column":null}}}},"branchMap":{"0":{"loc":{"start":{"line":24,"column":4},"end":{"line":24,"column":null}},"type":"if","locations":[{"start":{"line":24,"column":4},"end":{"line":24,"column":null}}]},"1":{"loc":{"start":{"line":24,"column":8},"end":{"line":24,"column":64}},"type":"binary-expr","locations":[{"start":{"line":24,"column":8},"end":{"line":24,"column":26}},{"start":{"line":24,"column":26},"end":{"line":24,"column":44}},{"start":{"line":24,"column":44},"end":{"line":24,"column":64}}]},"2":{"loc":{"start":{"line":31,"column":11},"end":{"line":31,"column":null}},"type":"binary-expr","locations":[{"start":{"line":31,"column":11},"end":{"line":31,"column":37}},{"start":{"line":31,"column":37},"end":{"line":31,"column":null}}]},"3":{"loc":{"start":{"line":35,"column":4},"end":{"line":39,"column":null}},"type":"if","locations":[{"start":{"line":35,"column":4},"end":{"line":39,"column":null}},{"start":{"line":37,"column":11},"end":{"line":39,"column":null}}]},"4":{"loc":{"start":{"line":44,"column":4},"end":{"line":46,"column":null}},"type":"if","locations":[{"start":{"line":44,"column":4},"end":{"line":46,"column":null}}]},"5":{"loc":{"start":{"line":49,"column":2},"end":{"line":58,"column":null}},"type":"if","locations":[{"start":{"line":49,"column":2},"end":{"line":58,"column":null}}]},"6":{"loc":{"start":{"line":135,"column":13},"end":{"line":170,"column":null}},"type":"cond-expr","locations":[{"start":{"line":136,"column":14},"end":{"line":140,"column":null}},{"start":{"line":141,"column":16},"end":{"line":170,"column":null}}]},"7":{"loc":{"start":{"line":141,"column":16},"end":{"line":170,"column":null}},"type":"cond-expr","locations":[{"start":{"line":142,"column":14},"end":{"line":146,"column":null}},{"start":{"line":147,"column":16},"end":{"line":170,"column":null}}]},"8":{"loc":{"start":{"line":147,"column":16},"end":{"line":170,"column":null}},"type":"cond-expr","locations":[{"start":{"line":148,"column":14},"end":{"line":152,"column":null}},{"start":{"line":154,"column":14},"end":{"line":170,"column":null}}]},"9":{"loc":{"start":{"line":159,"column":23},"end":{"line":159,"column":42}},"type":"binary-expr","locations":[{"start":{"line":159,"column":23},"end":{"line":159,"column":38}},{"start":{"line":159,"column":38},"end":{"line":159,"column":42}}]},"10":{"loc":{"start":{"line":160,"column":23},"end":{"line":160,"column":59}},"type":"cond-expr","locations":[{"start":{"line":160,"column":35},"end":{"line":160,"column":55}},{"start":{"line":160,"column":55},"end":{"line":160,"column":59}}]}},"s":{"0":48,"1":48,"2":48,"3":48,"4":24,"5":24,"6":24,"7":48,"8":6,"9":0,"10":6,"11":6,"12":6,"13":6,"14":0,"15":48,"16":0,"17":0,"18":0,"19":48,"20":8,"21":40,"22":4,"23":0},"f":{"0":48,"1":24,"2":24,"3":6,"4":0,"5":4,"6":0},"b":{"0":[0],"1":[6,6,6],"2":[6,6],"3":[6,0],"4":[0],"5":[8],"6":[0,40],"7":[0,40],"8":[36,4],"9":[4,0],"10":[4,0]}}
,"C:/Users/1/Desktop/Projects/fit-track/src/pages/Workouts/components/SearchSection/SearchSection.jsx": {"path":"C:/Users/1/Desktop/Projects/fit-track/src/pages/Workouts/components/SearchSection/SearchSection.jsx","statementMap":{"0":{"start":{"line":5,"column":21},"end":{"line":5,"column":null}},"1":{"start":{"line":7,"column":2},"end":{"line":30,"column":null}},"2":{"start":{"line":13,"column":10},"end":{"line":19,"column":null}},"3":{"start":{"line":16,"column":27},"end":{"line":16,"column":null}},"4":{"start":{"line":28,"column":25},"end":{"line":28,"column":null}}},"fnMap":{"0":{"name":"SearchSection","decl":{"start":{"line":4,"column":16},"end":{"line":4,"column":30}},"loc":{"start":{"line":4,"column":86},"end":{"line":32,"column":null}}},"1":{"name":"(anonymous_1)","decl":{"start":{"line":12,"column":24},"end":{"line":12,"column":25}},"loc":{"start":{"line":13,"column":10},"end":{"line":19,"column":null}}},"2":{"name":"(anonymous_2)","decl":{"start":{"line":16,"column":21},"end":{"line":16,"column":27}},"loc":{"start":{"line":16,"column":27},"end":{"line":16,"column":null}}},"3":{"name":"(anonymous_3)","decl":{"start":{"line":28,"column":18},"end":{"line":28,"column":19}},"loc":{"start":{"line":28,"column":25},"end":{"line":28,"column":null}}}},"branchMap":{"0":{"loc":{"start":{"line":15,"column":49},"end":{"line":15,"column":82}},"type":"binary-expr","locations":[{"start":{"line":15,"column":49},"end":{"line":15,"column":69}},{"start":{"line":15,"column":69},"end":{"line":15,"column":82}}]}},"s":{"0":7,"1":7,"2":42,"3":5,"4":8},"f":{"0":7,"1":42,"2":5,"3":8},"b":{"0":[42,7]}}
,"C:/Users/1/Desktop/Projects/fit-track/src/pages/Workouts/components/TrainingsSection/TrainingSection.jsx": {"path":"C:/Users/1/Desktop/Projects/fit-track/src/pages/Workouts/components/TrainingsSection/TrainingSection.jsx","statementMap":{"0":{"start":{"line":8,"column":42},"end":{"line":8,"column":null}},"1":{"start":{"line":9,"column":42},"end":{"line":9,"column":null}},"2":{"start":{"line":10,"column":44},"end":{"line":10,"column":null}},"3":{"start":{"line":12,"column":26},"end":{"line":14,"column":null}},"4":{"start":{"line":13,"column":4},"end":{"line":13,"column":null}},"5":{"start":{"line":16,"column":21},"end":{"line":20,"column":null}},"6":{"start":{"line":17,"column":4},"end":{"line":17,"column":null}},"7":{"start":{"line":17,"column":74},"end":{"line":17,"column":null}},"8":{"start":{"line":18,"column":4},"end":{"line":18,"column":null}},"9":{"start":{"line":19,"column":4},"end":{"line":19,"column":null}},"10":{"start":{"line":22,"column":22},"end":{"line":25,"column":null}},"11":{"start":{"line":23,"column":4},"end":{"line":23,"column":null}},"12":{"start":{"line":24,"column":4},"end":{"line":24,"column":null}},"13":{"start":{"line":27,"column":2},"end":{"line":33,"column":null}},"14":{"start":{"line":28,"column":4},"end":{"line":31,"column":null}},"15":{"start":{"line":35,"column":2},"end":{"line":41,"column":null}},"16":{"start":{"line":36,"column":4},"end":{"line":39,"column":null}},"17":{"start":{"line":43,"column":2},"end":{"line":49,"column":null}},"18":{"start":{"line":44,"column":4},"end":{"line":47,"column":null}},"19":{"start":{"line":51,"column":2},"end":{"line":106,"column":null}},"20":{"start":{"line":55,"column":10},"end":{"line":102,"column":null}},"21":{"start":{"line":58,"column":27},"end":{"line":58,"column":null}},"22":{"start":{"line":79,"column":26},"end":{"line":81,"column":null}},"23":{"start":{"line":92,"column":24},"end":{"line":92,"column":null}},"24":{"start":{"line":93,"column":24},"end":{"line":93,"column":null}}},"fnMap":{"0":{"name":"TrainingSection","decl":{"start":{"line":7,"column":16},"end":{"line":7,"column":32}},"loc":{"start":{"line":7,"column":62},"end":{"line":108,"column":null}}},"1":{"name":"(anonymous_1)","decl":{"start":{"line":12,"column":26},"end":{"line":12,"column":27}},"loc":{"start":{"line":12,"column":37},"end":{"line":14,"column":null}}},"2":{"name":"(anonymous_2)","decl":{"start":{"line":16,"column":21},"end":{"line":16,"column":22}},"loc":{"start":{"line":16,"column":34},"end":{"line":20,"column":null}}},"3":{"name":"(anonymous_3)","decl":{"start":{"line":22,"column":22},"end":{"line":22,"column":28}},"loc":{"start":{"line":22,"column":28},"end":{"line":25,"column":null}}},"4":{"name":"(anonymous_4)","decl":{"start":{"line":54,"column":22},"end":{"line":54,"column":23}},"loc":{"start":{"line":55,"column":10},"end":{"line":102,"column":null}}},"5":{"name":"(anonymous_5)","decl":{"start":{"line":58,"column":21},"end":{"line":58,"column":27}},"loc":{"start":{"line":58,"column":27},"end":{"line":58,"column":null}}},"6":{"name":"(anonymous_6)","decl":{"start":{"line":78,"column":46},"end":{"line":78,"column":47}},"loc":{"start":{"line":79,"column":26},"end":{"line":81,"column":null}}},"7":{"name":"(anonymous_7)","decl":{"start":{"line":91,"column":31},"end":{"line":91,"column":32}},"loc":{"start":{"line":91,"column":38},"end":{"line":94,"column":null}}}},"branchMap":{"0":{"loc":{"start":{"line":13,"column":20},"end":{"line":13,"column":57}},"type":"cond-expr","locations":[{"start":{"line":13,"column":45},"end":{"line":13,"column":52}},{"start":{"line":13,"column":52},"end":{"line":13,"column":57}}]},"1":{"loc":{"start":{"line":17,"column":4},"end":{"line":17,"column":null}},"type":"if","locations":[{"start":{"line":17,"column":4},"end":{"line":17,"column":null}}]},"2":{"loc":{"start":{"line":17,"column":8},"end":{"line":17,"column":74}},"type":"binary-expr","locations":[{"start":{"line":17,"column":8},"end":{"line":17,"column":20}},{"start":{"line":17,"column":20},"end":{"line":17,"column":42}},{"start":{"line":17,"column":42},"end":{"line":17,"column":74}}]},"3":{"loc":{"start":{"line":27,"column":2},"end":{"line":33,"column":null}},"type":"if","locations":[{"start":{"line":27,"column":2},"end":{"line":33,"column":null}}]},"4":{"loc":{"start":{"line":35,"column":2},"end":{"line":41,"column":null}},"type":"if","locations":[{"start":{"line":35,"column":2},"end":{"line":41,"column":null}}]},"5":{"loc":{"start":{"line":43,"column":2},"end":{"line":49,"column":null}},"type":"if","locations":[{"start":{"line":43,"column":2},"end":{"line":49,"column":null}}]},"6":{"loc":{"start":{"line":43,"column":6},"end":{"line":43,"column":42}},"type":"binary-expr","locations":[{"start":{"line":43,"column":6},"end":{"line":43,"column":19}},{"start":{"line":43,"column":19},"end":{"line":43,"column":42}}]},"7":{"loc":{"start":{"line":57,"column":41},"end":{"line":57,"column":82}},"type":"binary-expr","locations":[{"start":{"line":57,"column":41},"end":{"line":57,"column":67}},{"start":{"line":57,"column":67},"end":{"line":57,"column":82}}]},"8":{"loc":{"start":{"line":72,"column":15},"end":{"line":99,"column":null}},"type":"binary-expr","locations":[{"start":{"line":72,"column":15},"end":{"line":72,"column":null}},{"start":{"line":73,"column":16},"end":{"line":99,"column":null}}]},"9":{"loc":{"start":{"line":77,"column":23},"end":{"line":84,"column":null}},"type":"cond-expr","locations":[{"start":{"line":78,"column":24},"end":{"line":82,"column":null}},{"start":{"line":84,"column":24},"end":{"line":84,"column":null}}]},"10":{"loc":{"start":{"line":77,"column":23},"end":{"line":77,"column":null}},"type":"binary-expr","locations":[{"start":{"line":77,"column":23},"end":{"line":77,"column":44}},{"start":{"line":77,"column":44},"end":{"line":77,"column":null}}]}},"s":{"0":50,"1":50,"2":50,"3":50,"4":10,"5":50,"6":0,"7":0,"8":0,"9":0,"10":50,"11":0,"12":0,"13":50,"14":12,"15":38,"16":10,"17":28,"18":8,"19":20,"20":20,"21":10,"22":12,"23":0,"24":0},"f":{"0":50,"1":10,"2":0,"3":0,"4":20,"5":10,"6":12,"7":0},"b":{"0":[0,10],"1":[0],"2":[0,0,0],"3":[12],"4":[10],"5":[8],"6":[28,28],"7":[20,10],"8":[20,10],"9":[6,4],"10":[10,10]}}
}
