TN:
SF:src\api\client.js
FN:4,(anonymous_0)
FN:8,(anonymous_1)
FN:11,(anonymous_2)
FN:14,(anonymous_3)
FN:17,(anonymous_4)
FN:20,(anonymous_5)
FN:24,(anonymous_6)
FN:43,(anonymous_7)
FN:52,(anonymous_8)
FN:61,(anonymous_9)
FN:66,(anonymous_10)
FN:71,(anonymous_11)
FN:86,(anonymous_12)
FNF:13
FNH:2
FNDA:71,(anonymous_0)
FNDA:71,(anonymous_1)
FNDA:0,(anonymous_2)
FNDA:0,(anonymous_3)
FNDA:0,(anonymous_4)
FNDA:0,(anonymous_5)
FNDA:0,(anonymous_6)
FNDA:0,(anonymous_7)
FNDA:0,(anonymous_8)
FNDA:0,(anonymous_9)
FNDA:0,(anonymous_10)
FNDA:0,(anonymous_11)
FNDA:0,(anonymous_12)
DA:1,71
DA:5,71
DA:9,71
DA:12,0
DA:15,0
DA:18,0
DA:21,0
DA:25,0
DA:26,0
DA:28,0
DA:29,0
DA:32,0
DA:34,0
DA:35,0
DA:37,0
DA:38,0
DA:40,0
DA:44,0
DA:48,0
DA:49,0
DA:53,0
DA:57,0
DA:58,0
DA:62,0
DA:63,0
DA:67,0
DA:68,0
DA:72,0
DA:80,0
DA:87,0
DA:93,71
LF:31
LH:4
BRDA:24,0,0,0
BRDA:28,1,0,0
BRDA:37,2,0,0
BRDA:38,3,0,0
BRDA:38,3,1,0
BRDA:48,4,0,0
BRDA:57,5,0,0
BRDA:61,6,0,0
BRDA:61,7,0,0
BRDA:62,8,0,0
BRDA:62,8,1,0
BRDA:66,9,0,0
BRDA:68,10,0,0
BRDA:68,10,1,0
BRF:14
BRH:0
end_of_record
TN:
SF:src\components\Button\Button.jsx
FN:4,Button
FNF:1
FNH:1
FNDA:880,Button
DA:12,880
LF:1
LH:1
BRDA:7,0,0,48
BRDA:8,1,0,230
BRDA:9,2,0,760
BRDA:10,3,0,218
BRF:4
BRH:4
end_of_record
TN:
SF:src\components\Footer\Footer.jsx
FN:3,Footer
FNF:1
FNH:1
FNDA:12,Footer
DA:4,12
LF:1
LH:1
BRF:0
BRH:0
end_of_record
TN:
SF:src\components\LoginModal\LoginModal.jsx
FN:6,LoginModal
FN:16,(anonymous_1)
FN:36,(anonymous_2)
FN:44,(anonymous_3)
FN:52,(anonymous_4)
FN:62,(anonymous_5)
FNF:6
FNH:5
FNDA:675,LoginModal
FNDA:25,(anonymous_1)
FNDA:75,(anonymous_2)
FNDA:390,(anonymous_3)
FNDA:170,(anonymous_4)
FNDA:0,(anonymous_5)
DA:7,675
DA:8,675
DA:9,675
DA:10,675
DA:11,675
DA:12,675
DA:14,675
DA:16,650
DA:17,25
DA:18,25
DA:19,25
DA:21,25
DA:23,25
DA:25,25
DA:26,15
DA:27,15
DA:28,15
DA:30,10
DA:34,650
DA:36,75
DA:44,390
DA:52,170
DA:62,0
LF:23
LH:22
BRDA:14,0,0,25
BRDA:21,1,0,25
BRDA:21,1,1,0
BRDA:25,2,0,15
BRDA:25,2,1,10
BRDA:37,3,0,650
BRDA:37,3,1,0
BRDA:55,4,0,650
BRDA:55,4,1,10
BRDA:57,5,0,25
BRDA:57,5,1,625
BRDA:57,6,0,625
BRDA:57,6,1,0
BRDA:61,7,0,650
BRDA:61,7,1,0
BRDA:62,8,0,650
BRDA:62,8,1,0
BRF:17
BRH:12
end_of_record
TN:
SF:src\components\TabSwitcher\TabSwticher.jsx
FN:9,TabSwitcher
FN:13,(anonymous_1)
FN:14,(anonymous_2)
FNF:3
FNH:2
FNDA:40,TabSwitcher
FNDA:15,(anonymous_1)
FNDA:0,(anonymous_2)
DA:10,40
DA:11,40
DA:13,40
DA:14,40
DA:16,40
LF:5
LH:5
BRDA:24,0,0,10
BRDA:24,0,1,30
BRF:2
BRH:2
end_of_record
TN:
SF:src\components\UserMenu\UserMenu.jsx
FN:6,UserMenu
FN:14,(anonymous_1)
FN:21,(anonymous_2)
FN:22,(anonymous_3)
FNF:4
FNH:3
FNDA:55,UserMenu
FNDA:10,(anonymous_1)
FNDA:10,(anonymous_2)
FNDA:0,(anonymous_3)
DA:7,55
DA:8,55
DA:10,55
DA:12,40
DA:14,10
DA:21,10
DA:22,0
LF:7
LH:6
BRDA:10,0,0,15
BRDA:18,1,0,40
BRDA:18,1,1,20
BRF:3
BRH:3
end_of_record
TN:
SF:src\components\WorkoutRunnerModal\WorkoutRunnerModal.jsx
FN:5,WorkoutRunnerModal
FN:16,(anonymous_1)
FN:30,(anonymous_2)
FN:37,(anonymous_3)
FN:46,(anonymous_4)
FN:50,(anonymous_5)
FN:51,(anonymous_6)
FN:85,(anonymous_7)
FN:91,(anonymous_8)
FN:95,(anonymous_9)
FN:103,(anonymous_10)
FN:103,(anonymous_11)
FN:105,(anonymous_12)
FN:117,(anonymous_13)
FN:148,(anonymous_14)
FNF:15
FNH:10
FNDA:80,WorkoutRunnerModal
FNDA:40,(anonymous_1)
FNDA:130,(anonymous_2)
FNDA:18,(anonymous_3)
FNDA:70,(anonymous_4)
FNDA:0,(anonymous_5)
FNDA:0,(anonymous_6)
FNDA:40,(anonymous_7)
FNDA:0,(anonymous_8)
FNDA:12,(anonymous_9)
FNDA:0,(anonymous_10)
FNDA:0,(anonymous_11)
FNDA:60,(anonymous_12)
FNDA:18,(anonymous_13)
FNDA:120,(anonymous_14)
DA:6,80
DA:13,80
DA:14,80
DA:16,80
DA:17,40
DA:18,30
DA:19,30
DA:20,30
DA:21,30
DA:30,80
DA:31,130
DA:32,18
DA:33,18
DA:37,80
DA:38,18
DA:39,18
DA:40,0
DA:41,0
DA:43,18
DA:46,80
DA:47,70
DA:48,70
DA:49,60
DA:50,30
DA:51,0
DA:52,0
DA:53,0
DA:56,0
DA:57,0
DA:58,0
DA:59,0
DA:61,0
DA:69,0
DA:70,0
DA:71,0
DA:72,0
DA:82,60
DA:85,80
DA:86,40
DA:87,30
DA:88,0
DA:89,0
DA:91,0
DA:92,0
DA:95,30
DA:96,12
DA:97,0
DA:98,0
DA:103,80
DA:105,80
DA:106,60
DA:107,60
DA:108,60
DA:111,80
DA:113,60
DA:115,60
DA:117,18
DA:149,120
LF:58
LH:38
BRDA:17,0,0,10
BRDA:18,1,0,0
BRDA:18,2,0,30
BRDA:18,2,1,30
BRDA:18,2,2,30
BRDA:20,3,0,30
BRDA:20,3,1,0
BRDA:31,4,0,18
BRDA:39,5,0,0
BRDA:48,6,0,10
BRDA:49,7,0,30
BRDA:52,8,0,0
BRDA:56,9,0,0
BRDA:56,9,1,0
BRDA:57,10,0,0
BRDA:57,10,1,0
BRDA:59,11,0,0
BRDA:59,11,1,0
BRDA:71,12,0,0
BRDA:71,12,1,0
BRDA:86,13,0,10
BRDA:87,14,0,0
BRDA:88,15,0,0
BRDA:96,16,0,0
BRDA:111,17,0,20
BRDA:125,18,0,0
BRDA:125,18,1,60
BRDA:132,19,0,60
BRDA:132,19,1,0
BRDA:134,20,0,60
BRDA:134,20,1,0
BRDA:140,21,0,30
BRDA:140,21,1,30
BRDA:148,22,0,60
BRDA:148,22,1,0
BRDA:151,23,0,60
BRDA:151,23,1,60
BRDA:150,24,0,120
BRDA:150,24,1,0
BRF:39
BRH:19
end_of_record
TN:
SF:src\hooks\useAuth.js
FN:8,(anonymous_0)
FN:9,(anonymous_1)
FN:11,(anonymous_2)
FN:16,(anonymous_3)
FN:31,useAuth
FN:35,(anonymous_5)
FN:36,(anonymous_6)
FN:42,(anonymous_7)
FN:45,(anonymous_8)
FN:55,(anonymous_9)
FN:65,(anonymous_10)
FN:9,(anonymous_0)
FN:10,(anonymous_1)
FN:17,__setAuthMock
FN:47,(anonymous_8)
FN:50,(anonymous_9)
FN:60,(anonymous_10)
FNF:17
FNH:9
FNDA:9,(anonymous_0)
FNDA:49,(anonymous_1)
FNDA:0,(anonymous_2)
FNDA:9,(anonymous_3)
FNDA:0,useAuth
FNDA:0,(anonymous_5)
FNDA:640,(anonymous_6)
FNDA:0,(anonymous_7)
FNDA:640,(anonymous_8)
FNDA:640,(anonymous_9)
FNDA:0,(anonymous_10)
FNDA:49,(anonymous_0)
FNDA:0,(anonymous_1)
FNDA:97,__setAuthMock
FNDA:37,(anonymous_8)
FNDA:0,(anonymous_9)
FNDA:0,(anonymous_10)
DA:4,58
DA:5,58
DA:6,58
DA:8,9
DA:9,49
DA:10,49
DA:11,9
DA:12,0
DA:13,0
DA:14,0
DA:16,9
DA:17,9
DA:18,97
DA:19,0
DA:20,0
DA:22,49
DA:23,58
DA:24,49
DA:25,9
DA:26,58
DA:27,58
DA:28,9
DA:29,0
DA:31,49
DA:32,49
DA:33,49
DA:35,0
DA:36,0
DA:37,640
DA:38,640
DA:41,640
DA:42,97
DA:43,0
DA:45,0
DA:46,97
DA:47,640
DA:48,0
DA:49,0
DA:50,640
DA:51,0
DA:52,0
DA:53,0
DA:55,0
DA:56,0
DA:57,640
DA:58,0
DA:59,0
DA:60,640
DA:61,0
DA:62,0
DA:63,0
DA:65,640
DA:66,0
DA:67,640
DA:70,0
DA:71,0
LF:56
LH:31
BRDA:18,0,0,0
BRDA:23,1,0,0
BRF:2
BRH:0
end_of_record
TN:
SF:src\pages\AboutUs\components\Testimonials\Testimonials.jsx
FN:24,Testimonials
FN:30,(anonymous_1)
FNF:2
FNH:2
FNDA:10,Testimonials
FNDA:30,(anonymous_1)
DA:3,6
DA:25,10
DA:31,30
LF:3
LH:3
BRF:0
BRH:0
end_of_record
TN:
SF:src\pages\AboutUs\components\WhyChooseBlock\WhyChoose.jsx
FN:36,WhyChoose
FN:42,(anonymous_1)
FNF:2
FNH:2
FNDA:10,WhyChoose
FNDA:60,(anonymous_1)
DA:3,6
DA:37,10
DA:43,60
LF:3
LH:3
BRF:0
BRH:0
end_of_record
TN:
SF:src\pages\Stats\components\AnalyticsSection\AnalyticsSection.jsx
FN:4,AnalyticsSection
FN:5,(anonymous_1)
FN:23,(anonymous_2)
FN:26,(anonymous_3)
FN:29,(anonymous_4)
FN:36,(anonymous_5)
FN:38,(anonymous_6)
FN:44,(anonymous_7)
FN:157,(anonymous_8)
FNF:9
FNH:9
FNDA:18,AnalyticsSection
FNDA:18,(anonymous_1)
FNDA:112,(anonymous_2)
FNDA:112,(anonymous_3)
FNDA:112,(anonymous_4)
FNDA:112,(anonymous_5)
FNDA:112,(anonymous_6)
FNDA:6,(anonymous_7)
FNDA:54,(anonymous_8)
DA:5,18
DA:6,18
DA:7,8
DA:21,10
DA:23,112
DA:25,10
DA:26,112
DA:29,10
DA:30,112
DA:31,112
DA:32,112
DA:34,10
DA:36,112
DA:38,10
DA:39,112
DA:40,112
DA:43,10
DA:44,6
DA:47,10
DA:61,18
DA:82,18
DA:158,54
LF:22
LH:22
BRDA:6,0,0,8
BRDA:6,1,0,18
BRDA:6,1,1,18
BRDA:23,2,0,112
BRDA:23,2,1,112
BRDA:25,3,0,10
BRDA:25,3,1,0
BRDA:31,4,0,112
BRDA:31,4,1,10
BRDA:39,5,0,112
BRDA:39,5,1,16
BRDA:43,6,0,10
BRDA:43,6,1,0
BRDA:55,7,0,10
BRDA:55,7,1,10
BRDA:86,8,0,8
BRDA:86,8,1,10
BRDA:100,9,0,4
BRDA:100,9,1,6
BRDA:107,10,0,10
BRDA:107,10,1,0
BRDA:116,11,0,10
BRDA:116,11,1,0
BRDA:132,12,0,4
BRDA:132,12,1,6
BRDA:160,13,0,18
BRDA:160,13,1,36
BRF:27
BRH:23
end_of_record
TN:
SF:src\pages\Stats\components\Table\Table.jsx
FN:6,StatsTable
FN:18,(anonymous_1)
FN:20,(anonymous_2)
FN:23,(anonymous_3)
FN:42,(anonymous_4)
FN:154,(anonymous_5)
FN:163,(anonymous_6)
FNF:7
FNH:5
FNDA:48,StatsTable
FNDA:24,(anonymous_1)
FNDA:24,(anonymous_2)
FNDA:6,(anonymous_3)
FNDA:0,(anonymous_4)
FNDA:4,(anonymous_5)
FNDA:0,(anonymous_6)
DA:7,48
DA:8,48
DA:10,48
DA:18,48
DA:19,24
DA:20,24
DA:23,48
DA:24,6
DA:26,6
DA:34,6
DA:35,6
DA:36,6
DA:38,0
DA:42,48
DA:43,0
DA:44,0
DA:45,0
DA:49,48
DA:50,8
DA:60,40
DA:155,4
DA:163,0
LF:22
LH:17
BRDA:24,0,0,0
BRDA:24,1,0,6
BRDA:24,1,1,6
BRDA:24,1,2,6
BRDA:31,2,0,6
BRDA:31,2,1,6
BRDA:35,3,0,6
BRDA:35,3,1,0
BRDA:44,4,0,0
BRDA:49,5,0,8
BRDA:135,6,0,0
BRDA:135,6,1,40
BRDA:141,7,0,0
BRDA:141,7,1,40
BRDA:147,8,0,36
BRDA:147,8,1,4
BRDA:159,9,0,4
BRDA:159,9,1,0
BRDA:160,10,0,4
BRDA:160,10,1,0
BRF:20
BRH:13
end_of_record
TN:
SF:src\pages\Workouts\components\SearchSection\SearchSection.jsx
FN:4,SearchSection
FN:12,(anonymous_1)
FN:16,(anonymous_2)
FN:28,(anonymous_3)
FNF:4
FNH:4
FNDA:7,SearchSection
FNDA:42,(anonymous_1)
FNDA:5,(anonymous_2)
FNDA:8,(anonymous_3)
DA:5,7
DA:7,7
DA:13,42
DA:16,5
DA:28,8
LF:5
LH:5
BRDA:15,0,0,42
BRDA:15,0,1,7
BRF:2
BRH:2
end_of_record
TN:
SF:src\pages\Workouts\components\TrainingsSection\TrainingSection.jsx
FN:7,TrainingSection
FN:12,(anonymous_1)
FN:16,(anonymous_2)
FN:22,(anonymous_3)
FN:54,(anonymous_4)
FN:58,(anonymous_5)
FN:78,(anonymous_6)
FN:91,(anonymous_7)
FNF:8
FNH:5
FNDA:50,TrainingSection
FNDA:10,(anonymous_1)
FNDA:0,(anonymous_2)
FNDA:0,(anonymous_3)
FNDA:20,(anonymous_4)
FNDA:10,(anonymous_5)
FNDA:12,(anonymous_6)
FNDA:0,(anonymous_7)
DA:8,50
DA:9,50
DA:10,50
DA:12,50
DA:13,10
DA:16,50
DA:17,0
DA:18,0
DA:19,0
DA:22,50
DA:23,0
DA:24,0
DA:27,50
DA:28,12
DA:35,38
DA:36,10
DA:43,28
DA:44,8
DA:51,20
DA:55,20
DA:58,10
DA:79,12
DA:92,0
DA:93,0
LF:24
LH:17
BRDA:13,0,0,0
BRDA:13,0,1,10
BRDA:17,1,0,0
BRDA:17,2,0,0
BRDA:17,2,1,0
BRDA:17,2,2,0
BRDA:27,3,0,12
BRDA:35,4,0,10
BRDA:43,5,0,8
BRDA:43,6,0,28
BRDA:43,6,1,28
BRDA:57,7,0,20
BRDA:57,7,1,10
BRDA:72,8,0,20
BRDA:72,8,1,10
BRDA:77,9,0,6
BRDA:77,9,1,4
BRDA:77,10,0,10
BRDA:77,10,1,10
BRF:19
BRH:14
end_of_record
